<?xml version="1.0" encoding="UTF-8"?>
<robot generator="Robot 3.0.4 (Python 3.7.2 on darwin)" generated="20190301 18:21:59.476">
<suite id="s1" name="Rf" source="/root/mygithub/rf">
<suite id="s1-s1" name="Compass" source="/root/mygithub/rf/compass">
<suite id="s1-s1-s1" name="Devops" source="/root/mygithub/rf/compass/devops">
<suite id="s1-s1-s1-s1" name="testCase" source="/root/mygithub/rf/compass/devops/testCase">
<suite id="s1-s1-s1-s1-s1" name="API" source="/root/mygithub/rf/compass/devops/testCase/API">
<suite id="s1-s1-s1-s1-s1-s1" name="devopsAPI" source="/root/mygithub/rf/compass/devops/testCase/API/devopsAPI.txt">
<test id="s1-s1-s1-s1-s1-s1-t1" name="devops_持续交付_gitlab_golang流水线">
<kw name="Log" library="BuiltIn">
<doc>Logs the given message with the given level.</doc>
<arguments>
<arg>环境初始化</arg>
</arguments>
<msg timestamp="20190301 18:22:00.010" level="INFO">环境初始化</msg>
<status status="PASS" starttime="20190301 18:22:00.010" endtime="20190301 18:22:00.011"></status>
</kw>
<kw name="devops_判断是否已存在workspace" library="devopsAPI业务关键词">
<arguments>
<arg>${workspaceName_gitlab}</arg>
</arguments>
<assign>
<var>${result}</var>
</assign>
<kw name="Set Variable" library="BuiltIn">
<doc>Returns the given values which can then be assigned to a variables.</doc>
<arguments>
<arg>${0}</arg>
</arguments>
<assign>
<var>${result}</var>
</assign>
<msg timestamp="20190301 18:22:00.013" level="INFO">${result} = 0</msg>
<status status="PASS" starttime="20190301 18:22:00.012" endtime="20190301 18:22:00.013"></status>
</kw>
<kw name="devops_获取workspace" library="devopsAPI业务关键词">
<assign>
<var>${content}</var>
</assign>
<kw name="Create Dictionary" library="BuiltIn">
<doc>Creates and returns a dictionary based on the given ``items``.</doc>
<arguments>
<arg>Content-Type=application/json</arg>
<arg>Authorization=Basic YWRtaW46UHdkMTIzNDU2</arg>
<arg>X-Tenant=${namespace}</arg>
</arguments>
<assign>
<var>${header}</var>
</assign>
<msg timestamp="20190301 18:22:00.015" level="INFO">${header} = {'Content-Type': 'application/json', 'Authorization': 'Basic YWRtaW46UHdkMTIzNDU2', 'X-Tenant': 'devops'}</msg>
<status status="PASS" starttime="20190301 18:22:00.014" endtime="20190301 18:22:00.015"></status>
</kw>
<kw name="Create Session" library="RequestsLibrary">
<doc>Create Session: create a HTTP session to a server</doc>
<arguments>
<arg>compass</arg>
<arg>http://${compass_ip}:${api_port}/apis/admin.devops.caicloud.io</arg>
<arg>${header}</arg>
</arguments>
<msg timestamp="20190301 18:22:00.016" level="INFO">Creating Session using : alias=compass, url=http://192.168.129.130:6002/apis/admin.devops.caicloud.io, headers={'Content-Type': 'application/json', 'Authorization': 'Basic YWRtaW46UHdkMTIzNDU2', 'X-Tenant': 'devops'},                     cookies=None, auth=None, timeout=None, proxies=None, verify=False,                     debug=0 </msg>
<status status="PASS" starttime="20190301 18:22:00.015" endtime="20190301 18:22:00.016"></status>
</kw>
<kw name="Get Request" library="RequestsLibrary">
<doc>Send a GET request on the session object found using the</doc>
<arguments>
<arg>compass</arg>
<arg>${url}</arg>
<arg>headers=${header}</arg>
</arguments>
<assign>
<var>${resp}</var>
</assign>
<msg timestamp="20190301 18:22:15.171" level="INFO">Get Request using : alias=compass, uri=/v1/workspaces, headers={'Content-Type': 'application/json', 'Authorization': 'Basic YWRtaW46UHdkMTIzNDU2', 'X-Tenant': 'devops'} json=None</msg>
<msg timestamp="20190301 18:22:15.171" level="INFO">${resp} = &lt;Response [500]&gt;</msg>
<status status="PASS" starttime="20190301 18:22:00.017" endtime="20190301 18:22:15.172"></status>
</kw>
<kw name="Should Be Equal As Strings" library="BuiltIn">
<doc>Fails if objects are unequal after converting them to strings.</doc>
<arguments>
<arg>${resp.status_code}</arg>
<arg>200</arg>
</arguments>
<msg timestamp="20190301 18:22:15.174" level="INFO">Argument types are:
&lt;class 'int'&gt;
&lt;type 'unicode'&gt;</msg>
<msg timestamp="20190301 18:22:15.175" level="FAIL">500 != 200</msg>
<status status="FAIL" starttime="20190301 18:22:15.172" endtime="20190301 18:22:15.175"></status>
</kw>
<status status="FAIL" starttime="20190301 18:22:00.013" endtime="20190301 18:22:15.176"></status>
</kw>
<status status="FAIL" starttime="20190301 18:22:00.011" endtime="20190301 18:22:15.176"></status>
</kw>
<status status="FAIL" starttime="20190301 18:22:00.008" endtime="20190301 18:22:15.177" critical="yes">500 != 200</status>
</test>
<test id="s1-s1-s1-s1-s1-s1-t2" name="devops_持续交付_github_maven流水线_加速">
<kw name="Log" library="BuiltIn">
<doc>Logs the given message with the given level.</doc>
<arguments>
<arg>环境初始化</arg>
</arguments>
<msg timestamp="20190301 18:22:15.181" level="INFO">环境初始化</msg>
<status status="PASS" starttime="20190301 18:22:15.181" endtime="20190301 18:22:15.182"></status>
</kw>
<kw name="devops_判断是否已存在workspace" library="devopsAPI业务关键词">
<arguments>
<arg>${workspaceName_github}</arg>
</arguments>
<assign>
<var>${result}</var>
</assign>
<kw name="Set Variable" library="BuiltIn">
<doc>Returns the given values which can then be assigned to a variables.</doc>
<arguments>
<arg>${0}</arg>
</arguments>
<assign>
<var>${result}</var>
</assign>
<msg timestamp="20190301 18:22:15.184" level="INFO">${result} = 0</msg>
<status status="PASS" starttime="20190301 18:22:15.183" endtime="20190301 18:22:15.184"></status>
</kw>
<kw name="devops_获取workspace" library="devopsAPI业务关键词">
<assign>
<var>${content}</var>
</assign>
<kw name="Create Dictionary" library="BuiltIn">
<doc>Creates and returns a dictionary based on the given ``items``.</doc>
<arguments>
<arg>Content-Type=application/json</arg>
<arg>Authorization=Basic YWRtaW46UHdkMTIzNDU2</arg>
<arg>X-Tenant=${namespace}</arg>
</arguments>
<assign>
<var>${header}</var>
</assign>
<msg timestamp="20190301 18:22:15.186" level="INFO">${header} = {'Content-Type': 'application/json', 'Authorization': 'Basic YWRtaW46UHdkMTIzNDU2', 'X-Tenant': 'devops'}</msg>
<status status="PASS" starttime="20190301 18:22:15.185" endtime="20190301 18:22:15.187"></status>
</kw>
<kw name="Create Session" library="RequestsLibrary">
<doc>Create Session: create a HTTP session to a server</doc>
<arguments>
<arg>compass</arg>
<arg>http://${compass_ip}:${api_port}/apis/admin.devops.caicloud.io</arg>
<arg>${header}</arg>
</arguments>
<msg timestamp="20190301 18:22:15.189" level="INFO">Creating Session using : alias=compass, url=http://192.168.129.130:6002/apis/admin.devops.caicloud.io, headers={'Content-Type': 'application/json', 'Authorization': 'Basic YWRtaW46UHdkMTIzNDU2', 'X-Tenant': 'devops'},                     cookies=None, auth=None, timeout=None, proxies=None, verify=False,                     debug=0 </msg>
<status status="PASS" starttime="20190301 18:22:15.188" endtime="20190301 18:22:15.190"></status>
</kw>
<kw name="Get Request" library="RequestsLibrary">
<doc>Send a GET request on the session object found using the</doc>
<arguments>
<arg>compass</arg>
<arg>${url}</arg>
<arg>headers=${header}</arg>
</arguments>
<assign>
<var>${resp}</var>
</assign>
<msg timestamp="20190301 18:22:30.324" level="INFO">Get Request using : alias=compass, uri=/v1/workspaces, headers={'Content-Type': 'application/json', 'Authorization': 'Basic YWRtaW46UHdkMTIzNDU2', 'X-Tenant': 'devops'} json=None</msg>
<msg timestamp="20190301 18:22:30.325" level="INFO">${resp} = &lt;Response [500]&gt;</msg>
<status status="PASS" starttime="20190301 18:22:15.190" endtime="20190301 18:22:30.325"></status>
</kw>
<kw name="Should Be Equal As Strings" library="BuiltIn">
<doc>Fails if objects are unequal after converting them to strings.</doc>
<arguments>
<arg>${resp.status_code}</arg>
<arg>200</arg>
</arguments>
<msg timestamp="20190301 18:22:30.326" level="INFO">Argument types are:
&lt;class 'int'&gt;
&lt;type 'unicode'&gt;</msg>
<msg timestamp="20190301 18:22:30.327" level="FAIL">500 != 200</msg>
<status status="FAIL" starttime="20190301 18:22:30.325" endtime="20190301 18:22:30.327"></status>
</kw>
<status status="FAIL" starttime="20190301 18:22:15.184" endtime="20190301 18:22:30.327"></status>
</kw>
<status status="FAIL" starttime="20190301 18:22:15.182" endtime="20190301 18:22:30.328"></status>
</kw>
<status status="FAIL" starttime="20190301 18:22:15.178" endtime="20190301 18:22:30.328" critical="yes">500 != 200</status>
</test>
<test id="s1-s1-s1-s1-s1-s1-t3" name="devops_持续交付_svn_golang流水线">
<kw name="Log" library="BuiltIn">
<doc>Logs the given message with the given level.</doc>
<arguments>
<arg>环境初始化</arg>
</arguments>
<msg timestamp="20190301 18:22:30.331" level="INFO">环境初始化</msg>
<status status="PASS" starttime="20190301 18:22:30.331" endtime="20190301 18:22:30.331"></status>
</kw>
<kw name="devops_判断是否已存在workspace" library="devopsAPI业务关键词">
<arguments>
<arg>${workspaceName_svn}</arg>
</arguments>
<assign>
<var>${result}</var>
</assign>
<kw name="Set Variable" library="BuiltIn">
<doc>Returns the given values which can then be assigned to a variables.</doc>
<arguments>
<arg>${0}</arg>
</arguments>
<assign>
<var>${result}</var>
</assign>
<msg timestamp="20190301 18:22:30.333" level="INFO">${result} = 0</msg>
<status status="PASS" starttime="20190301 18:22:30.332" endtime="20190301 18:22:30.333"></status>
</kw>
<kw name="devops_获取workspace" library="devopsAPI业务关键词">
<assign>
<var>${content}</var>
</assign>
<kw name="Create Dictionary" library="BuiltIn">
<doc>Creates and returns a dictionary based on the given ``items``.</doc>
<arguments>
<arg>Content-Type=application/json</arg>
<arg>Authorization=Basic YWRtaW46UHdkMTIzNDU2</arg>
<arg>X-Tenant=${namespace}</arg>
</arguments>
<assign>
<var>${header}</var>
</assign>
<msg timestamp="20190301 18:22:30.335" level="INFO">${header} = {'Content-Type': 'application/json', 'Authorization': 'Basic YWRtaW46UHdkMTIzNDU2', 'X-Tenant': 'devops'}</msg>
<status status="PASS" starttime="20190301 18:22:30.334" endtime="20190301 18:22:30.335"></status>
</kw>
<kw name="Create Session" library="RequestsLibrary">
<doc>Create Session: create a HTTP session to a server</doc>
<arguments>
<arg>compass</arg>
<arg>http://${compass_ip}:${api_port}/apis/admin.devops.caicloud.io</arg>
<arg>${header}</arg>
</arguments>
<msg timestamp="20190301 18:22:30.336" level="INFO">Creating Session using : alias=compass, url=http://192.168.129.130:6002/apis/admin.devops.caicloud.io, headers={'Content-Type': 'application/json', 'Authorization': 'Basic YWRtaW46UHdkMTIzNDU2', 'X-Tenant': 'devops'},                     cookies=None, auth=None, timeout=None, proxies=None, verify=False,                     debug=0 </msg>
<status status="PASS" starttime="20190301 18:22:30.336" endtime="20190301 18:22:30.337"></status>
</kw>
<kw name="Get Request" library="RequestsLibrary">
<doc>Send a GET request on the session object found using the</doc>
<arguments>
<arg>compass</arg>
<arg>${url}</arg>
<arg>headers=${header}</arg>
</arguments>
<assign>
<var>${resp}</var>
</assign>
<msg timestamp="20190301 18:22:45.491" level="INFO">Get Request using : alias=compass, uri=/v1/workspaces, headers={'Content-Type': 'application/json', 'Authorization': 'Basic YWRtaW46UHdkMTIzNDU2', 'X-Tenant': 'devops'} json=None</msg>
<msg timestamp="20190301 18:22:45.491" level="INFO">${resp} = &lt;Response [500]&gt;</msg>
<status status="PASS" starttime="20190301 18:22:30.338" endtime="20190301 18:22:45.491"></status>
</kw>
<kw name="Should Be Equal As Strings" library="BuiltIn">
<doc>Fails if objects are unequal after converting them to strings.</doc>
<arguments>
<arg>${resp.status_code}</arg>
<arg>200</arg>
</arguments>
<msg timestamp="20190301 18:22:45.493" level="INFO">Argument types are:
&lt;class 'int'&gt;
&lt;type 'unicode'&gt;</msg>
<msg timestamp="20190301 18:22:45.494" level="FAIL">500 != 200</msg>
<status status="FAIL" starttime="20190301 18:22:45.492" endtime="20190301 18:22:45.494"></status>
</kw>
<status status="FAIL" starttime="20190301 18:22:30.334" endtime="20190301 18:22:45.494"></status>
</kw>
<status status="FAIL" starttime="20190301 18:22:30.332" endtime="20190301 18:22:45.495"></status>
</kw>
<status status="FAIL" starttime="20190301 18:22:30.329" endtime="20190301 18:22:45.495" critical="yes">500 != 200</status>
</test>
<test id="s1-s1-s1-s1-s1-s1-t4" name="devops_持续交付_gitlab_golang流水线tag触发">
<kw name="Log" library="BuiltIn">
<doc>Logs the given message with the given level.</doc>
<arguments>
<arg>环境初始化</arg>
</arguments>
<msg timestamp="20190301 18:22:45.498" level="INFO">环境初始化</msg>
<status status="PASS" starttime="20190301 18:22:45.498" endtime="20190301 18:22:45.499"></status>
</kw>
<kw name="devops_判断是否已存在workspace" library="devopsAPI业务关键词">
<arguments>
<arg>${workspaceName_gitlab}</arg>
</arguments>
<assign>
<var>${result}</var>
</assign>
<kw name="Set Variable" library="BuiltIn">
<doc>Returns the given values which can then be assigned to a variables.</doc>
<arguments>
<arg>${0}</arg>
</arguments>
<assign>
<var>${result}</var>
</assign>
<msg timestamp="20190301 18:22:45.500" level="INFO">${result} = 0</msg>
<status status="PASS" starttime="20190301 18:22:45.500" endtime="20190301 18:22:45.500"></status>
</kw>
<kw name="devops_获取workspace" library="devopsAPI业务关键词">
<assign>
<var>${content}</var>
</assign>
<kw name="Create Dictionary" library="BuiltIn">
<doc>Creates and returns a dictionary based on the given ``items``.</doc>
<arguments>
<arg>Content-Type=application/json</arg>
<arg>Authorization=Basic YWRtaW46UHdkMTIzNDU2</arg>
<arg>X-Tenant=${namespace}</arg>
</arguments>
<assign>
<var>${header}</var>
</assign>
<msg timestamp="20190301 18:22:45.503" level="INFO">${header} = {'Content-Type': 'application/json', 'Authorization': 'Basic YWRtaW46UHdkMTIzNDU2', 'X-Tenant': 'devops'}</msg>
<status status="PASS" starttime="20190301 18:22:45.502" endtime="20190301 18:22:45.503"></status>
</kw>
<kw name="Create Session" library="RequestsLibrary">
<doc>Create Session: create a HTTP session to a server</doc>
<arguments>
<arg>compass</arg>
<arg>http://${compass_ip}:${api_port}/apis/admin.devops.caicloud.io</arg>
<arg>${header}</arg>
</arguments>
<msg timestamp="20190301 18:22:45.505" level="INFO">Creating Session using : alias=compass, url=http://192.168.129.130:6002/apis/admin.devops.caicloud.io, headers={'Content-Type': 'application/json', 'Authorization': 'Basic YWRtaW46UHdkMTIzNDU2', 'X-Tenant': 'devops'},                     cookies=None, auth=None, timeout=None, proxies=None, verify=False,                     debug=0 </msg>
<status status="PASS" starttime="20190301 18:22:45.504" endtime="20190301 18:22:45.506"></status>
</kw>
<kw name="Get Request" library="RequestsLibrary">
<doc>Send a GET request on the session object found using the</doc>
<arguments>
<arg>compass</arg>
<arg>${url}</arg>
<arg>headers=${header}</arg>
</arguments>
<assign>
<var>${resp}</var>
</assign>
<msg timestamp="20190301 18:23:00.723" level="INFO">Get Request using : alias=compass, uri=/v1/workspaces, headers={'Content-Type': 'application/json', 'Authorization': 'Basic YWRtaW46UHdkMTIzNDU2', 'X-Tenant': 'devops'} json=None</msg>
<msg timestamp="20190301 18:23:00.725" level="INFO">${resp} = &lt;Response [500]&gt;</msg>
<status status="PASS" starttime="20190301 18:22:45.507" endtime="20190301 18:23:00.726"></status>
</kw>
<kw name="Should Be Equal As Strings" library="BuiltIn">
<doc>Fails if objects are unequal after converting them to strings.</doc>
<arguments>
<arg>${resp.status_code}</arg>
<arg>200</arg>
</arguments>
<msg timestamp="20190301 18:23:00.729" level="INFO">Argument types are:
&lt;class 'int'&gt;
&lt;type 'unicode'&gt;</msg>
<msg timestamp="20190301 18:23:00.729" level="FAIL">500 != 200</msg>
<status status="FAIL" starttime="20190301 18:23:00.727" endtime="20190301 18:23:00.729"></status>
</kw>
<status status="FAIL" starttime="20190301 18:22:45.501" endtime="20190301 18:23:00.730"></status>
</kw>
<status status="FAIL" starttime="20190301 18:22:45.499" endtime="20190301 18:23:00.731"></status>
</kw>
<status status="FAIL" starttime="20190301 18:22:45.496" endtime="20190301 18:23:00.732" critical="yes">500 != 200</status>
</test>
<status status="FAIL" starttime="20190301 18:21:59.651" endtime="20190301 18:23:00.734"></status>
</suite>
<status status="FAIL" starttime="20190301 18:21:59.648" endtime="20190301 18:23:00.741"></status>
</suite>
<status status="FAIL" starttime="20190301 18:21:59.645" endtime="20190301 18:23:00.746"></status>
</suite>
<status status="FAIL" starttime="20190301 18:21:59.639" endtime="20190301 18:23:00.751"></status>
</suite>
<status status="FAIL" starttime="20190301 18:21:59.635" endtime="20190301 18:23:00.756"></status>
</suite>
<status status="FAIL" starttime="20190301 18:21:59.599" endtime="20190301 18:23:00.760"></status>
</suite>
<statistics>
<total>
<stat pass="0" fail="4">Critical Tests</stat>
<stat pass="0" fail="4">All Tests</stat>
</total>
<tag>
</tag>
<suite>
<stat pass="0" fail="4" id="s1" name="Rf">Rf</stat>
<stat pass="0" fail="4" id="s1-s1" name="Compass">Rf.Compass</stat>
<stat pass="0" fail="4" id="s1-s1-s1" name="Devops">Rf.Compass.Devops</stat>
<stat pass="0" fail="4" id="s1-s1-s1-s1" name="testCase">Rf.Compass.Devops.testCase</stat>
<stat pass="0" fail="4" id="s1-s1-s1-s1-s1" name="API">Rf.Compass.Devops.testCase.API</stat>
<stat pass="0" fail="4" id="s1-s1-s1-s1-s1-s1" name="devopsAPI">Rf.Compass.Devops.testCase.API.devopsAPI</stat>
</suite>
</statistics>
<errors>
</errors>
</robot>
