<?xml version="1.0" encoding="UTF-8"?>
<robot generator="Robot 3.0.4 (Python 3.7.2 on darwin)" generated="20190220 17:55:54.172">
<suite id="s1" name="Devops" source="/root/mygithub/quality/automation/rf/compass/devops">
<suite id="s1-s1" name="测试用例" source="/root/mygithub/quality/automation/rf/compass/devops/测试用例">
<suite id="s1-s1-s1" name="API" source="/root/mygithub/quality/automation/rf/compass/devops/测试用例/API">
<suite id="s1-s1-s1-s1" name="devopsAPI" source="/root/mygithub/quality/automation/rf/compass/devops/测试用例/API/devopsAPI.txt">
<test id="s1-s1-s1-s1-t1" name="devops_持续交付_gitlab_golang流水线">
<kw name="Log" library="BuiltIn">
<doc>Logs the given message with the given level.</doc>
<arguments>
<arg>环境初始化</arg>
</arguments>
<msg timestamp="20190220 17:55:54.982" level="INFO">环境初始化</msg>
<status status="PASS" starttime="20190220 17:55:54.980" endtime="20190220 17:55:54.982"></status>
</kw>
<kw name="devops_判断是否已存在workspace" library="devopsAPI业务关键词">
<arguments>
<arg>${workspaceName_gitlab}</arg>
</arguments>
<assign>
<var>${result}</var>
</assign>
<kw name="Set Variable" library="BuiltIn">
<doc>Returns the given values which can then be assigned to a variables.</doc>
<arguments>
<arg>${0}</arg>
</arguments>
<assign>
<var>${result}</var>
</assign>
<msg timestamp="20190220 17:55:54.986" level="INFO">${result} = 0</msg>
<status status="PASS" starttime="20190220 17:55:54.985" endtime="20190220 17:55:54.986"></status>
</kw>
<kw name="devops_获取workspace" library="devopsAPI业务关键词">
<assign>
<var>${content}</var>
</assign>
<kw name="Create Dictionary" library="BuiltIn">
<doc>Creates and returns a dictionary based on the given ``items``.</doc>
<arguments>
<arg>Content-Type=application/json</arg>
<arg>Authorization=Basic YWRtaW46UHdkMTIzNDU2</arg>
<arg>X-Tenant=${namespace}</arg>
</arguments>
<assign>
<var>${header}</var>
</assign>
<msg timestamp="20190220 17:55:54.990" level="INFO">${header} = {'Content-Type': 'application/json', 'Authorization': 'Basic YWRtaW46UHdkMTIzNDU2', 'X-Tenant': 'devops'}</msg>
<status status="PASS" starttime="20190220 17:55:54.988" endtime="20190220 17:55:54.990"></status>
</kw>
<kw name="Create Session" library="RequestsLibrary">
<doc>Create Session: create a HTTP session to a server</doc>
<arguments>
<arg>compass</arg>
<arg>http://${compass_ip}:${api_port}/apis/admin.devops.caicloud.io</arg>
<arg>${header}</arg>
</arguments>
<msg timestamp="20190220 17:55:54.992" level="INFO">Creating Session using : alias=compass, url=http://192.168.129.130:6002/apis/admin.devops.caicloud.io, headers={'Content-Type': 'application/json', 'Authorization': 'Basic YWRtaW46UHdkMTIzNDU2', 'X-Tenant': 'devops'},                     cookies=None, auth=None, timeout=None, proxies=None, verify=False,                     debug=0 </msg>
<status status="PASS" starttime="20190220 17:55:54.991" endtime="20190220 17:55:54.993"></status>
</kw>
<kw name="Get Request" library="RequestsLibrary">
<doc>Send a GET request on the session object found using the</doc>
<arguments>
<arg>compass</arg>
<arg>${url}</arg>
<arg>headers=${header}</arg>
</arguments>
<assign>
<var>${resp}</var>
</assign>
<msg timestamp="20190220 17:55:55.310" level="INFO">Get Request using : alias=compass, uri=/v1/workspaces, headers={'Content-Type': 'application/json', 'Authorization': 'Basic YWRtaW46UHdkMTIzNDU2', 'X-Tenant': 'devops'} json=None</msg>
<msg timestamp="20190220 17:55:55.310" level="INFO">${resp} = &lt;Response [200]&gt;</msg>
<status status="PASS" starttime="20190220 17:55:54.994" endtime="20190220 17:55:55.310"></status>
</kw>
<kw name="Should Be Equal As Strings" library="BuiltIn">
<doc>Fails if objects are unequal after converting them to strings.</doc>
<arguments>
<arg>${resp.status_code}</arg>
<arg>200</arg>
</arguments>
<msg timestamp="20190220 17:55:55.312" level="INFO">Argument types are:
&lt;class 'int'&gt;
&lt;type 'unicode'&gt;</msg>
<status status="PASS" starttime="20190220 17:55:55.311" endtime="20190220 17:55:55.313"></status>
</kw>
<kw name="Set Variable" library="BuiltIn">
<doc>Returns the given values which can then be assigned to a variables.</doc>
<arguments>
<arg>${resp.json()}</arg>
</arguments>
<assign>
<var>${content}</var>
</assign>
<msg timestamp="20190220 17:55:55.315" level="INFO">${content} = {'metadata': {'total': 0}, 'items': []}</msg>
<status status="PASS" starttime="20190220 17:55:55.313" endtime="20190220 17:55:55.315"></status>
</kw>
<kw name="Log" library="BuiltIn">
<doc>Logs the given message with the given level.</doc>
<arguments>
<arg>${content}</arg>
</arguments>
<msg timestamp="20190220 17:55:55.316" level="INFO">{'metadata': {'total': 0}, 'items': []}</msg>
<status status="PASS" starttime="20190220 17:55:55.316" endtime="20190220 17:55:55.317"></status>
</kw>
<msg timestamp="20190220 17:55:55.317" level="INFO">${content} = {'metadata': {'total': 0}, 'items': []}</msg>
<status status="PASS" starttime="20190220 17:55:54.987" endtime="20190220 17:55:55.317"></status>
</kw>
<kw name="Set Variable" library="BuiltIn">
<doc>Returns the given values which can then be assigned to a variables.</doc>
<arguments>
<arg>${content['metadata']['total']}</arg>
</arguments>
<assign>
<var>${number}</var>
</assign>
<msg timestamp="20190220 17:55:55.319" level="INFO">${number} = 0</msg>
<status status="PASS" starttime="20190220 17:55:55.318" endtime="20190220 17:55:55.319"></status>
</kw>
<kw name="${i} IN RANGE [ ${number} ]" type="for">
<status status="PASS" starttime="20190220 17:55:55.320" endtime="20190220 17:55:55.320"></status>
</kw>
<msg timestamp="20190220 17:55:55.321" level="INFO">${result} = 0</msg>
<status status="PASS" starttime="20190220 17:55:54.983" endtime="20190220 17:55:55.321"></status>
</kw>
<kw name="Run Keyword If" library="BuiltIn">
<doc>Runs the given keyword with the given arguments, if ``condition`` is true.</doc>
<arguments>
<arg>${result}==${1}</arg>
<arg>devops_删除workspace</arg>
<arg>gitlab</arg>
<arg>${workspaceName_gitlab}</arg>
</arguments>
<status status="PASS" starttime="20190220 17:55:55.322" endtime="20190220 17:55:55.323"></status>
</kw>
<kw name="Log" library="BuiltIn">
<doc>Logs the given message with the given level.</doc>
<arguments>
<arg>devops_创建workspace</arg>
</arguments>
<msg timestamp="20190220 17:55:55.325" level="INFO">devops_创建workspace</msg>
<status status="PASS" starttime="20190220 17:55:55.324" endtime="20190220 17:55:55.325"></status>
</kw>
<kw name="devops_创建workspace" library="devopsAPI业务关键词">
<arguments>
<arg>gitlab</arg>
</arguments>
<kw name="github流水线获取token" library="devopsAPI基础关键词">
<assign>
<var>${githubjson_token}</var>
</assign>
<kw name="Evaluate" library="BuiltIn">
<doc>Evaluates the given expression in Python and returns the results.</doc>
<arguments>
<arg>base64.b64decode('${github_token}')</arg>
<arg>modules=base64</arg>
</arguments>
<assign>
<var>${kk}</var>
</assign>
<msg timestamp="20190220 17:55:55.328" level="INFO">${kk} = 7607cc6672d77fca99014ef987d0ab0e4564b40b</msg>
<status status="PASS" starttime="20190220 17:55:55.327" endtime="20190220 17:55:55.329"></status>
</kw>
<kw name="Decode Bytes To String" library="String">
<doc>Decodes the given ``bytes`` to a Unicode string using the given ``encoding``.</doc>
<arguments>
<arg>${kk}</arg>
<arg>UTF-8</arg>
</arguments>
<assign>
<var>${kkstr}</var>
</assign>
<msg timestamp="20190220 17:55:55.330" level="INFO">${kkstr} = 7607cc6672d77fca99014ef987d0ab0e4564b40b</msg>
<status status="PASS" starttime="20190220 17:55:55.329" endtime="20190220 17:55:55.330"></status>
</kw>
<kw name="Log" library="BuiltIn">
<doc>Logs the given message with the given level.</doc>
<arguments>
<arg>${kk}</arg>
</arguments>
<msg timestamp="20190220 17:55:55.332" level="INFO">7607cc6672d77fca99014ef987d0ab0e4564b40b</msg>
<status status="PASS" starttime="20190220 17:55:55.331" endtime="20190220 17:55:55.332"></status>
</kw>
<kw name="Evaluate" library="BuiltIn">
<doc>Evaluates the given expression in Python and returns the results.</doc>
<arguments>
<arg>${workspaceJSON_github}</arg>
</arguments>
<assign>
<var>${github_decode_token}</var>
</assign>
<msg timestamp="20190220 17:55:55.334" level="INFO">${github_decode_token} = {'scm': {'type': 'Github', 'authType': 'Token', 'username': ' ', 'server': 'https://github.com', 'token': 'NzYwN2NjNjY3MmQ3N2ZjYTk5MDE0ZWY5ODdkMGFiMGU0NTY0YjQwYg=='}, 'cargo': {'projectType': 'default...</msg>
<status status="PASS" starttime="20190220 17:55:55.333" endtime="20190220 17:55:55.334"></status>
</kw>
<kw name="Set To Dictionary" library="Collections">
<doc>Adds the given ``key_value_pairs`` and ``items`` to the ``dictionary``.</doc>
<arguments>
<arg>${github_decode_token['scm']}</arg>
<arg>token=${kkstr}</arg>
</arguments>
<status status="PASS" starttime="20190220 17:55:55.334" endtime="20190220 17:55:55.335"></status>
</kw>
<kw name="Log" library="BuiltIn">
<doc>Logs the given message with the given level.</doc>
<arguments>
<arg>${github_decode_token['scm']['token']}</arg>
</arguments>
<msg timestamp="20190220 17:55:55.336" level="INFO">7607cc6672d77fca99014ef987d0ab0e4564b40b</msg>
<status status="PASS" starttime="20190220 17:55:55.335" endtime="20190220 17:55:55.336"></status>
</kw>
<msg timestamp="20190220 17:55:55.337" level="INFO">${githubjson_token} = {'scm': {'type': 'Github', 'authType': 'Token', 'username': ' ', 'server': 'https://github.com', 'token': '7607cc6672d77fca99014ef987d0ab0e4564b40b'}, 'cargo': {'projectType': 'default', 'name': 'defa...</msg>
<status status="PASS" starttime="20190220 17:55:55.327" endtime="20190220 17:55:55.337"></status>
</kw>
<kw name="Run Keyword If" library="BuiltIn">
<doc>Runs the given keyword with the given arguments, if ``condition`` is true.</doc>
<arguments>
<arg>'${repo_type}'=='gitlab'</arg>
<arg>Set Variable</arg>
<arg>${workspaceJson_gitlab}</arg>
<arg>ELSE IF</arg>
<arg>'${repo_type}'=='github'</arg>
<arg>Set Variable</arg>
<arg>${githubjson_token}</arg>
<arg>ELSE IF</arg>
<arg>'${repo_type}'=='svn'</arg>
<arg>Set Variable</arg>
<arg>${workspaceJSON_svn}</arg>
</arguments>
<assign>
<var>${workspaceJson}</var>
</assign>
<kw name="Set Variable" library="BuiltIn">
<doc>Returns the given values which can then be assigned to a variables.</doc>
<arguments>
<arg>${workspaceJson_gitlab}</arg>
</arguments>
<status status="PASS" starttime="20190220 17:55:55.339" endtime="20190220 17:55:55.339"></status>
</kw>
<msg timestamp="20190220 17:55:55.339" level="INFO">${workspaceJson} = {"scm":{"type":"Gitlab","authType":"Password","username":"peter","server":"http://192.168.130.29:81","password":"1wonderful"},"cargo":{"projectType":"default","name":"default"},"workerQuota":{"cpuRequ...</msg>
<status status="PASS" starttime="20190220 17:55:55.338" endtime="20190220 17:55:55.340"></status>
</kw>
<kw name="Log" library="BuiltIn">
<doc>Logs the given message with the given level.</doc>
<arguments>
<arg>${workspaceJson}</arg>
</arguments>
<msg timestamp="20190220 17:55:55.341" level="INFO">{"scm":{"type":"Gitlab","authType":"Password","username":"peter","server":"http://192.168.130.29:81","password":"1wonderful"},"cargo":{"projectType":"default","name":"default"},"workerQuota":{"cpuRequests":"0.5","cpuLimits":"1","memoryRequests":"1Gi","memoryLimits":"2Gi"},"alias":"autoabcgitlab"}</msg>
<status status="PASS" starttime="20190220 17:55:55.340" endtime="20190220 17:55:55.341"></status>
</kw>
<kw name="Create Dictionary" library="BuiltIn">
<doc>Creates and returns a dictionary based on the given ``items``.</doc>
<arguments>
<arg>Content-Type=application/json</arg>
<arg>Authorization=Basic YWRtaW46UHdkMTIzNDU2</arg>
<arg>X-Tenant=${namespace}</arg>
</arguments>
<assign>
<var>${header}</var>
</assign>
<msg timestamp="20190220 17:55:55.343" level="INFO">${header} = {'Content-Type': 'application/json', 'Authorization': 'Basic YWRtaW46UHdkMTIzNDU2', 'X-Tenant': 'devops'}</msg>
<status status="PASS" starttime="20190220 17:55:55.341" endtime="20190220 17:55:55.343"></status>
</kw>
<kw name="Create Session" library="RequestsLibrary">
<doc>Create Session: create a HTTP session to a server</doc>
<arguments>
<arg>compass</arg>
<arg>http://${compass_ip}:${api_port}/apis/admin.devops.caicloud.io</arg>
<arg>${header}</arg>
</arguments>
<msg timestamp="20190220 17:55:55.344" level="INFO">Creating Session using : alias=compass, url=http://192.168.129.130:6002/apis/admin.devops.caicloud.io, headers={'Content-Type': 'application/json', 'Authorization': 'Basic YWRtaW46UHdkMTIzNDU2', 'X-Tenant': 'devops'},                     cookies=None, auth=None, timeout=None, proxies=None, verify=False,                     debug=0 </msg>
<status status="PASS" starttime="20190220 17:55:55.343" endtime="20190220 17:55:55.344"></status>
</kw>
<kw name="Post Request" library="RequestsLibrary">
<doc>Send a POST request on the session object found using the</doc>
<arguments>
<arg>compass</arg>
<arg>/v1/workspaces</arg>
<arg>data=${workspaceJson}</arg>
<arg>headers=${header}</arg>
</arguments>
<assign>
<var>${resp}</var>
</assign>
<msg timestamp="20190220 17:55:56.277" level="INFO">Post Request using : alias=compass, uri=/v1/workspaces, data={"scm":{"type":"Gitlab","authType":"Password","username":"peter","server":"http://192.168.130.29:81","password":"1wonderful"},"cargo":{"projectType":"default","name":"default"},"workerQuota":{"cpuRequests":"0.5","cpuLimits":"1","memoryRequests":"1Gi","memoryLimits":"2Gi"},"alias":"autoabcgitlab"}, headers={'Content-Type': 'application/json', 'Authorization': 'Basic YWRtaW46UHdkMTIzNDU2', 'X-Tenant': 'devops'}, files=None, allow_redirects=True </msg>
<msg timestamp="20190220 17:55:56.278" level="INFO">${resp} = &lt;Response [201]&gt;</msg>
<status status="PASS" starttime="20190220 17:55:55.345" endtime="20190220 17:55:56.278"></status>
</kw>
<kw name="Should Be Equal As Strings" library="BuiltIn">
<doc>Fails if objects are unequal after converting them to strings.</doc>
<arguments>
<arg>${resp.status_code}</arg>
<arg>201</arg>
</arguments>
<msg timestamp="20190220 17:55:56.286" level="INFO">Argument types are:
&lt;class 'int'&gt;
&lt;type 'unicode'&gt;</msg>
<status status="PASS" starttime="20190220 17:55:56.279" endtime="20190220 17:55:56.287"></status>
</kw>
<kw name="Set Variable" library="BuiltIn">
<doc>Returns the given values which can then be assigned to a variables.</doc>
<arguments>
<arg>${resp.json()}</arg>
</arguments>
<assign>
<var>${content}</var>
</assign>
<msg timestamp="20190220 17:55:56.289" level="INFO">${content} = {'name': 'autoabcgitlab', 'alias': 'autoabcgitlab', 'description': '', 'owner': 'admin', 'scm': {'type': 'Gitlab', 'authType': 'Password', 'server': 'http://192.168.130.29:81', 'username': 'peter', 't...</msg>
<status status="PASS" starttime="20190220 17:55:56.288" endtime="20190220 17:55:56.290"></status>
</kw>
<kw name="Log" library="BuiltIn">
<doc>Logs the given message with the given level.</doc>
<arguments>
<arg>${content}</arg>
</arguments>
<msg timestamp="20190220 17:55:56.291" level="INFO">{'name': 'autoabcgitlab', 'alias': 'autoabcgitlab', 'description': '', 'owner': 'admin', 'scm': {'type': 'Gitlab', 'authType': 'Password', 'server': 'http://192.168.130.29:81', 'username': 'peter', 'token': 'OsFFis+QD4W2ZKY/iLsBKuoXhtfv08VhxGmotMxLGcPT8C5odxU+mKMfioxwn9EuBev06yUPC5LyFUBIS/HSMPXgwcBxUJ6g3jFsIRB8nbs='}, 'pipelineCount': 0, 'cargo': {'name': 'default', 'project': 'devops_autoabcgitlab', 'host': 'test.caicloudprivatetest.com'}, 'cacheDependencies': None, 'workerQuota': {}, 'creationTime': '2019-02-20T17:55:46+08:00', 'lastUpdateTime': '2019-02-20T17:55:46+08:00'}</msg>
<status status="PASS" starttime="20190220 17:55:56.291" endtime="20190220 17:55:56.292"></status>
</kw>
<status status="PASS" starttime="20190220 17:55:55.325" endtime="20190220 17:55:56.292"></status>
</kw>
<kw name="Log" library="BuiltIn">
<doc>Logs the given message with the given level.</doc>
<arguments>
<arg>devops_获取workspace</arg>
</arguments>
<msg timestamp="20190220 17:55:56.293" level="INFO">devops_获取workspace</msg>
<status status="PASS" starttime="20190220 17:55:56.292" endtime="20190220 17:55:56.293"></status>
</kw>
<kw name="devops_获取workspace" library="devopsAPI业务关键词">
<kw name="Create Dictionary" library="BuiltIn">
<doc>Creates and returns a dictionary based on the given ``items``.</doc>
<arguments>
<arg>Content-Type=application/json</arg>
<arg>Authorization=Basic YWRtaW46UHdkMTIzNDU2</arg>
<arg>X-Tenant=${namespace}</arg>
</arguments>
<assign>
<var>${header}</var>
</assign>
<msg timestamp="20190220 17:55:56.296" level="INFO">${header} = {'Content-Type': 'application/json', 'Authorization': 'Basic YWRtaW46UHdkMTIzNDU2', 'X-Tenant': 'devops'}</msg>
<status status="PASS" starttime="20190220 17:55:56.295" endtime="20190220 17:55:56.296"></status>
</kw>
<kw name="Create Session" library="RequestsLibrary">
<doc>Create Session: create a HTTP session to a server</doc>
<arguments>
<arg>compass</arg>
<arg>http://${compass_ip}:${api_port}/apis/admin.devops.caicloud.io</arg>
<arg>${header}</arg>
</arguments>
<msg timestamp="20190220 17:55:56.297" level="INFO">Creating Session using : alias=compass, url=http://192.168.129.130:6002/apis/admin.devops.caicloud.io, headers={'Content-Type': 'application/json', 'Authorization': 'Basic YWRtaW46UHdkMTIzNDU2', 'X-Tenant': 'devops'},                     cookies=None, auth=None, timeout=None, proxies=None, verify=False,                     debug=0 </msg>
<status status="PASS" starttime="20190220 17:55:56.296" endtime="20190220 17:55:56.297"></status>
</kw>
<kw name="Get Request" library="RequestsLibrary">
<doc>Send a GET request on the session object found using the</doc>
<arguments>
<arg>compass</arg>
<arg>${url}</arg>
<arg>headers=${header}</arg>
</arguments>
<assign>
<var>${resp}</var>
</assign>
<msg timestamp="20190220 17:55:56.564" level="INFO">Get Request using : alias=compass, uri=/v1/workspaces, headers={'Content-Type': 'application/json', 'Authorization': 'Basic YWRtaW46UHdkMTIzNDU2', 'X-Tenant': 'devops'} json=None</msg>
<msg timestamp="20190220 17:55:56.564" level="INFO">${resp} = &lt;Response [200]&gt;</msg>
<status status="PASS" starttime="20190220 17:55:56.298" endtime="20190220 17:55:56.564"></status>
</kw>
<kw name="Should Be Equal As Strings" library="BuiltIn">
<doc>Fails if objects are unequal after converting them to strings.</doc>
<arguments>
<arg>${resp.status_code}</arg>
<arg>200</arg>
</arguments>
<msg timestamp="20190220 17:55:56.566" level="INFO">Argument types are:
&lt;class 'int'&gt;
&lt;type 'unicode'&gt;</msg>
<status status="PASS" starttime="20190220 17:55:56.565" endtime="20190220 17:55:56.566"></status>
</kw>
<kw name="Set Variable" library="BuiltIn">
<doc>Returns the given values which can then be assigned to a variables.</doc>
<arguments>
<arg>${resp.json()}</arg>
</arguments>
<assign>
<var>${content}</var>
</assign>
<msg timestamp="20190220 17:55:56.568" level="INFO">${content} = {'metadata': {'total': 1}, 'items': [{'name': 'autoabcgitlab', 'alias': 'autoabcgitlab', 'description': '', 'owner': 'admin', 'scm': {'type': 'Gitlab', 'authType': 'Password', 'server': 'http://192.16...</msg>
<status status="PASS" starttime="20190220 17:55:56.567" endtime="20190220 17:55:56.568"></status>
</kw>
<kw name="Log" library="BuiltIn">
<doc>Logs the given message with the given level.</doc>
<arguments>
<arg>${content}</arg>
</arguments>
<msg timestamp="20190220 17:55:56.569" level="INFO">{'metadata': {'total': 1}, 'items': [{'name': 'autoabcgitlab', 'alias': 'autoabcgitlab', 'description': '', 'owner': 'admin', 'scm': {'type': 'Gitlab', 'authType': 'Password', 'server': 'http://192.168.130.29:81', 'username': 'peter', 'token': 'ccf05205b7f8e37a0e89d2f20fc48e36e24aff5e2dc2f58933cfca92c4191236'}, 'pipelineCount': 0, 'cargo': {'name': 'default', 'project': 'devops_autoabcgitlab', 'host': 'test.caicloudprivatetest.com'}, 'cacheDependencies': {}, 'workerQuota': {}, 'creationTime': '2019-02-20T17:55:46+08:00', 'lastUpdateTime': '2019-02-20T17:55:46+08:00'}]}</msg>
<status status="PASS" starttime="20190220 17:55:56.569" endtime="20190220 17:55:56.569"></status>
</kw>
<status status="PASS" starttime="20190220 17:55:56.294" endtime="20190220 17:55:56.570"></status>
</kw>
<kw name="Log" library="BuiltIn">
<doc>Logs the given message with the given level.</doc>
<arguments>
<arg>devops_创建pipeline</arg>
</arguments>
<msg timestamp="20190220 17:55:56.570" level="INFO">devops_创建pipeline</msg>
<status status="PASS" starttime="20190220 17:55:56.570" endtime="20190220 17:55:56.571"></status>
</kw>
<kw name="devops_创建pipeline" library="devopsAPI业务关键词">
<arguments>
<arg>gitlab</arg>
<arg>golang</arg>
<arg>${workspaceName_gitlab}</arg>
<arg>${pipelineName_github}</arg>
</arguments>
<kw name="Create Dictionary" library="BuiltIn">
<doc>Creates and returns a dictionary based on the given ``items``.</doc>
<arguments>
<arg>Content-Type=application/json</arg>
<arg>Authorization=Basic YWRtaW46UHdkMTIzNDU2</arg>
<arg>X-Tenant=${namespace}</arg>
</arguments>
<assign>
<var>${header}</var>
</assign>
<msg timestamp="20190220 17:55:56.572" level="INFO">${header} = {'Content-Type': 'application/json', 'Authorization': 'Basic YWRtaW46UHdkMTIzNDU2', 'X-Tenant': 'devops'}</msg>
<status status="PASS" starttime="20190220 17:55:56.572" endtime="20190220 17:55:56.573"></status>
</kw>
<kw name="Create Session" library="RequestsLibrary">
<doc>Create Session: create a HTTP session to a server</doc>
<arguments>
<arg>compass</arg>
<arg>http://${compass_ip}:${api_port}/apis/admin.devops.caicloud.io</arg>
<arg>${header}</arg>
</arguments>
<msg timestamp="20190220 17:55:56.573" level="INFO">Creating Session using : alias=compass, url=http://192.168.129.130:6002/apis/admin.devops.caicloud.io, headers={'Content-Type': 'application/json', 'Authorization': 'Basic YWRtaW46UHdkMTIzNDU2', 'X-Tenant': 'devops'},                     cookies=None, auth=None, timeout=None, proxies=None, verify=False,                     debug=0 </msg>
<status status="PASS" starttime="20190220 17:55:56.573" endtime="20190220 17:55:56.574"></status>
</kw>
<kw name="Post Request" library="RequestsLibrary">
<doc>Send a POST request on the session object found using the</doc>
<arguments>
<arg>compass</arg>
<arg>v1/workspaces/${workspace}/pipelines</arg>
<arg>data=${pipelineJSON_${repo_type}_${codeSource}}</arg>
<arg>headers=${header}</arg>
</arguments>
<assign>
<var>${resp}</var>
</assign>
<msg timestamp="20190220 17:55:57.194" level="INFO">Post Request using : alias=compass, uri=v1/workspaces/autoabcgitlab/pipelines, data={"name":"autoabcgitlab","alias":"autoabcgitlab","description":"","build":{"buildInfo":{"buildTool":{},"cacheDependency":false},"builderImage":{"image":"test.caicloudprivatetest.com/library/golang:1.9.5-alpine3.7"},"stages":{"codeCheckout":{"mainRepo":{"type":"Gitlab","gitlab":{"ref":"refs/heads/master","url":"http://192.168.130.29:81/peter/golangtest.git"}}},"package":{"command":["cd helloworld\nCGO_ENABLED=0 GOOS=linux GOARCH=amd64 go build"]},"imageBuild":{"buildInfos":[{"contextDir":".","dockerfile":"","dockerfilePath":"Dockerfile","taskName":"imageBuild-be1rt","mark":"imageBuild-be1rt","imageName":"abcd"}]},"imageRelease":{"releasePolicies":[{"imageName":"abcd","type":"Always"}]}}}}, headers={'Content-Type': 'application/json', 'Authorization': 'Basic YWRtaW46UHdkMTIzNDU2', 'X-Tenant': 'devops'}, files=None, allow_redirects=True </msg>
<msg timestamp="20190220 17:55:57.195" level="INFO">${resp} = &lt;Response [201]&gt;</msg>
<status status="PASS" starttime="20190220 17:55:56.574" endtime="20190220 17:55:57.195"></status>
</kw>
<kw name="Should Be Equal As Strings" library="BuiltIn">
<doc>Fails if objects are unequal after converting them to strings.</doc>
<arguments>
<arg>${resp.status_code}</arg>
<arg>201</arg>
</arguments>
<msg timestamp="20190220 17:55:57.196" level="INFO">Argument types are:
&lt;class 'int'&gt;
&lt;type 'unicode'&gt;</msg>
<status status="PASS" starttime="20190220 17:55:57.196" endtime="20190220 17:55:57.197"></status>
</kw>
<kw name="Set Variable" library="BuiltIn">
<doc>Returns the given values which can then be assigned to a variables.</doc>
<arguments>
<arg>${resp.json()}</arg>
</arguments>
<assign>
<var>${content}</var>
</assign>
<msg timestamp="20190220 17:55:57.198" level="INFO">${content} = {'id': '5c6d2422bdcb2f00015824a7', 'name': 'autoabcgitlab', 'alias': 'autoabcgitlab', 'owner': 'admin', 'projectID': '5c6d2422bdcb2f00015824a6', 'build': {'buildInfo': {'buildTool': {}}, 'builderImage...</msg>
<status status="PASS" starttime="20190220 17:55:57.197" endtime="20190220 17:55:57.199"></status>
</kw>
<kw name="Log" library="BuiltIn">
<doc>Logs the given message with the given level.</doc>
<arguments>
<arg>${content}</arg>
</arguments>
<msg timestamp="20190220 17:55:57.200" level="INFO">{'id': '5c6d2422bdcb2f00015824a7', 'name': 'autoabcgitlab', 'alias': 'autoabcgitlab', 'owner': 'admin', 'projectID': '5c6d2422bdcb2f00015824a6', 'build': {'buildInfo': {'buildTool': {}}, 'builderImage': {'image': 'test.caicloudprivatetest.com/library/golang:1.9.5-alpine3.7'}, 'stages': {'codeCheckout': {'mainRepo': {'type': 'Gitlab', 'gitlab': {'url': 'http://192.168.130.29:81/peter/golangtest.git', 'ref': 'refs/heads/master'}}}, 'package': {'command': ['cd helloworld\nCGO_ENABLED=0 GOOS=linux GOARCH=amd64 go build']}, 'imageBuild': {'buildInfos': [{'taskName': 'imageBuild-be1rt', 'contextDir': '.', 'dockerfilePath': 'Dockerfile', 'imageName': 'abcd'}]}, 'imageRelease': {'releasePolicies': [{'imageName': 'abcd', 'type': 'Always'}]}}}, 'creationTime': '2019-02-20T17:55:46.828802801+08:00', 'lastUpdateTime': '2019-02-20T17:55:46.828802981+08:00', 'annotations': {'tenant': 'devops'}}</msg>
<status status="PASS" starttime="20190220 17:55:57.199" endtime="20190220 17:55:57.200"></status>
</kw>
<status status="PASS" starttime="20190220 17:55:56.571" endtime="20190220 17:55:57.201"></status>
</kw>
<kw name="Log" library="BuiltIn">
<doc>Logs the given message with the given level.</doc>
<arguments>
<arg>devops_获取pipeline</arg>
</arguments>
<msg timestamp="20190220 17:55:57.202" level="INFO">devops_获取pipeline</msg>
<status status="PASS" starttime="20190220 17:55:57.201" endtime="20190220 17:55:57.202"></status>
</kw>
<kw name="devops_获取pipeline" library="devopsAPI业务关键词">
<arguments>
<arg>gitlab</arg>
<arg>golang</arg>
<arg>${workspaceName_gitlab}</arg>
</arguments>
<kw name="Create Dictionary" library="BuiltIn">
<doc>Creates and returns a dictionary based on the given ``items``.</doc>
<arguments>
<arg>Content-Type=application/json</arg>
<arg>Authorization=Basic YWRtaW46UHdkMTIzNDU2</arg>
<arg>X-Tenant=${namespace}</arg>
</arguments>
<assign>
<var>${header}</var>
</assign>
<msg timestamp="20190220 17:55:57.205" level="INFO">${header} = {'Content-Type': 'application/json', 'Authorization': 'Basic YWRtaW46UHdkMTIzNDU2', 'X-Tenant': 'devops'}</msg>
<status status="PASS" starttime="20190220 17:55:57.204" endtime="20190220 17:55:57.205"></status>
</kw>
<kw name="Create Session" library="RequestsLibrary">
<doc>Create Session: create a HTTP session to a server</doc>
<arguments>
<arg>compass</arg>
<arg>http://${compass_ip}:${api_port}/apis/admin.devops.caicloud.io</arg>
<arg>${header}</arg>
</arguments>
<msg timestamp="20190220 17:55:57.206" level="INFO">Creating Session using : alias=compass, url=http://192.168.129.130:6002/apis/admin.devops.caicloud.io, headers={'Content-Type': 'application/json', 'Authorization': 'Basic YWRtaW46UHdkMTIzNDU2', 'X-Tenant': 'devops'},                     cookies=None, auth=None, timeout=None, proxies=None, verify=False,                     debug=0 </msg>
<status status="PASS" starttime="20190220 17:55:57.205" endtime="20190220 17:55:57.207"></status>
</kw>
<kw name="Get Request" library="RequestsLibrary">
<doc>Send a GET request on the session object found using the</doc>
<arguments>
<arg>compass</arg>
<arg>v1/workspaces/${workspace}/pipelines</arg>
<arg>headers=${header}</arg>
</arguments>
<assign>
<var>${resp}</var>
</assign>
<msg timestamp="20190220 17:55:57.516" level="INFO">Get Request using : alias=compass, uri=v1/workspaces/autoabcgitlab/pipelines, headers={'Content-Type': 'application/json', 'Authorization': 'Basic YWRtaW46UHdkMTIzNDU2', 'X-Tenant': 'devops'} json=None</msg>
<msg timestamp="20190220 17:55:57.517" level="INFO">${resp} = &lt;Response [200]&gt;</msg>
<status status="PASS" starttime="20190220 17:55:57.207" endtime="20190220 17:55:57.517"></status>
</kw>
<kw name="Should Be Equal As Strings" library="BuiltIn">
<doc>Fails if objects are unequal after converting them to strings.</doc>
<arguments>
<arg>${resp.status_code}</arg>
<arg>200</arg>
</arguments>
<msg timestamp="20190220 17:55:57.519" level="INFO">Argument types are:
&lt;class 'int'&gt;
&lt;type 'unicode'&gt;</msg>
<status status="PASS" starttime="20190220 17:55:57.518" endtime="20190220 17:55:57.519"></status>
</kw>
<kw name="Set Variable" library="BuiltIn">
<doc>Returns the given values which can then be assigned to a variables.</doc>
<arguments>
<arg>${resp.json()}</arg>
</arguments>
<assign>
<var>${content}</var>
</assign>
<msg timestamp="20190220 17:55:57.520" level="INFO">${content} = {'metadata': {'total': 1}, 'items': [{'id': '5c6d2422bdcb2f00015824a7', 'name': 'autoabcgitlab', 'alias': 'autoabcgitlab', 'owner': 'admin', 'projectID': '5c6d2422bdcb2f00015824a6', 'build': {'buildIn...</msg>
<status status="PASS" starttime="20190220 17:55:57.520" endtime="20190220 17:55:57.521"></status>
</kw>
<kw name="Log" library="BuiltIn">
<doc>Logs the given message with the given level.</doc>
<arguments>
<arg>${content}</arg>
</arguments>
<msg timestamp="20190220 17:55:57.521" level="INFO">{'metadata': {'total': 1}, 'items': [{'id': '5c6d2422bdcb2f00015824a7', 'name': 'autoabcgitlab', 'alias': 'autoabcgitlab', 'owner': 'admin', 'projectID': '5c6d2422bdcb2f00015824a6', 'build': {'buildInfo': {'buildTool': {}}, 'builderImage': {'image': 'test.caicloudprivatetest.com/library/golang:1.9.5-alpine3.7'}, 'stages': {'codeCheckout': {'mainRepo': {'type': 'Gitlab', 'gitlab': {'url': 'http://192.168.130.29:81/peter/golangtest.git', 'ref': 'refs/heads/master'}}}, 'package': {'command': ['cd helloworld\nCGO_ENABLED=0 GOOS=linux GOARCH=amd64 go build']}, 'imageBuild': {'buildInfos': [{'taskName': 'imageBuild-be1rt', 'contextDir': '.', 'dockerfilePath': 'Dockerfile', 'imageName': 'abcd'}]}, 'imageRelease': {'releasePolicies': [{'imageName': 'abcd', 'type': 'Always'}]}}}, 'creationTime': '2019-02-20T17:55:46.828+08:00', 'lastUpdateTime': '2019-02-20T17:55:46.828+08:00', 'annotations': {'tenant': 'devops'}}]}</msg>
<status status="PASS" starttime="20190220 17:55:57.521" endtime="20190220 17:55:57.522"></status>
</kw>
<status status="PASS" starttime="20190220 17:55:57.203" endtime="20190220 17:55:57.522"></status>
</kw>
<kw name="Log" library="BuiltIn">
<doc>Logs the given message with the given level.</doc>
<arguments>
<arg>devops_执行pipeline</arg>
</arguments>
<msg timestamp="20190220 17:55:57.523" level="INFO">devops_执行pipeline</msg>
<status status="PASS" starttime="20190220 17:55:57.523" endtime="20190220 17:55:57.524"></status>
</kw>
<kw name="devops_执行pipeline" library="devopsAPI业务关键词">
<arguments>
<arg>gitlab</arg>
<arg>${workspaceName_gitlab}</arg>
<arg>${pipelineName_gitlab}</arg>
</arguments>
<kw name="Create Dictionary" library="BuiltIn">
<doc>Creates and returns a dictionary based on the given ``items``.</doc>
<arguments>
<arg>Content-Type=application/json</arg>
<arg>Authorization=Basic YWRtaW46UHdkMTIzNDU2</arg>
<arg>X-Tenant=${namespace}</arg>
</arguments>
<assign>
<var>${header}</var>
</assign>
<msg timestamp="20190220 17:55:57.526" level="INFO">${header} = {'Content-Type': 'application/json', 'Authorization': 'Basic YWRtaW46UHdkMTIzNDU2', 'X-Tenant': 'devops'}</msg>
<status status="PASS" starttime="20190220 17:55:57.525" endtime="20190220 17:55:57.526"></status>
</kw>
<kw name="Create Session" library="RequestsLibrary">
<doc>Create Session: create a HTTP session to a server</doc>
<arguments>
<arg>compass</arg>
<arg>http://${compass_ip}:${api_port}/apis/admin.devops.caicloud.io</arg>
<arg>${header}</arg>
</arguments>
<msg timestamp="20190220 17:55:57.527" level="INFO">Creating Session using : alias=compass, url=http://192.168.129.130:6002/apis/admin.devops.caicloud.io, headers={'Content-Type': 'application/json', 'Authorization': 'Basic YWRtaW46UHdkMTIzNDU2', 'X-Tenant': 'devops'},                     cookies=None, auth=None, timeout=None, proxies=None, verify=False,                     debug=0 </msg>
<status status="PASS" starttime="20190220 17:55:57.527" endtime="20190220 17:55:57.528"></status>
</kw>
<kw name="Post Request" library="RequestsLibrary">
<doc>Send a POST request on the session object found using the</doc>
<arguments>
<arg>compass</arg>
<arg>v1/workspaces/${workspace}/pipelines/${pipeline}/records</arg>
<arg>data=${recordJSON_${repo_type}}</arg>
<arg>headers=${header}</arg>
</arguments>
<assign>
<var>${resp}</var>
</assign>
<msg timestamp="20190220 17:55:57.948" level="INFO">Post Request using : alias=compass, uri=v1/workspaces/autoabcgitlab/pipelines/autoabcgitlab/records, data={"stages":["codeCheckout","package","imageBuild","imageRelease"],"workspace":"autoabcgitlab","pipeline":"autoabcgitlab","codeRef":{"type":"refs/heads/","name":"master"},"ref":"refs/heads/master","repoName":"caicaihe/golang","repoType":"github","tagType":"default","cacheDependency":false}, headers={'Content-Type': 'application/json', 'Authorization': 'Basic YWRtaW46UHdkMTIzNDU2', 'X-Tenant': 'devops'}, files=None, allow_redirects=True </msg>
<msg timestamp="20190220 17:55:57.949" level="INFO">${resp} = &lt;Response [201]&gt;</msg>
<status status="PASS" starttime="20190220 17:55:57.529" endtime="20190220 17:55:57.949"></status>
</kw>
<kw name="Should Be Equal As Strings" library="BuiltIn">
<doc>Fails if objects are unequal after converting them to strings.</doc>
<arguments>
<arg>${resp.status_code}</arg>
<arg>201</arg>
</arguments>
<msg timestamp="20190220 17:55:57.951" level="INFO">Argument types are:
&lt;class 'int'&gt;
&lt;type 'unicode'&gt;</msg>
<status status="PASS" starttime="20190220 17:55:57.950" endtime="20190220 17:55:57.952"></status>
</kw>
<kw name="Set Variable" library="BuiltIn">
<doc>Returns the given values which can then be assigned to a variables.</doc>
<arguments>
<arg>${resp.json()}</arg>
</arguments>
<assign>
<var>${content}</var>
</assign>
<msg timestamp="20190220 17:55:57.954" level="INFO">${content} = {'id': '5c6d2423bdcb2f00015824a8', 'pipelineID': '5c6d2422bdcb2f00015824a7', 'trigger': 'admin', 'performParams': {'ref': 'refs/heads/master', 'stages': ['codeCheckout', 'package', 'imageBuild', 'imag...</msg>
<status status="PASS" starttime="20190220 17:55:57.952" endtime="20190220 17:55:57.954"></status>
</kw>
<kw name="Log" library="BuiltIn">
<doc>Logs the given message with the given level.</doc>
<arguments>
<arg>${content}</arg>
</arguments>
<msg timestamp="20190220 17:55:57.955" level="INFO">{'id': '5c6d2423bdcb2f00015824a8', 'pipelineID': '5c6d2422bdcb2f00015824a7', 'trigger': 'admin', 'performParams': {'ref': 'refs/heads/master', 'stages': ['codeCheckout', 'package', 'imageBuild', 'imageRelease']}, 'status': 'Pending', 'startTime': '2019-02-20T17:55:47.684469915+08:00', 'endTime': '0001-01-01T00:00:00Z'}</msg>
<status status="PASS" starttime="20190220 17:55:57.955" endtime="20190220 17:55:57.956"></status>
</kw>
<status status="PASS" starttime="20190220 17:55:57.524" endtime="20190220 17:55:57.957"></status>
</kw>
<kw name="Log" library="BuiltIn">
<doc>Logs the given message with the given level.</doc>
<arguments>
<arg>等待devops_pipeline执行结果</arg>
</arguments>
<msg timestamp="20190220 17:55:57.958" level="INFO">等待devops_pipeline执行结果</msg>
<status status="PASS" starttime="20190220 17:55:57.958" endtime="20190220 17:55:57.959"></status>
</kw>
<kw name="devops_pipeline执行结果_流水线执行完毕" library="devopsAPI业务关键词">
<arguments>
<arg>gitlab</arg>
<arg>${workspaceName_gitlab}</arg>
<arg>${pipelineName_gitlab}</arg>
</arguments>
<assign>
<var>${return}</var>
</assign>
<kw name="${i} IN RANGE [ 100 ]" type="for">
<kw name="${i} = 0" type="foritem">
<kw name="Sleep" library="BuiltIn">
<doc>Pauses the test executed for the given time.</doc>
<arguments>
<arg>60</arg>
</arguments>
<msg timestamp="20190220 17:56:57.962" level="INFO">Slept 1 minute</msg>
<status status="PASS" starttime="20190220 17:55:57.961" endtime="20190220 17:56:57.963"></status>
</kw>
<kw name="devops_pipeline执行结果" library="devopsAPI业务关键词">
<arguments>
<arg>${repo_type}</arg>
<arg>${workspace}</arg>
<arg>${pipeline}</arg>
</arguments>
<assign>
<var>${return}</var>
</assign>
<kw name="Create Dictionary" library="BuiltIn">
<doc>Creates and returns a dictionary based on the given ``items``.</doc>
<arguments>
<arg>Content-Type=application/json</arg>
<arg>Authorization=Basic YWRtaW46UHdkMTIzNDU2</arg>
<arg>X-Tenant=${namespace}</arg>
</arguments>
<assign>
<var>${header}</var>
</assign>
<msg timestamp="20190220 17:56:57.968" level="INFO">${header} = {'Content-Type': 'application/json', 'Authorization': 'Basic YWRtaW46UHdkMTIzNDU2', 'X-Tenant': 'devops'}</msg>
<status status="PASS" starttime="20190220 17:56:57.967" endtime="20190220 17:56:57.968"></status>
</kw>
<kw name="Create Session" library="RequestsLibrary">
<doc>Create Session: create a HTTP session to a server</doc>
<arguments>
<arg>compass</arg>
<arg>http://${compass_ip}:${api_port}/apis/admin.devops.caicloud.io</arg>
<arg>${header}</arg>
</arguments>
<msg timestamp="20190220 17:56:57.970" level="INFO">Creating Session using : alias=compass, url=http://192.168.129.130:6002/apis/admin.devops.caicloud.io, headers={'Content-Type': 'application/json', 'Authorization': 'Basic YWRtaW46UHdkMTIzNDU2', 'X-Tenant': 'devops'},                     cookies=None, auth=None, timeout=None, proxies=None, verify=False,                     debug=0 </msg>
<status status="PASS" starttime="20190220 17:56:57.969" endtime="20190220 17:56:57.970"></status>
</kw>
<kw name="Get Request" library="RequestsLibrary">
<doc>Send a GET request on the session object found using the</doc>
<arguments>
<arg>compass</arg>
<arg>v1/workspaces/${workspace}/pipelines/${pipeline}/records</arg>
<arg>headers=${header}</arg>
</arguments>
<assign>
<var>${resp}</var>
</assign>
<msg timestamp="20190220 17:56:58.428" level="INFO">Get Request using : alias=compass, uri=v1/workspaces/autoabcgitlab/pipelines/autoabcgitlab/records, headers={'Content-Type': 'application/json', 'Authorization': 'Basic YWRtaW46UHdkMTIzNDU2', 'X-Tenant': 'devops'} json=None</msg>
<msg timestamp="20190220 17:56:58.429" level="INFO">${resp} = &lt;Response [200]&gt;</msg>
<status status="PASS" starttime="20190220 17:56:57.971" endtime="20190220 17:56:58.430"></status>
</kw>
<kw name="Should Be Equal As Strings" library="BuiltIn">
<doc>Fails if objects are unequal after converting them to strings.</doc>
<arguments>
<arg>${resp.status_code}</arg>
<arg>200</arg>
</arguments>
<msg timestamp="20190220 17:56:58.433" level="INFO">Argument types are:
&lt;class 'int'&gt;
&lt;type 'unicode'&gt;</msg>
<status status="PASS" starttime="20190220 17:56:58.432" endtime="20190220 17:56:58.433"></status>
</kw>
<kw name="Set Variable" library="BuiltIn">
<doc>Returns the given values which can then be assigned to a variables.</doc>
<arguments>
<arg>${resp.json()}</arg>
</arguments>
<assign>
<var>${content}</var>
</assign>
<msg timestamp="20190220 17:56:58.435" level="INFO">${content} = {'metadata': {'total': 1}, 'items': [{'id': '5c6d2423bdcb2f00015824a8', 'name': 'b9c5b9c-190220175609', 'pipelineID': '5c6d2422bdcb2f00015824a7', 'trigger': 'admin', 'performParams': {'ref': 'refs/hea...</msg>
<status status="PASS" starttime="20190220 17:56:58.434" endtime="20190220 17:56:58.435"></status>
</kw>
<kw name="Set Variable" library="BuiltIn">
<doc>Returns the given values which can then be assigned to a variables.</doc>
<arguments>
<arg>${content['items'][0]['status']}</arg>
</arguments>
<assign>
<var>${result}</var>
</assign>
<msg timestamp="20190220 17:56:58.437" level="INFO">${result} = Running</msg>
<status status="PASS" starttime="20190220 17:56:58.436" endtime="20190220 17:56:58.438"></status>
</kw>
<msg timestamp="20190220 17:56:58.439" level="INFO">${return} = Running</msg>
<status status="PASS" starttime="20190220 17:56:57.964" endtime="20190220 17:56:58.439"></status>
</kw>
<kw name="Run Keyword If" library="BuiltIn">
<doc>Runs the given keyword with the given arguments, if ``condition`` is true.</doc>
<arguments>
<arg>'${return}'=='Success'</arg>
<arg>Exit For Loop</arg>
</arguments>
<status status="PASS" starttime="20190220 17:56:58.440" endtime="20190220 17:56:58.441"></status>
</kw>
<kw name="Run Keyword If" library="BuiltIn">
<doc>Runs the given keyword with the given arguments, if ``condition`` is true.</doc>
<arguments>
<arg>'${return}'=='Failed'</arg>
<arg>Exit For Loop</arg>
</arguments>
<status status="PASS" starttime="20190220 17:56:58.441" endtime="20190220 17:56:58.443"></status>
</kw>
<status status="PASS" starttime="20190220 17:55:57.960" endtime="20190220 17:56:58.444"></status>
</kw>
<kw name="${i} = 1" type="foritem">
<kw name="Sleep" library="BuiltIn">
<doc>Pauses the test executed for the given time.</doc>
<arguments>
<arg>60</arg>
</arguments>
<msg timestamp="20190220 17:57:58.447" level="INFO">Slept 1 minute</msg>
<status status="PASS" starttime="20190220 17:56:58.445" endtime="20190220 17:57:58.448"></status>
</kw>
<kw name="devops_pipeline执行结果" library="devopsAPI业务关键词">
<arguments>
<arg>${repo_type}</arg>
<arg>${workspace}</arg>
<arg>${pipeline}</arg>
</arguments>
<assign>
<var>${return}</var>
</assign>
<kw name="Create Dictionary" library="BuiltIn">
<doc>Creates and returns a dictionary based on the given ``items``.</doc>
<arguments>
<arg>Content-Type=application/json</arg>
<arg>Authorization=Basic YWRtaW46UHdkMTIzNDU2</arg>
<arg>X-Tenant=${namespace}</arg>
</arguments>
<assign>
<var>${header}</var>
</assign>
<msg timestamp="20190220 17:57:58.453" level="INFO">${header} = {'Content-Type': 'application/json', 'Authorization': 'Basic YWRtaW46UHdkMTIzNDU2', 'X-Tenant': 'devops'}</msg>
<status status="PASS" starttime="20190220 17:57:58.452" endtime="20190220 17:57:58.453"></status>
</kw>
<kw name="Create Session" library="RequestsLibrary">
<doc>Create Session: create a HTTP session to a server</doc>
<arguments>
<arg>compass</arg>
<arg>http://${compass_ip}:${api_port}/apis/admin.devops.caicloud.io</arg>
<arg>${header}</arg>
</arguments>
<msg timestamp="20190220 17:57:58.454" level="INFO">Creating Session using : alias=compass, url=http://192.168.129.130:6002/apis/admin.devops.caicloud.io, headers={'Content-Type': 'application/json', 'Authorization': 'Basic YWRtaW46UHdkMTIzNDU2', 'X-Tenant': 'devops'},                     cookies=None, auth=None, timeout=None, proxies=None, verify=False,                     debug=0 </msg>
<status status="PASS" starttime="20190220 17:57:58.454" endtime="20190220 17:57:58.455"></status>
</kw>
<kw name="Get Request" library="RequestsLibrary">
<doc>Send a GET request on the session object found using the</doc>
<arguments>
<arg>compass</arg>
<arg>v1/workspaces/${workspace}/pipelines/${pipeline}/records</arg>
<arg>headers=${header}</arg>
</arguments>
<assign>
<var>${resp}</var>
</assign>
<msg timestamp="20190220 17:57:58.738" level="INFO">Get Request using : alias=compass, uri=v1/workspaces/autoabcgitlab/pipelines/autoabcgitlab/records, headers={'Content-Type': 'application/json', 'Authorization': 'Basic YWRtaW46UHdkMTIzNDU2', 'X-Tenant': 'devops'} json=None</msg>
<msg timestamp="20190220 17:57:58.738" level="INFO">${resp} = &lt;Response [200]&gt;</msg>
<status status="PASS" starttime="20190220 17:57:58.456" endtime="20190220 17:57:58.739"></status>
</kw>
<kw name="Should Be Equal As Strings" library="BuiltIn">
<doc>Fails if objects are unequal after converting them to strings.</doc>
<arguments>
<arg>${resp.status_code}</arg>
<arg>200</arg>
</arguments>
<msg timestamp="20190220 17:57:58.740" level="INFO">Argument types are:
&lt;class 'int'&gt;
&lt;type 'unicode'&gt;</msg>
<status status="PASS" starttime="20190220 17:57:58.739" endtime="20190220 17:57:58.740"></status>
</kw>
<kw name="Set Variable" library="BuiltIn">
<doc>Returns the given values which can then be assigned to a variables.</doc>
<arguments>
<arg>${resp.json()}</arg>
</arguments>
<assign>
<var>${content}</var>
</assign>
<msg timestamp="20190220 17:57:58.742" level="INFO">${content} = {'metadata': {'total': 1}, 'items': [{'id': '5c6d2423bdcb2f00015824a8', 'name': 'b9c5b9c-190220175609', 'pipelineID': '5c6d2422bdcb2f00015824a7', 'trigger': 'admin', 'performParams': {'ref': 'refs/hea...</msg>
<status status="PASS" starttime="20190220 17:57:58.740" endtime="20190220 17:57:58.742"></status>
</kw>
<kw name="Set Variable" library="BuiltIn">
<doc>Returns the given values which can then be assigned to a variables.</doc>
<arguments>
<arg>${content['items'][0]['status']}</arg>
</arguments>
<assign>
<var>${result}</var>
</assign>
<msg timestamp="20190220 17:57:58.743" level="INFO">${result} = Success</msg>
<status status="PASS" starttime="20190220 17:57:58.742" endtime="20190220 17:57:58.743"></status>
</kw>
<msg timestamp="20190220 17:57:58.744" level="INFO">${return} = Success</msg>
<status status="PASS" starttime="20190220 17:57:58.449" endtime="20190220 17:57:58.744"></status>
</kw>
<kw name="Run Keyword If" library="BuiltIn">
<doc>Runs the given keyword with the given arguments, if ``condition`` is true.</doc>
<arguments>
<arg>'${return}'=='Success'</arg>
<arg>Exit For Loop</arg>
</arguments>
<kw name="Exit For Loop" library="BuiltIn">
<doc>Stops executing the enclosing for loop.</doc>
<msg timestamp="20190220 17:57:58.745" level="INFO">Exiting for loop altogether.</msg>
<status status="PASS" starttime="20190220 17:57:58.745" endtime="20190220 17:57:58.746"></status>
</kw>
<status status="PASS" starttime="20190220 17:57:58.744" endtime="20190220 17:57:58.746"></status>
</kw>
<status status="PASS" starttime="20190220 17:56:58.444" endtime="20190220 17:57:58.746"></status>
</kw>
<status status="PASS" starttime="20190220 17:55:57.960" endtime="20190220 17:57:58.747"></status>
</kw>
<msg timestamp="20190220 17:57:58.747" level="INFO">${return} = Success</msg>
<status status="PASS" starttime="20190220 17:55:57.959" endtime="20190220 17:57:58.747"></status>
</kw>
<kw name="Log" library="BuiltIn">
<doc>Logs the given message with the given level.</doc>
<arguments>
<arg>断言执行结果为success</arg>
</arguments>
<msg timestamp="20190220 17:57:58.748" level="INFO">断言执行结果为success</msg>
<status status="PASS" starttime="20190220 17:57:58.748" endtime="20190220 17:57:58.749"></status>
</kw>
<kw name="Run Keyword And Continue On Failure" library="BuiltIn">
<doc>Runs the keyword and continues execution even if a failure occurs.</doc>
<arguments>
<arg>Should Be Equal As Strings</arg>
<arg>'${return}'</arg>
<arg>'Success'</arg>
</arguments>
<kw name="Should Be Equal As Strings" library="BuiltIn">
<doc>Fails if objects are unequal after converting them to strings.</doc>
<arguments>
<arg>'${return}'</arg>
<arg>'Success'</arg>
</arguments>
<status status="PASS" starttime="20190220 17:57:58.751" endtime="20190220 17:57:58.752"></status>
</kw>
<status status="PASS" starttime="20190220 17:57:58.750" endtime="20190220 17:57:58.753"></status>
</kw>
<kw name="Log" library="BuiltIn">
<doc>Logs the given message with the given level.</doc>
<arguments>
<arg>devops_获取pipeline执行记录</arg>
</arguments>
<msg timestamp="20190220 17:57:58.754" level="INFO">devops_获取pipeline执行记录</msg>
<status status="PASS" starttime="20190220 17:57:58.753" endtime="20190220 17:57:58.755"></status>
</kw>
<kw name="devops_获取pipeline执行记录" library="devopsAPI业务关键词">
<arguments>
<arg>gitlab</arg>
<arg>${workspaceName_gitlab}</arg>
<arg>${pipelineName_gitlab}</arg>
</arguments>
<assign>
<var>${pipeline_id}</var>
<var>${task_name}</var>
</assign>
<kw name="Create Dictionary" library="BuiltIn">
<doc>Creates and returns a dictionary based on the given ``items``.</doc>
<arguments>
<arg>Content-Type=application/json</arg>
<arg>Authorization=Basic YWRtaW46UHdkMTIzNDU2</arg>
<arg>X-Tenant=${namespace}</arg>
</arguments>
<assign>
<var>${header}</var>
</assign>
<msg timestamp="20190220 17:57:58.758" level="INFO">${header} = {'Content-Type': 'application/json', 'Authorization': 'Basic YWRtaW46UHdkMTIzNDU2', 'X-Tenant': 'devops'}</msg>
<status status="PASS" starttime="20190220 17:57:58.757" endtime="20190220 17:57:58.759"></status>
</kw>
<kw name="Create Session" library="RequestsLibrary">
<doc>Create Session: create a HTTP session to a server</doc>
<arguments>
<arg>compass</arg>
<arg>http://${compass_ip}:${api_port}/apis/admin.devops.caicloud.io</arg>
<arg>${header}</arg>
</arguments>
<msg timestamp="20190220 17:57:58.761" level="INFO">Creating Session using : alias=compass, url=http://192.168.129.130:6002/apis/admin.devops.caicloud.io, headers={'Content-Type': 'application/json', 'Authorization': 'Basic YWRtaW46UHdkMTIzNDU2', 'X-Tenant': 'devops'},                     cookies=None, auth=None, timeout=None, proxies=None, verify=False,                     debug=0 </msg>
<status status="PASS" starttime="20190220 17:57:58.760" endtime="20190220 17:57:58.762"></status>
</kw>
<kw name="Get Request" library="RequestsLibrary">
<doc>Send a GET request on the session object found using the</doc>
<arguments>
<arg>compass</arg>
<arg>v1/workspaces/${workspace}/pipelines/${pipeline}/records</arg>
<arg>headers=${header}</arg>
</arguments>
<assign>
<var>${resp}</var>
</assign>
<msg timestamp="20190220 17:57:59.068" level="INFO">Get Request using : alias=compass, uri=v1/workspaces/autoabcgitlab/pipelines/autoabcgitlab/records, headers={'Content-Type': 'application/json', 'Authorization': 'Basic YWRtaW46UHdkMTIzNDU2', 'X-Tenant': 'devops'} json=None</msg>
<msg timestamp="20190220 17:57:59.069" level="INFO">${resp} = &lt;Response [200]&gt;</msg>
<status status="PASS" starttime="20190220 17:57:58.762" endtime="20190220 17:57:59.069"></status>
</kw>
<kw name="Should Be Equal As Strings" library="BuiltIn">
<doc>Fails if objects are unequal after converting them to strings.</doc>
<arguments>
<arg>${resp.status_code}</arg>
<arg>200</arg>
</arguments>
<msg timestamp="20190220 17:57:59.070" level="INFO">Argument types are:
&lt;class 'int'&gt;
&lt;type 'unicode'&gt;</msg>
<status status="PASS" starttime="20190220 17:57:59.070" endtime="20190220 17:57:59.071"></status>
</kw>
<kw name="Set Variable" library="BuiltIn">
<doc>Returns the given values which can then be assigned to a variables.</doc>
<arguments>
<arg>${resp.json()}</arg>
</arguments>
<assign>
<var>${content}</var>
</assign>
<msg timestamp="20190220 17:57:59.072" level="INFO">${content} = {'metadata': {'total': 1}, 'items': [{'id': '5c6d2423bdcb2f00015824a8', 'name': 'b9c5b9c-190220175609', 'pipelineID': '5c6d2422bdcb2f00015824a7', 'trigger': 'admin', 'performParams': {'ref': 'refs/hea...</msg>
<status status="PASS" starttime="20190220 17:57:59.071" endtime="20190220 17:57:59.072"></status>
</kw>
<kw name="Set Variable" library="BuiltIn">
<doc>Returns the given values which can then be assigned to a variables.</doc>
<arguments>
<arg>${content['items'][0]['id']}</arg>
</arguments>
<assign>
<var>${pipeline_id}</var>
</assign>
<msg timestamp="20190220 17:57:59.074" level="INFO">${pipeline_id} = 5c6d2423bdcb2f00015824a8</msg>
<status status="PASS" starttime="20190220 17:57:59.073" endtime="20190220 17:57:59.074"></status>
</kw>
<kw name="Set Variable" library="BuiltIn">
<doc>Returns the given values which can then be assigned to a variables.</doc>
<arguments>
<arg>${content['items'][0]['stageStatus']['imageBuild']['tasks'][0]['name']}</arg>
</arguments>
<assign>
<var>${task_name}</var>
</assign>
<msg timestamp="20190220 17:57:59.075" level="INFO">${task_name} = imageBuild-be1rt</msg>
<status status="PASS" starttime="20190220 17:57:59.074" endtime="20190220 17:57:59.076"></status>
</kw>
<kw name="Log" library="BuiltIn">
<doc>Logs the given message with the given level.</doc>
<arguments>
<arg>${pipeline_id}</arg>
</arguments>
<msg timestamp="20190220 17:57:59.076" level="INFO">5c6d2423bdcb2f00015824a8</msg>
<status status="PASS" starttime="20190220 17:57:59.076" endtime="20190220 17:57:59.077"></status>
</kw>
<kw name="Log" library="BuiltIn">
<doc>Logs the given message with the given level.</doc>
<arguments>
<arg>${task_name}</arg>
</arguments>
<msg timestamp="20190220 17:57:59.077" level="INFO">imageBuild-be1rt</msg>
<status status="PASS" starttime="20190220 17:57:59.077" endtime="20190220 17:57:59.078"></status>
</kw>
<kw name="Log" library="BuiltIn">
<doc>Logs the given message with the given level.</doc>
<arguments>
<arg>${content}</arg>
</arguments>
<msg timestamp="20190220 17:57:59.079" level="INFO">{'metadata': {'total': 1}, 'items': [{'id': '5c6d2423bdcb2f00015824a8', 'name': 'b9c5b9c-190220175609', 'pipelineID': '5c6d2422bdcb2f00015824a7', 'trigger': 'admin', 'performParams': {'ref': 'refs/heads/master', 'stages': ['codeCheckout', 'package', 'imageBuild', 'imageRelease']}, 'stageStatus': {'codeCheckout': {'status': 'Success', 'startTime': '2019-02-20T17:56:17.646+08:00', 'endTime': '2019-02-20T17:56:18.327+08:00', 'commits': {'mainRepo': {'repoName': 'peter/golangtest', 'id': 'b9c5b9c6c23e436a3ef6f1dd3e7b6e507975aea0', 'author': 'peter', 'date': '2019-01-22T17:10:19+08:00', 'message': 'new'}}}, 'package': {'status': 'Success', 'startTime': '2019-02-20T17:56:18.332+08:00', 'endTime': '2019-02-20T17:56:34.308+08:00'}, 'imageBuild': {'status': 'Success', 'startTime': '2019-02-20T17:56:34.314+08:00', 'endTime': '2019-02-20T17:57:03.333+08:00', 'tasks': [{'name': 'imageBuild-be1rt', 'status': 'Success', 'startTime': '2019-02-20T17:56:34.314+08:00', 'endTime': '2019-02-20T17:57:03.333+08:00', 'image': 'test.caicloudprivatetest.com/devops_autoabcgitlab/abcd:b9c5b9c-190220175609'}]}, 'imageRelease': {'status': 'Success', 'startTime': '2019-02-20T17:57:03.342+08:00', 'endTime': '2019-02-20T17:57:19.161+08:00', 'tasks': [{'name': 'test.caicloudprivatetest.com/devops_autoabcgitlab/abcd:b9c5b9c-190220175609', 'status': 'Success', 'startTime': '2019-02-20T17:57:03.342+08:00', 'endTime': '2019-02-20T17:57:19.161+08:00', 'image': 'test.caicloudprivatetest.com/devops_autoabcgitlab/abcd:b9c5b9c-190220175609'}]}}, 'status': 'Success', 'startTime': '2019-02-20T17:56:09.066+08:00', 'endTime': '2019-02-20T17:57:19.168+08:00'}]}</msg>
<status status="PASS" starttime="20190220 17:57:59.078" endtime="20190220 17:57:59.079"></status>
</kw>
<msg timestamp="20190220 17:57:59.080" level="INFO">${pipeline_id} = 5c6d2423bdcb2f00015824a8</msg>
<msg timestamp="20190220 17:57:59.080" level="INFO">${task_name} = imageBuild-be1rt</msg>
<status status="PASS" starttime="20190220 17:57:58.755" endtime="20190220 17:57:59.080"></status>
</kw>
<kw name="Log" library="BuiltIn">
<doc>Logs the given message with the given level.</doc>
<arguments>
<arg>devops_获取pipeline执行log</arg>
</arguments>
<msg timestamp="20190220 17:57:59.082" level="INFO">devops_获取pipeline执行log</msg>
<status status="PASS" starttime="20190220 17:57:59.081" endtime="20190220 17:57:59.082"></status>
</kw>
<kw name="devops_获取pipeline执行log" library="devopsAPI业务关键词">
<arguments>
<arg>${pipeline_id}</arg>
<arg>${task_name}</arg>
<arg>imageBuild</arg>
<arg>gitlab</arg>
<arg>${workspaceName_gitlab}</arg>
<arg>${pipelineName_gitlab}</arg>
</arguments>
<kw name="Create Dictionary" library="BuiltIn">
<doc>Creates and returns a dictionary based on the given ``items``.</doc>
<arguments>
<arg>Content-Type=application/json</arg>
<arg>Authorization=Basic YWRtaW46UHdkMTIzNDU2</arg>
<arg>X-Tenant=${namespace}</arg>
</arguments>
<assign>
<var>${header}</var>
</assign>
<msg timestamp="20190220 17:57:59.086" level="INFO">${header} = {'Content-Type': 'application/json', 'Authorization': 'Basic YWRtaW46UHdkMTIzNDU2', 'X-Tenant': 'devops'}</msg>
<status status="PASS" starttime="20190220 17:57:59.086" endtime="20190220 17:57:59.087"></status>
</kw>
<kw name="Create Session" library="RequestsLibrary">
<doc>Create Session: create a HTTP session to a server</doc>
<arguments>
<arg>compass</arg>
<arg>http://${compass_ip}:${api_port}/apis/admin.devops.caicloud.io</arg>
<arg>${header}</arg>
</arguments>
<msg timestamp="20190220 17:57:59.087" level="INFO">Creating Session using : alias=compass, url=http://192.168.129.130:6002/apis/admin.devops.caicloud.io, headers={'Content-Type': 'application/json', 'Authorization': 'Basic YWRtaW46UHdkMTIzNDU2', 'X-Tenant': 'devops'},                     cookies=None, auth=None, timeout=None, proxies=None, verify=False,                     debug=0 </msg>
<status status="PASS" starttime="20190220 17:57:59.087" endtime="20190220 17:57:59.088"></status>
</kw>
<kw name="Get Request" library="RequestsLibrary">
<doc>Send a GET request on the session object found using the</doc>
<arguments>
<arg>compass</arg>
<arg>v1/workspaces/${workspace}/pipelines/${pipeline}/records/${pipeline_id}/logs?stage=${stage}&amp;task=${task_name}&amp;download=false</arg>
<arg>headers=${header}</arg>
</arguments>
<assign>
<var>${resp}</var>
</assign>
<msg timestamp="20190220 17:57:59.454" level="INFO">Get Request using : alias=compass, uri=v1/workspaces/autoabcgitlab/pipelines/autoabcgitlab/records/5c6d2423bdcb2f00015824a8/logs?stage=imageBuild&amp;task=imageBuild-be1rt&amp;download=false, headers={'Content-Type': 'application/json', 'Authorization': 'Basic YWRtaW46UHdkMTIzNDU2', 'X-Tenant': 'devops'} json=None</msg>
<msg timestamp="20190220 17:57:59.456" level="INFO">${resp} = &lt;Response [200]&gt;</msg>
<status status="PASS" starttime="20190220 17:57:59.088" endtime="20190220 17:57:59.456"></status>
</kw>
<kw name="Should Be Equal As Strings" library="BuiltIn">
<doc>Fails if objects are unequal after converting them to strings.</doc>
<arguments>
<arg>${resp.status_code}</arg>
<arg>200</arg>
</arguments>
<msg timestamp="20190220 17:57:59.459" level="INFO">Argument types are:
&lt;class 'int'&gt;
&lt;type 'unicode'&gt;</msg>
<status status="PASS" starttime="20190220 17:57:59.457" endtime="20190220 17:57:59.459"></status>
</kw>
<kw name="Log" library="BuiltIn">
<doc>Logs the given message with the given level.</doc>
<arguments>
<arg>${resp}</arg>
</arguments>
<msg timestamp="20190220 17:57:59.460" level="INFO">&lt;Response [200]&gt;</msg>
<status status="PASS" starttime="20190220 17:57:59.460" endtime="20190220 17:57:59.460"></status>
</kw>
<status status="PASS" starttime="20190220 17:57:59.083" endtime="20190220 17:57:59.461"></status>
</kw>
<kw name="Log" library="BuiltIn">
<doc>Logs the given message with the given level.</doc>
<arguments>
<arg>删除流水线组</arg>
</arguments>
<msg timestamp="20190220 17:57:59.461" level="INFO">删除流水线组</msg>
<status status="PASS" starttime="20190220 17:57:59.461" endtime="20190220 17:57:59.462"></status>
</kw>
<kw name="devops_删除workspace" library="devopsAPI业务关键词">
<arguments>
<arg>gitlab</arg>
<arg>${workspaceName_gitlab}</arg>
</arguments>
<kw name="Create Dictionary" library="BuiltIn">
<doc>Creates and returns a dictionary based on the given ``items``.</doc>
<arguments>
<arg>Content-Type=application/json</arg>
<arg>Authorization=Basic YWRtaW46UHdkMTIzNDU2</arg>
<arg>X-Tenant=${namespace}</arg>
</arguments>
<assign>
<var>${header}</var>
</assign>
<msg timestamp="20190220 17:57:59.463" level="INFO">${header} = {'Content-Type': 'application/json', 'Authorization': 'Basic YWRtaW46UHdkMTIzNDU2', 'X-Tenant': 'devops'}</msg>
<status status="PASS" starttime="20190220 17:57:59.463" endtime="20190220 17:57:59.464"></status>
</kw>
<kw name="Create Session" library="RequestsLibrary">
<doc>Create Session: create a HTTP session to a server</doc>
<arguments>
<arg>compass</arg>
<arg>http://${compass_ip}:${api_port}/apis/admin.devops.caicloud.io</arg>
<arg>${header}</arg>
</arguments>
<msg timestamp="20190220 17:57:59.464" level="INFO">Creating Session using : alias=compass, url=http://192.168.129.130:6002/apis/admin.devops.caicloud.io, headers={'Content-Type': 'application/json', 'Authorization': 'Basic YWRtaW46UHdkMTIzNDU2', 'X-Tenant': 'devops'},                     cookies=None, auth=None, timeout=None, proxies=None, verify=False,                     debug=0 </msg>
<status status="PASS" starttime="20190220 17:57:59.464" endtime="20190220 17:57:59.465"></status>
</kw>
<kw name="Delete Request" library="RequestsLibrary">
<doc>Send a DELETE request on the session object found using the</doc>
<arguments>
<arg>compass</arg>
<arg>/v1/workspaces/${workspace}</arg>
<arg>headers=${header}</arg>
</arguments>
<assign>
<var>${resp}</var>
</assign>
<msg timestamp="20190220 17:57:59.926" level="INFO">Delete Request using : alias=compass, uri=/v1/workspaces/autoabcgitlab, data=[],                     headers={'Content-Type': 'application/json', 'Authorization': 'Basic YWRtaW46UHdkMTIzNDU2', 'X-Tenant': 'devops'}, allow_redirects=True </msg>
<msg timestamp="20190220 17:57:59.926" level="INFO">${resp} = &lt;Response [204]&gt;</msg>
<status status="PASS" starttime="20190220 17:57:59.465" endtime="20190220 17:57:59.927"></status>
</kw>
<kw name="Should Be Equal As Strings" library="BuiltIn">
<doc>Fails if objects are unequal after converting them to strings.</doc>
<arguments>
<arg>${resp.status_code}</arg>
<arg>204</arg>
</arguments>
<msg timestamp="20190220 17:57:59.929" level="INFO">Argument types are:
&lt;class 'int'&gt;
&lt;type 'unicode'&gt;</msg>
<status status="PASS" starttime="20190220 17:57:59.928" endtime="20190220 17:57:59.930"></status>
</kw>
<status status="PASS" starttime="20190220 17:57:59.462" endtime="20190220 17:57:59.930"></status>
</kw>
<kw name="Log" library="BuiltIn">
<doc>Logs the given message with the given level.</doc>
<arguments>
<arg>devops_删除project</arg>
</arguments>
<msg timestamp="20190220 17:57:59.932" level="INFO">devops_删除project</msg>
<status status="PASS" starttime="20190220 17:57:59.931" endtime="20190220 17:57:59.933"></status>
</kw>
<kw name="devops_删除project" library="devopsAPI业务关键词">
<arguments>
<arg>${workspaceName_gitlab}</arg>
</arguments>
<kw name="Create Dictionary" library="BuiltIn">
<doc>Creates and returns a dictionary based on the given ``items``.</doc>
<arguments>
<arg>Content-Type=application/json</arg>
<arg>Authorization=Basic YWRtaW46UHdkMTIzNDU2</arg>
<arg>X-Tenant=${namespace}</arg>
</arguments>
<assign>
<var>${header}</var>
</assign>
<msg timestamp="20190220 17:57:59.938" level="INFO">${header} = {'Content-Type': 'application/json', 'Authorization': 'Basic YWRtaW46UHdkMTIzNDU2', 'X-Tenant': 'devops'}</msg>
<status status="PASS" starttime="20190220 17:57:59.937" endtime="20190220 17:57:59.938"></status>
</kw>
<kw name="Create Session" library="RequestsLibrary">
<doc>Create Session: create a HTTP session to a server</doc>
<arguments>
<arg>compass</arg>
<arg>http://${compass_ip}:${api_port}/apis/admin.cargo.caicloud.io</arg>
<arg>${header}</arg>
</arguments>
<msg timestamp="20190220 17:57:59.940" level="INFO">Creating Session using : alias=compass, url=http://192.168.129.130:6002/apis/admin.cargo.caicloud.io, headers={'Content-Type': 'application/json', 'Authorization': 'Basic YWRtaW46UHdkMTIzNDU2', 'X-Tenant': 'devops'},                     cookies=None, auth=None, timeout=None, proxies=None, verify=False,                     debug=0 </msg>
<status status="PASS" starttime="20190220 17:57:59.939" endtime="20190220 17:57:59.941"></status>
</kw>
<kw name="Delete Request" library="RequestsLibrary">
<doc>Send a DELETE request on the session object found using the</doc>
<arguments>
<arg>compass</arg>
<arg>${url}/${registryName}/projects/${namespace}_${projectName_l}</arg>
<arg>headers=${header}</arg>
</arguments>
<assign>
<var>${resp}</var>
</assign>
<msg timestamp="20190220 17:58:00.406" level="INFO">Delete Request using : alias=compass, uri=/v2/registries/default/projects/devops_autoabcgitlab, data=[],                     headers={'Content-Type': 'application/json', 'Authorization': 'Basic YWRtaW46UHdkMTIzNDU2', 'X-Tenant': 'devops'}, allow_redirects=True </msg>
<msg timestamp="20190220 17:58:00.406" level="INFO">${resp} = &lt;Response [204]&gt;</msg>
<status status="PASS" starttime="20190220 17:57:59.942" endtime="20190220 17:58:00.407"></status>
</kw>
<kw name="Should Be Equal As Strings" library="BuiltIn">
<doc>Fails if objects are unequal after converting them to strings.</doc>
<arguments>
<arg>${resp.status_code}</arg>
<arg>204</arg>
</arguments>
<msg timestamp="20190220 17:58:00.408" level="INFO">Argument types are:
&lt;class 'int'&gt;
&lt;type 'unicode'&gt;</msg>
<status status="PASS" starttime="20190220 17:58:00.407" endtime="20190220 17:58:00.408"></status>
</kw>
<status status="PASS" starttime="20190220 17:57:59.934" endtime="20190220 17:58:00.409"></status>
</kw>
<status status="PASS" starttime="20190220 17:55:54.977" endtime="20190220 17:58:00.410" critical="yes"></status>
</test>
<test id="s1-s1-s1-s1-t2" name="devops_持续交付_github_maven流水线_加速">
<kw name="Log" library="BuiltIn">
<doc>Logs the given message with the given level.</doc>
<arguments>
<arg>环境初始化</arg>
</arguments>
<msg timestamp="20190220 17:58:00.415" level="INFO">环境初始化</msg>
<status status="PASS" starttime="20190220 17:58:00.414" endtime="20190220 17:58:00.415"></status>
</kw>
<kw name="devops_判断是否已存在workspace" library="devopsAPI业务关键词">
<arguments>
<arg>${workspaceName_github}</arg>
</arguments>
<assign>
<var>${result}</var>
</assign>
<kw name="Set Variable" library="BuiltIn">
<doc>Returns the given values which can then be assigned to a variables.</doc>
<arguments>
<arg>${0}</arg>
</arguments>
<assign>
<var>${result}</var>
</assign>
<msg timestamp="20190220 17:58:00.423" level="INFO">${result} = 0</msg>
<status status="PASS" starttime="20190220 17:58:00.422" endtime="20190220 17:58:00.423"></status>
</kw>
<kw name="devops_获取workspace" library="devopsAPI业务关键词">
<assign>
<var>${content}</var>
</assign>
<kw name="Create Dictionary" library="BuiltIn">
<doc>Creates and returns a dictionary based on the given ``items``.</doc>
<arguments>
<arg>Content-Type=application/json</arg>
<arg>Authorization=Basic YWRtaW46UHdkMTIzNDU2</arg>
<arg>X-Tenant=${namespace}</arg>
</arguments>
<assign>
<var>${header}</var>
</assign>
<msg timestamp="20190220 17:58:00.426" level="INFO">${header} = {'Content-Type': 'application/json', 'Authorization': 'Basic YWRtaW46UHdkMTIzNDU2', 'X-Tenant': 'devops'}</msg>
<status status="PASS" starttime="20190220 17:58:00.425" endtime="20190220 17:58:00.426"></status>
</kw>
<kw name="Create Session" library="RequestsLibrary">
<doc>Create Session: create a HTTP session to a server</doc>
<arguments>
<arg>compass</arg>
<arg>http://${compass_ip}:${api_port}/apis/admin.devops.caicloud.io</arg>
<arg>${header}</arg>
</arguments>
<msg timestamp="20190220 17:58:00.427" level="INFO">Creating Session using : alias=compass, url=http://192.168.129.130:6002/apis/admin.devops.caicloud.io, headers={'Content-Type': 'application/json', 'Authorization': 'Basic YWRtaW46UHdkMTIzNDU2', 'X-Tenant': 'devops'},                     cookies=None, auth=None, timeout=None, proxies=None, verify=False,                     debug=0 </msg>
<status status="PASS" starttime="20190220 17:58:00.427" endtime="20190220 17:58:00.428"></status>
</kw>
<kw name="Get Request" library="RequestsLibrary">
<doc>Send a GET request on the session object found using the</doc>
<arguments>
<arg>compass</arg>
<arg>${url}</arg>
<arg>headers=${header}</arg>
</arguments>
<assign>
<var>${resp}</var>
</assign>
<msg timestamp="20190220 17:58:00.815" level="INFO">Get Request using : alias=compass, uri=/v1/workspaces, headers={'Content-Type': 'application/json', 'Authorization': 'Basic YWRtaW46UHdkMTIzNDU2', 'X-Tenant': 'devops'} json=None</msg>
<msg timestamp="20190220 17:58:00.816" level="INFO">${resp} = &lt;Response [200]&gt;</msg>
<status status="PASS" starttime="20190220 17:58:00.429" endtime="20190220 17:58:00.816"></status>
</kw>
<kw name="Should Be Equal As Strings" library="BuiltIn">
<doc>Fails if objects are unequal after converting them to strings.</doc>
<arguments>
<arg>${resp.status_code}</arg>
<arg>200</arg>
</arguments>
<msg timestamp="20190220 17:58:00.819" level="INFO">Argument types are:
&lt;class 'int'&gt;
&lt;type 'unicode'&gt;</msg>
<status status="PASS" starttime="20190220 17:58:00.817" endtime="20190220 17:58:00.820"></status>
</kw>
<kw name="Set Variable" library="BuiltIn">
<doc>Returns the given values which can then be assigned to a variables.</doc>
<arguments>
<arg>${resp.json()}</arg>
</arguments>
<assign>
<var>${content}</var>
</assign>
<msg timestamp="20190220 17:58:00.822" level="INFO">${content} = {'metadata': {'total': 0}, 'items': []}</msg>
<status status="PASS" starttime="20190220 17:58:00.821" endtime="20190220 17:58:00.822"></status>
</kw>
<kw name="Log" library="BuiltIn">
<doc>Logs the given message with the given level.</doc>
<arguments>
<arg>${content}</arg>
</arguments>
<msg timestamp="20190220 17:58:00.824" level="INFO">{'metadata': {'total': 0}, 'items': []}</msg>
<status status="PASS" starttime="20190220 17:58:00.823" endtime="20190220 17:58:00.824"></status>
</kw>
<msg timestamp="20190220 17:58:00.825" level="INFO">${content} = {'metadata': {'total': 0}, 'items': []}</msg>
<status status="PASS" starttime="20190220 17:58:00.424" endtime="20190220 17:58:00.825"></status>
</kw>
<kw name="Set Variable" library="BuiltIn">
<doc>Returns the given values which can then be assigned to a variables.</doc>
<arguments>
<arg>${content['metadata']['total']}</arg>
</arguments>
<assign>
<var>${number}</var>
</assign>
<msg timestamp="20190220 17:58:00.827" level="INFO">${number} = 0</msg>
<status status="PASS" starttime="20190220 17:58:00.826" endtime="20190220 17:58:00.827"></status>
</kw>
<kw name="${i} IN RANGE [ ${number} ]" type="for">
<status status="PASS" starttime="20190220 17:58:00.827" endtime="20190220 17:58:00.828"></status>
</kw>
<msg timestamp="20190220 17:58:00.828" level="INFO">${result} = 0</msg>
<status status="PASS" starttime="20190220 17:58:00.420" endtime="20190220 17:58:00.829"></status>
</kw>
<kw name="Run Keyword If" library="BuiltIn">
<doc>Runs the given keyword with the given arguments, if ``condition`` is true.</doc>
<arguments>
<arg>${result}==${1}</arg>
<arg>devops_删除workspace</arg>
<arg>github</arg>
<arg>${workspaceName_github}</arg>
</arguments>
<status status="PASS" starttime="20190220 17:58:00.829" endtime="20190220 17:58:00.830"></status>
</kw>
<kw name="Log" library="BuiltIn">
<doc>Logs the given message with the given level.</doc>
<arguments>
<arg>devops_创建workspace</arg>
</arguments>
<msg timestamp="20190220 17:58:00.831" level="INFO">devops_创建workspace</msg>
<status status="PASS" starttime="20190220 17:58:00.831" endtime="20190220 17:58:00.832"></status>
</kw>
<kw name="devops_创建workspace" library="devopsAPI业务关键词">
<arguments>
<arg>github</arg>
<arg>${workspaceName_github}</arg>
</arguments>
<kw name="github流水线获取token" library="devopsAPI基础关键词">
<assign>
<var>${githubjson_token}</var>
</assign>
<kw name="Evaluate" library="BuiltIn">
<doc>Evaluates the given expression in Python and returns the results.</doc>
<arguments>
<arg>base64.b64decode('${github_token}')</arg>
<arg>modules=base64</arg>
</arguments>
<assign>
<var>${kk}</var>
</assign>
<msg timestamp="20190220 17:58:00.838" level="INFO">${kk} = 7607cc6672d77fca99014ef987d0ab0e4564b40b</msg>
<status status="PASS" starttime="20190220 17:58:00.836" endtime="20190220 17:58:00.838"></status>
</kw>
<kw name="Decode Bytes To String" library="String">
<doc>Decodes the given ``bytes`` to a Unicode string using the given ``encoding``.</doc>
<arguments>
<arg>${kk}</arg>
<arg>UTF-8</arg>
</arguments>
<assign>
<var>${kkstr}</var>
</assign>
<msg timestamp="20190220 17:58:00.840" level="INFO">${kkstr} = 7607cc6672d77fca99014ef987d0ab0e4564b40b</msg>
<status status="PASS" starttime="20190220 17:58:00.839" endtime="20190220 17:58:00.840"></status>
</kw>
<kw name="Log" library="BuiltIn">
<doc>Logs the given message with the given level.</doc>
<arguments>
<arg>${kk}</arg>
</arguments>
<msg timestamp="20190220 17:58:00.842" level="INFO">7607cc6672d77fca99014ef987d0ab0e4564b40b</msg>
<status status="PASS" starttime="20190220 17:58:00.841" endtime="20190220 17:58:00.842"></status>
</kw>
<kw name="Evaluate" library="BuiltIn">
<doc>Evaluates the given expression in Python and returns the results.</doc>
<arguments>
<arg>${workspaceJSON_github}</arg>
</arguments>
<assign>
<var>${github_decode_token}</var>
</assign>
<msg timestamp="20190220 17:58:00.844" level="INFO">${github_decode_token} = {'scm': {'type': 'Github', 'authType': 'Token', 'username': ' ', 'server': 'https://github.com', 'token': 'NzYwN2NjNjY3MmQ3N2ZjYTk5MDE0ZWY5ODdkMGFiMGU0NTY0YjQwYg=='}, 'cargo': {'projectType': 'default...</msg>
<status status="PASS" starttime="20190220 17:58:00.843" endtime="20190220 17:58:00.844"></status>
</kw>
<kw name="Set To Dictionary" library="Collections">
<doc>Adds the given ``key_value_pairs`` and ``items`` to the ``dictionary``.</doc>
<arguments>
<arg>${github_decode_token['scm']}</arg>
<arg>token=${kkstr}</arg>
</arguments>
<status status="PASS" starttime="20190220 17:58:00.845" endtime="20190220 17:58:00.846"></status>
</kw>
<kw name="Log" library="BuiltIn">
<doc>Logs the given message with the given level.</doc>
<arguments>
<arg>${github_decode_token['scm']['token']}</arg>
</arguments>
<msg timestamp="20190220 17:58:00.848" level="INFO">7607cc6672d77fca99014ef987d0ab0e4564b40b</msg>
<status status="PASS" starttime="20190220 17:58:00.847" endtime="20190220 17:58:00.848"></status>
</kw>
<msg timestamp="20190220 17:58:00.849" level="INFO">${githubjson_token} = {'scm': {'type': 'Github', 'authType': 'Token', 'username': ' ', 'server': 'https://github.com', 'token': '7607cc6672d77fca99014ef987d0ab0e4564b40b'}, 'cargo': {'projectType': 'default', 'name': 'defa...</msg>
<status status="PASS" starttime="20190220 17:58:00.834" endtime="20190220 17:58:00.849"></status>
</kw>
<kw name="Run Keyword If" library="BuiltIn">
<doc>Runs the given keyword with the given arguments, if ``condition`` is true.</doc>
<arguments>
<arg>'${repo_type}'=='gitlab'</arg>
<arg>Set Variable</arg>
<arg>${workspaceJson_gitlab}</arg>
<arg>ELSE IF</arg>
<arg>'${repo_type}'=='github'</arg>
<arg>Set Variable</arg>
<arg>${githubjson_token}</arg>
<arg>ELSE IF</arg>
<arg>'${repo_type}'=='svn'</arg>
<arg>Set Variable</arg>
<arg>${workspaceJSON_svn}</arg>
</arguments>
<assign>
<var>${workspaceJson}</var>
</assign>
<kw name="Set Variable" library="BuiltIn">
<doc>Returns the given values which can then be assigned to a variables.</doc>
<arguments>
<arg>${githubjson_token}</arg>
</arguments>
<status status="PASS" starttime="20190220 17:58:00.853" endtime="20190220 17:58:00.854"></status>
</kw>
<msg timestamp="20190220 17:58:00.855" level="INFO">${workspaceJson} = {'scm': {'type': 'Github', 'authType': 'Token', 'username': ' ', 'server': 'https://github.com', 'token': '7607cc6672d77fca99014ef987d0ab0e4564b40b'}, 'cargo': {'projectType': 'default', 'name': 'defa...</msg>
<status status="PASS" starttime="20190220 17:58:00.851" endtime="20190220 17:58:00.855"></status>
</kw>
<kw name="Log" library="BuiltIn">
<doc>Logs the given message with the given level.</doc>
<arguments>
<arg>${workspaceJson}</arg>
</arguments>
<msg timestamp="20190220 17:58:00.857" level="INFO">{'scm': {'type': 'Github', 'authType': 'Token', 'username': ' ', 'server': 'https://github.com', 'token': '7607cc6672d77fca99014ef987d0ab0e4564b40b'}, 'cargo': {'projectType': 'default', 'name': 'default'}, 'cacheDependencies': {'Maven': True}, 'GithubToken': 'false', 'GithubPassword': 'false', 'GitlabToken': 'false', 'GitlabPassword': 'false', 'workerQuota': {'cpuRequests': '0.5', 'cpuLimits': '1', 'memoryRequests': '1Gi', 'memoryLimits': '2Gi'}, 'alias': 'autoagithub'}</msg>
<status status="PASS" starttime="20190220 17:58:00.856" endtime="20190220 17:58:00.857"></status>
</kw>
<kw name="Create Dictionary" library="BuiltIn">
<doc>Creates and returns a dictionary based on the given ``items``.</doc>
<arguments>
<arg>Content-Type=application/json</arg>
<arg>Authorization=Basic YWRtaW46UHdkMTIzNDU2</arg>
<arg>X-Tenant=${namespace}</arg>
</arguments>
<assign>
<var>${header}</var>
</assign>
<msg timestamp="20190220 17:58:00.859" level="INFO">${header} = {'Content-Type': 'application/json', 'Authorization': 'Basic YWRtaW46UHdkMTIzNDU2', 'X-Tenant': 'devops'}</msg>
<status status="PASS" starttime="20190220 17:58:00.858" endtime="20190220 17:58:00.860"></status>
</kw>
<kw name="Create Session" library="RequestsLibrary">
<doc>Create Session: create a HTTP session to a server</doc>
<arguments>
<arg>compass</arg>
<arg>http://${compass_ip}:${api_port}/apis/admin.devops.caicloud.io</arg>
<arg>${header}</arg>
</arguments>
<msg timestamp="20190220 17:58:00.861" level="INFO">Creating Session using : alias=compass, url=http://192.168.129.130:6002/apis/admin.devops.caicloud.io, headers={'Content-Type': 'application/json', 'Authorization': 'Basic YWRtaW46UHdkMTIzNDU2', 'X-Tenant': 'devops'},                     cookies=None, auth=None, timeout=None, proxies=None, verify=False,                     debug=0 </msg>
<status status="PASS" starttime="20190220 17:58:00.860" endtime="20190220 17:58:00.862"></status>
</kw>
<kw name="Post Request" library="RequestsLibrary">
<doc>Send a POST request on the session object found using the</doc>
<arguments>
<arg>compass</arg>
<arg>/v1/workspaces</arg>
<arg>data=${workspaceJson}</arg>
<arg>headers=${header}</arg>
</arguments>
<assign>
<var>${resp}</var>
</assign>
<msg timestamp="20190220 17:58:01.237" level="INFO">Post Request using : alias=compass, uri=/v1/workspaces, data={"scm": {"type": "Github", "authType": "Token", "username": " ", "server": "https://github.com", "token": "7607cc6672d77fca99014ef987d0ab0e4564b40b"}, "cargo": {"projectType": "default", "name": "default"}, "cacheDependencies": {"Maven": true}, "GithubToken": "false", "GithubPassword": "false", "GitlabToken": "false", "GitlabPassword": "false", "workerQuota": {"cpuRequests": "0.5", "cpuLimits": "1", "memoryRequests": "1Gi", "memoryLimits": "2Gi"}, "alias": "autoagithub"}, headers={'Content-Type': 'application/json', 'Authorization': 'Basic YWRtaW46UHdkMTIzNDU2', 'X-Tenant': 'devops'}, files=None, allow_redirects=True </msg>
<msg timestamp="20190220 17:58:01.237" level="INFO">${resp} = &lt;Response [500]&gt;</msg>
<status status="PASS" starttime="20190220 17:58:00.863" endtime="20190220 17:58:01.237"></status>
</kw>
<kw name="Should Be Equal As Strings" library="BuiltIn">
<doc>Fails if objects are unequal after converting them to strings.</doc>
<arguments>
<arg>${resp.status_code}</arg>
<arg>201</arg>
</arguments>
<msg timestamp="20190220 17:58:01.239" level="INFO">Argument types are:
&lt;class 'int'&gt;
&lt;type 'unicode'&gt;</msg>
<msg timestamp="20190220 17:58:01.239" level="FAIL">500 != 201</msg>
<status status="FAIL" starttime="20190220 17:58:01.238" endtime="20190220 17:58:01.240"></status>
</kw>
<status status="FAIL" starttime="20190220 17:58:00.832" endtime="20190220 17:58:01.240"></status>
</kw>
<status status="FAIL" starttime="20190220 17:58:00.411" endtime="20190220 17:58:01.241" critical="yes">500 != 201</status>
</test>
<test id="s1-s1-s1-s1-t3" name="devops_持续交付_svn_golang流水线">
<kw name="Log" library="BuiltIn">
<doc>Logs the given message with the given level.</doc>
<arguments>
<arg>环境初始化</arg>
</arguments>
<msg timestamp="20190220 17:58:01.244" level="INFO">环境初始化</msg>
<status status="PASS" starttime="20190220 17:58:01.243" endtime="20190220 17:58:01.244"></status>
</kw>
<kw name="devops_判断是否已存在workspace" library="devopsAPI业务关键词">
<arguments>
<arg>${workspaceName_svn}</arg>
</arguments>
<assign>
<var>${result}</var>
</assign>
<kw name="Set Variable" library="BuiltIn">
<doc>Returns the given values which can then be assigned to a variables.</doc>
<arguments>
<arg>${0}</arg>
</arguments>
<assign>
<var>${result}</var>
</assign>
<msg timestamp="20190220 17:58:01.245" level="INFO">${result} = 0</msg>
[...]
</kw>
<status status="PASS" starttime="20190220 18:00:10.660" endtime="20190220 18:00:10.662"></status>
</kw>
<status status="PASS" starttime="20190220 17:59:10.127" endtime="20190220 18:00:10.662"></status>
</kw>
<status status="PASS" starttime="20190220 17:59:10.127" endtime="20190220 18:00:10.663"></status>
</kw>
<msg timestamp="20190220 18:00:10.664" level="INFO">${return} = Success</msg>
<status status="PASS" starttime="20190220 17:59:10.125" endtime="20190220 18:00:10.665"></status>
</kw>
<kw name="Log" library="BuiltIn">
<doc>Logs the given message with the given level.</doc>
<arguments>
<arg>断言执行结果为success</arg>
</arguments>
<msg timestamp="20190220 18:00:10.667" level="INFO">断言执行结果为success</msg>
<status status="PASS" starttime="20190220 18:00:10.666" endtime="20190220 18:00:10.667"></status>
</kw>
<kw name="Run Keyword And Continue On Failure" library="BuiltIn">
<doc>Runs the keyword and continues execution even if a failure occurs.</doc>
<arguments>
<arg>Should Be Equal As Strings</arg>
<arg>'${return}'</arg>
<arg>'Success'</arg>
</arguments>
<kw name="Should Be Equal As Strings" library="BuiltIn">
<doc>Fails if objects are unequal after converting them to strings.</doc>
<arguments>
<arg>'${return}'</arg>
<arg>'Success'</arg>
</arguments>
<status status="PASS" starttime="20190220 18:00:10.668" endtime="20190220 18:00:10.668"></status>
</kw>
<status status="PASS" starttime="20190220 18:00:10.667" endtime="20190220 18:00:10.669"></status>
</kw>
<kw name="Log" library="BuiltIn">
<doc>Logs the given message with the given level.</doc>
<arguments>
<arg>devops_获取pipeline执行记录</arg>
</arguments>
<msg timestamp="20190220 18:00:10.669" level="INFO">devops_获取pipeline执行记录</msg>
<status status="PASS" starttime="20190220 18:00:10.669" endtime="20190220 18:00:10.670"></status>
</kw>
<kw name="devops_获取pipeline执行记录" library="devopsAPI业务关键词">
<arguments>
<arg>gitlab</arg>
<arg>${workspaceName_gitlab}</arg>
<arg>${pipelineName_gitlab}</arg>
</arguments>
<assign>
<var>${pipeline_id}</var>
<var>${task_name}</var>
</assign>
<kw name="Create Dictionary" library="BuiltIn">
<doc>Creates and returns a dictionary based on the given ``items``.</doc>
<arguments>
<arg>Content-Type=application/json</arg>
<arg>Authorization=Basic YWRtaW46UHdkMTIzNDU2</arg>
<arg>X-Tenant=${namespace}</arg>
</arguments>
<assign>
<var>${header}</var>
</assign>
<msg timestamp="20190220 18:00:10.671" level="INFO">${header} = {'Content-Type': 'application/json', 'Authorization': 'Basic YWRtaW46UHdkMTIzNDU2', 'X-Tenant': 'devops'}</msg>
<status status="PASS" starttime="20190220 18:00:10.671" endtime="20190220 18:00:10.672"></status>
</kw>
<kw name="Create Session" library="RequestsLibrary">
<doc>Create Session: create a HTTP session to a server</doc>
<arguments>
<arg>compass</arg>
<arg>http://${compass_ip}:${api_port}/apis/admin.devops.caicloud.io</arg>
<arg>${header}</arg>
</arguments>
<msg timestamp="20190220 18:00:10.672" level="INFO">Creating Session using : alias=compass, url=http://192.168.129.130:6002/apis/admin.devops.caicloud.io, headers={'Content-Type': 'application/json', 'Authorization': 'Basic YWRtaW46UHdkMTIzNDU2', 'X-Tenant': 'devops'},                     cookies=None, auth=None, timeout=None, proxies=None, verify=False,                     debug=0 </msg>
<status status="PASS" starttime="20190220 18:00:10.672" endtime="20190220 18:00:10.673"></status>
</kw>
<kw name="Get Request" library="RequestsLibrary">
<doc>Send a GET request on the session object found using the</doc>
<arguments>
<arg>compass</arg>
<arg>v1/workspaces/${workspace}/pipelines/${pipeline}/records</arg>
<arg>headers=${header}</arg>
</arguments>
<assign>
<var>${resp}</var>
</assign>
<msg timestamp="20190220 18:00:11.356" level="INFO">Get Request using : alias=compass, uri=v1/workspaces/autoabcgitlab/pipelines/autoabcgitlab/records, headers={'Content-Type': 'application/json', 'Authorization': 'Basic YWRtaW46UHdkMTIzNDU2', 'X-Tenant': 'devops'} json=None</msg>
<msg timestamp="20190220 18:00:11.357" level="INFO">${resp} = &lt;Response [200]&gt;</msg>
<status status="PASS" starttime="20190220 18:00:10.673" endtime="20190220 18:00:11.357"></status>
</kw>
<kw name="Should Be Equal As Strings" library="BuiltIn">
<doc>Fails if objects are unequal after converting them to strings.</doc>
<arguments>
<arg>${resp.status_code}</arg>
<arg>200</arg>
</arguments>
<msg timestamp="20190220 18:00:11.358" level="INFO">Argument types are:
&lt;class 'int'&gt;
&lt;type 'unicode'&gt;</msg>
<status status="PASS" starttime="20190220 18:00:11.357" endtime="20190220 18:00:11.359"></status>
</kw>
<kw name="Set Variable" library="BuiltIn">
<doc>Returns the given values which can then be assigned to a variables.</doc>
<arguments>
<arg>${resp.json()}</arg>
</arguments>
<assign>
<var>${content}</var>
</assign>
<msg timestamp="20190220 18:00:11.360" level="INFO">${content} = {'metadata': {'total': 1}, 'items': [{'id': '5c6d24e4bdcb2f00015824ae', 'name': 'autorXwvvHnF', 'pipelineID': '5c6d24e1bdcb2f00015824ad', 'trigger': 'webhook-tag-release', 'performParams': {'ref': 're...</msg>
<status status="PASS" starttime="20190220 18:00:11.359" endtime="20190220 18:00:11.361"></status>
</kw>
<kw name="Set Variable" library="BuiltIn">
<doc>Returns the given values which can then be assigned to a variables.</doc>
<arguments>
<arg>${content['items'][0]['id']}</arg>
</arguments>
<assign>
<var>${pipeline_id}</var>
</assign>
<msg timestamp="20190220 18:00:11.362" level="INFO">${pipeline_id} = 5c6d24e4bdcb2f00015824ae</msg>
<status status="PASS" starttime="20190220 18:00:11.361" endtime="20190220 18:00:11.362"></status>
</kw>
<kw name="Set Variable" library="BuiltIn">
<doc>Returns the given values which can then be assigned to a variables.</doc>
<arguments>
<arg>${content['items'][0]['stageStatus']['imageBuild']['tasks'][0]['name']}</arg>
</arguments>
<assign>
<var>${task_name}</var>
</assign>
<msg timestamp="20190220 18:00:11.364" level="INFO">${task_name} = imageBuild-be1rt</msg>
<status status="PASS" starttime="20190220 18:00:11.363" endtime="20190220 18:00:11.364"></status>
</kw>
<kw name="Log" library="BuiltIn">
<doc>Logs the given message with the given level.</doc>
<arguments>
<arg>${pipeline_id}</arg>
</arguments>
<msg timestamp="20190220 18:00:11.365" level="INFO">5c6d24e4bdcb2f00015824ae</msg>
<status status="PASS" starttime="20190220 18:00:11.365" endtime="20190220 18:00:11.365"></status>
</kw>
<kw name="Log" library="BuiltIn">
<doc>Logs the given message with the given level.</doc>
<arguments>
<arg>${task_name}</arg>
</arguments>
<msg timestamp="20190220 18:00:11.366" level="INFO">imageBuild-be1rt</msg>
<status status="PASS" starttime="20190220 18:00:11.366" endtime="20190220 18:00:11.366"></status>
</kw>
<kw name="Log" library="BuiltIn">
<doc>Logs the given message with the given level.</doc>
<arguments>
<arg>${content}</arg>
</arguments>
<msg timestamp="20190220 18:00:11.367" level="INFO">{'metadata': {'total': 1}, 'items': [{'id': '5c6d24e4bdcb2f00015824ae', 'name': 'autorXwvvHnF', 'pipelineID': '5c6d24e1bdcb2f00015824ad', 'trigger': 'webhook-tag-release', 'performParams': {'ref': 'refs/tags/autorXwvvHnF', 'name': 'autorXwvvHnF', 'description': 'Triggered by tag release', 'stages': ['codeCheckout', 'package', 'imageBuild', 'imageRelease']}, 'stageStatus': {'codeCheckout': {'status': 'Success', 'startTime': '2019-02-20T17:59:11.476+08:00', 'endTime': '2019-02-20T17:59:11.767+08:00', 'commits': {'mainRepo': {'repoName': 'peter/golangtest', 'id': 'b9c5b9c6c23e436a3ef6f1dd3e7b6e507975aea0', 'author': 'peter', 'date': '2019-01-22T17:10:19+08:00', 'message': 'new'}}}, 'package': {'status': 'Success', 'startTime': '2019-02-20T17:59:11.771+08:00', 'endTime': '2019-02-20T17:59:23.965+08:00'}, 'imageBuild': {'status': 'Success', 'startTime': '2019-02-20T17:59:23.971+08:00', 'endTime': '2019-02-20T17:59:44.734+08:00', 'tasks': [{'name': 'imageBuild-be1rt', 'status': 'Success', 'startTime': '2019-02-20T17:59:23.971+08:00', 'endTime': '2019-02-20T17:59:44.734+08:00', 'image': 'test.caicloudprivatetest.com/devops_autoabcgitlab/abcd:autorXwvvHnF'}]}, 'imageRelease': {'status': 'Success', 'startTime': '2019-02-20T17:59:44.743+08:00', 'endTime': '2019-02-20T17:59:46.024+08:00', 'tasks': [{'name': 'test.caicloudprivatetest.com/devops_autoabcgitlab/abcd:autorXwvvHnF', 'status': 'Success', 'startTime': '2019-02-20T17:59:44.743+08:00', 'endTime': '2019-02-20T17:59:46.024+08:00', 'image': 'test.caicloudprivatetest.com/devops_autoabcgitlab/abcd:autorXwvvHnF'}]}}, 'status': 'Success', 'startTime': '2019-02-20T17:59:07.413+08:00', 'endTime': '2019-02-20T17:59:46.031+08:00'}]}</msg>
<status status="PASS" starttime="20190220 18:00:11.367" endtime="20190220 18:00:11.367"></status>
</kw>
<msg timestamp="20190220 18:00:11.368" level="INFO">${pipeline_id} = 5c6d24e4bdcb2f00015824ae</msg>
<msg timestamp="20190220 18:00:11.368" level="INFO">${task_name} = imageBuild-be1rt</msg>
<status status="PASS" starttime="20190220 18:00:10.670" endtime="20190220 18:00:11.368"></status>
</kw>
<kw name="Log" library="BuiltIn">
<doc>Logs the given message with the given level.</doc>
<arguments>
<arg>devops_获取pipeline执行log</arg>
</arguments>
<msg timestamp="20190220 18:00:11.369" level="INFO">devops_获取pipeline执行log</msg>
<status status="PASS" starttime="20190220 18:00:11.369" endtime="20190220 18:00:11.370"></status>
</kw>
<kw name="devops_获取pipeline执行log" library="devopsAPI业务关键词">
<arguments>
<arg>${pipeline_id}</arg>
<arg>${task_name}</arg>
<arg>imageBuild</arg>
<arg>gitlab</arg>
<arg>${workspaceName_gitlab}</arg>
<arg>${pipelineName_gitlab}</arg>
</arguments>
<kw name="Create Dictionary" library="BuiltIn">
<doc>Creates and returns a dictionary based on the given ``items``.</doc>
<arguments>
<arg>Content-Type=application/json</arg>
<arg>Authorization=Basic YWRtaW46UHdkMTIzNDU2</arg>
<arg>X-Tenant=${namespace}</arg>
</arguments>
<assign>
<var>${header}</var>
</assign>
<msg timestamp="20190220 18:00:11.372" level="INFO">${header} = {'Content-Type': 'application/json', 'Authorization': 'Basic YWRtaW46UHdkMTIzNDU2', 'X-Tenant': 'devops'}</msg>
<status status="PASS" starttime="20190220 18:00:11.371" endtime="20190220 18:00:11.372"></status>
</kw>
<kw name="Create Session" library="RequestsLibrary">
<doc>Create Session: create a HTTP session to a server</doc>
<arguments>
<arg>compass</arg>
<arg>http://${compass_ip}:${api_port}/apis/admin.devops.caicloud.io</arg>
<arg>${header}</arg>
</arguments>
<msg timestamp="20190220 18:00:11.373" level="INFO">Creating Session using : alias=compass, url=http://192.168.129.130:6002/apis/admin.devops.caicloud.io, headers={'Content-Type': 'application/json', 'Authorization': 'Basic YWRtaW46UHdkMTIzNDU2', 'X-Tenant': 'devops'},                     cookies=None, auth=None, timeout=None, proxies=None, verify=False,                     debug=0 </msg>
<status status="PASS" starttime="20190220 18:00:11.372" endtime="20190220 18:00:11.373"></status>
</kw>
<kw name="Get Request" library="RequestsLibrary">
<doc>Send a GET request on the session object found using the</doc>
<arguments>
<arg>compass</arg>
<arg>v1/workspaces/${workspace}/pipelines/${pipeline}/records/${pipeline_id}/logs?stage=${stage}&amp;task=${task_name}&amp;download=false</arg>
<arg>headers=${header}</arg>
</arguments>
<assign>
<var>${resp}</var>
</assign>
<msg timestamp="20190220 18:00:11.976" level="INFO">Get Request using : alias=compass, uri=v1/workspaces/autoabcgitlab/pipelines/autoabcgitlab/records/5c6d24e4bdcb2f00015824ae/logs?stage=imageBuild&amp;task=imageBuild-be1rt&amp;download=false, headers={'Content-Type': 'application/json', 'Authorization': 'Basic YWRtaW46UHdkMTIzNDU2', 'X-Tenant': 'devops'} json=None</msg>
<msg timestamp="20190220 18:00:11.977" level="INFO">${resp} = &lt;Response [200]&gt;</msg>
<status status="PASS" starttime="20190220 18:00:11.374" endtime="20190220 18:00:11.977"></status>
</kw>
<kw name="Should Be Equal As Strings" library="BuiltIn">
<doc>Fails if objects are unequal after converting them to strings.</doc>
<arguments>
<arg>${resp.status_code}</arg>
<arg>200</arg>
</arguments>
<msg timestamp="20190220 18:00:11.979" level="INFO">Argument types are:
&lt;class 'int'&gt;
&lt;type 'unicode'&gt;</msg>
<status status="PASS" starttime="20190220 18:00:11.978" endtime="20190220 18:00:11.979"></status>
</kw>
<kw name="Log" library="BuiltIn">
<doc>Logs the given message with the given level.</doc>
<arguments>
<arg>${resp}</arg>
</arguments>
<msg timestamp="20190220 18:00:11.981" level="INFO">&lt;Response [200]&gt;</msg>
<status status="PASS" starttime="20190220 18:00:11.980" endtime="20190220 18:00:11.981"></status>
</kw>
<status status="PASS" starttime="20190220 18:00:11.370" endtime="20190220 18:00:11.982"></status>
</kw>
<kw name="Log" library="BuiltIn">
<doc>Logs the given message with the given level.</doc>
<arguments>
<arg>删除流水线组</arg>
</arguments>
<msg timestamp="20190220 18:00:11.983" level="INFO">删除流水线组</msg>
<status status="PASS" starttime="20190220 18:00:11.982" endtime="20190220 18:00:11.984"></status>
</kw>
<kw name="devops_删除workspace" library="devopsAPI业务关键词">
<arguments>
<arg>gitlab</arg>
<arg>${workspaceName_gitlab}</arg>
</arguments>
<kw name="Create Dictionary" library="BuiltIn">
<doc>Creates and returns a dictionary based on the given ``items``.</doc>
<arguments>
<arg>Content-Type=application/json</arg>
<arg>Authorization=Basic YWRtaW46UHdkMTIzNDU2</arg>
<arg>X-Tenant=${namespace}</arg>
</arguments>
<assign>
<var>${header}</var>
</assign>
<msg timestamp="20190220 18:00:11.987" level="INFO">${header} = {'Content-Type': 'application/json', 'Authorization': 'Basic YWRtaW46UHdkMTIzNDU2', 'X-Tenant': 'devops'}</msg>
<status status="PASS" starttime="20190220 18:00:11.985" endtime="20190220 18:00:11.987"></status>
</kw>
<kw name="Create Session" library="RequestsLibrary">
<doc>Create Session: create a HTTP session to a server</doc>
<arguments>
<arg>compass</arg>
<arg>http://${compass_ip}:${api_port}/apis/admin.devops.caicloud.io</arg>
<arg>${header}</arg>
</arguments>
<msg timestamp="20190220 18:00:11.989" level="INFO">Creating Session using : alias=compass, url=http://192.168.129.130:6002/apis/admin.devops.caicloud.io, headers={'Content-Type': 'application/json', 'Authorization': 'Basic YWRtaW46UHdkMTIzNDU2', 'X-Tenant': 'devops'},                     cookies=None, auth=None, timeout=None, proxies=None, verify=False,                     debug=0 </msg>
<status status="PASS" starttime="20190220 18:00:11.988" endtime="20190220 18:00:11.990"></status>
</kw>
<kw name="Delete Request" library="RequestsLibrary">
<doc>Send a DELETE request on the session object found using the</doc>
<arguments>
<arg>compass</arg>
<arg>/v1/workspaces/${workspace}</arg>
<arg>headers=${header}</arg>
</arguments>
<assign>
<var>${resp}</var>
</assign>
<msg timestamp="20190220 18:00:12.986" level="INFO">Delete Request using : alias=compass, uri=/v1/workspaces/autoabcgitlab, data=[],                     headers={'Content-Type': 'application/json', 'Authorization': 'Basic YWRtaW46UHdkMTIzNDU2', 'X-Tenant': 'devops'}, allow_redirects=True </msg>
<msg timestamp="20190220 18:00:12.987" level="INFO">${resp} = &lt;Response [204]&gt;</msg>
<status status="PASS" starttime="20190220 18:00:11.990" endtime="20190220 18:00:12.987"></status>
</kw>
<kw name="Should Be Equal As Strings" library="BuiltIn">
<doc>Fails if objects are unequal after converting them to strings.</doc>
<arguments>
<arg>${resp.status_code}</arg>
<arg>204</arg>
</arguments>
<msg timestamp="20190220 18:00:12.990" level="INFO">Argument types are:
&lt;class 'int'&gt;
&lt;type 'unicode'&gt;</msg>
<status status="PASS" starttime="20190220 18:00:12.988" endtime="20190220 18:00:12.990"></status>
</kw>
<status status="PASS" starttime="20190220 18:00:11.984" endtime="20190220 18:00:12.991"></status>
</kw>
<kw name="Log" library="BuiltIn">
<doc>Logs the given message with the given level.</doc>
<arguments>
<arg>devops_删除project</arg>
</arguments>
<msg timestamp="20190220 18:00:12.992" level="INFO">devops_删除project</msg>
<status status="PASS" starttime="20190220 18:00:12.991" endtime="20190220 18:00:12.992"></status>
</kw>
<kw name="devops_删除project" library="devopsAPI业务关键词">
<arguments>
<arg>${workspaceName_gitlab}</arg>
</arguments>
<kw name="Create Dictionary" library="BuiltIn">
<doc>Creates and returns a dictionary based on the given ``items``.</doc>
<arguments>
<arg>Content-Type=application/json</arg>
<arg>Authorization=Basic YWRtaW46UHdkMTIzNDU2</arg>
<arg>X-Tenant=${namespace}</arg>
</arguments>
<assign>
<var>${header}</var>
</assign>
<msg timestamp="20190220 18:00:12.996" level="INFO">${header} = {'Content-Type': 'application/json', 'Authorization': 'Basic YWRtaW46UHdkMTIzNDU2', 'X-Tenant': 'devops'}</msg>
<status status="PASS" starttime="20190220 18:00:12.995" endtime="20190220 18:00:12.996"></status>
</kw>
<kw name="Create Session" library="RequestsLibrary">
<doc>Create Session: create a HTTP session to a server</doc>
<arguments>
<arg>compass</arg>
<arg>http://${compass_ip}:${api_port}/apis/admin.cargo.caicloud.io</arg>
<arg>${header}</arg>
</arguments>
<msg timestamp="20190220 18:00:12.998" level="INFO">Creating Session using : alias=compass, url=http://192.168.129.130:6002/apis/admin.cargo.caicloud.io, headers={'Content-Type': 'application/json', 'Authorization': 'Basic YWRtaW46UHdkMTIzNDU2', 'X-Tenant': 'devops'},                     cookies=None, auth=None, timeout=None, proxies=None, verify=False,                     debug=0 </msg>
<status status="PASS" starttime="20190220 18:00:12.997" endtime="20190220 18:00:13.000"></status>
</kw>
<kw name="Delete Request" library="RequestsLibrary">
<doc>Send a DELETE request on the session object found using the</doc>
<arguments>
<arg>compass</arg>
<arg>${url}/${registryName}/projects/${namespace}_${projectName_l}</arg>
<arg>headers=${header}</arg>
</arguments>
<assign>
<var>${resp}</var>
</assign>
<msg timestamp="20190220 18:00:13.378" level="INFO">Delete Request using : alias=compass, uri=/v2/registries/default/projects/devops_autoabcgitlab, data=[],                     headers={'Content-Type': 'application/json', 'Authorization': 'Basic YWRtaW46UHdkMTIzNDU2', 'X-Tenant': 'devops'}, allow_redirects=True </msg>
<msg timestamp="20190220 18:00:13.379" level="INFO">${resp} = &lt;Response [204]&gt;</msg>
<status status="PASS" starttime="20190220 18:00:13.001" endtime="20190220 18:00:13.379"></status>
</kw>
<kw name="Should Be Equal As Strings" library="BuiltIn">
<doc>Fails if objects are unequal after converting them to strings.</doc>
<arguments>
<arg>${resp.status_code}</arg>
<arg>204</arg>
</arguments>
<msg timestamp="20190220 18:00:13.380" level="INFO">Argument types are:
&lt;class 'int'&gt;
&lt;type 'unicode'&gt;</msg>
<status status="PASS" starttime="20190220 18:00:13.379" endtime="20190220 18:00:13.381"></status>
</kw>
<status status="PASS" starttime="20190220 18:00:12.993" endtime="20190220 18:00:13.381"></status>
</kw>
<status status="PASS" starttime="20190220 17:59:06.228" endtime="20190220 18:00:13.382" critical="yes"></status>
</test>
<status status="FAIL" starttime="20190220 17:55:54.649" endtime="20190220 18:00:13.385"></status>
</suite>
<status status="FAIL" starttime="20190220 17:55:54.645" endtime="20190220 18:00:13.394"></status>
</suite>
<status status="FAIL" starttime="20190220 17:55:54.640" endtime="20190220 18:00:13.399"></status>
</suite>
<status status="FAIL" starttime="20190220 17:55:54.611" endtime="20190220 18:00:13.404"></status>
</suite>
<statistics>
<total>
<stat pass="3" fail="1">Critical Tests</stat>
<stat pass="3" fail="1">All Tests</stat>
</total>
<tag>
</tag>
<suite>
<stat pass="3" fail="1" id="s1" name="Devops">Devops</stat>
<stat pass="3" fail="1" id="s1-s1" name="测试用例">Devops.测试用例</stat>
<stat pass="3" fail="1" id="s1-s1-s1" name="API">Devops.测试用例.API</stat>
<stat pass="3" fail="1" id="s1-s1-s1-s1" name="devopsAPI">Devops.测试用例.API.devopsAPI</stat>
</suite>
</statistics>
<errors>
</errors>
</robot>
