<?xml version="1.0" encoding="UTF-8"?>
<robot generator="Robot 3.0.4 (Python 3.7.0 on darwin)" generated="20180921 15:34:24.773">
<suite id="s1" name="Devops" source="/Users/peter/mysource/mygithub/rf/compass/devops">
<suite id="s1-s1" name="测试案例" source="/Users/peter/mysource/mygithub/rf/compass/devops/测试案例">
<suite id="s1-s1-s1" name="API" source="/Users/peter/mysource/mygithub/rf/compass/devops/测试案例/API">
<suite id="s1-s1-s1-s1" name="API" source="/Users/peter/mysource/mygithub/rf/compass/devops/测试案例/API/API.txt">
<test id="s1-s1-s1-s1-t1" name="devops_持续交付_流水线">
<kw name="devops_获取workplace" library="devopsAPI业务关键词">
<kw name="Create Dictionary" library="BuiltIn">
<doc>Creates and returns a dictionary based on the given ``items``.</doc>
<arguments>
<arg>Content-Type=application/json</arg>
<arg>Authorization=Basic YWRtaW46UHdkMTIzNDU2</arg>
<arg>X-Tenant=peter</arg>
</arguments>
<assign>
<var>${header}</var>
</assign>
<msg timestamp="20180921 15:34:25.091" level="INFO">${header} = {'Content-Type': 'application/json', 'Authorization': 'Basic YWRtaW46UHdkMTIzNDU2', 'X-Tenant': 'peter'}</msg>
<status status="PASS" starttime="20180921 15:34:25.090" endtime="20180921 15:34:25.091"></status>
</kw>
<kw name="Create Session" library="RequestsLibrary">
<doc>Create Session: create a HTTP session to a server</doc>
<arguments>
<arg>compass</arg>
<arg>http://${api_ip}:${api_port}/apis/admin.devops.caicloud.io/</arg>
<arg>${header}</arg>
</arguments>
<msg timestamp="20180921 15:34:25.094" level="INFO">Creating Session using : alias=compass, url=http://192.168.129.40:30069/apis/admin.devops.caicloud.io/, headers={'Content-Type': 'application/json', 'Authorization': 'Basic YWRtaW46UHdkMTIzNDU2', 'X-Tenant': 'peter'},                     cookies=None, auth=None, timeout=None, proxies=None, verify=False,                     debug=0 </msg>
<status status="PASS" starttime="20180921 15:34:25.092" endtime="20180921 15:34:25.094"></status>
</kw>
<kw name="Post Request" library="RequestsLibrary">
<doc>Send a POST request on the session object found using the</doc>
<arguments>
<arg>compass</arg>
<arg>${url}</arg>
<arg>headers=${header}</arg>
</arguments>
<assign>
<var>${resp}</var>
</assign>
<msg timestamp="20180921 15:35:40.352" level="WARN">Retrying (Retry(total=2, connect=None, read=None, redirect=None, status=None)) after connection broken by 'NewConnectionError('&lt;urllib3.connection.HTTPConnection object at 0x104e9d1d0&gt;: Failed to establish a new connection: [Errno 60] Operation timed out')': /apis/admin.devops.caicloud.io//v1/workspaces</msg>
<status status="FAIL" starttime="20180921 15:34:25.095" endtime="20180921 15:35:57.892"></status>
</kw>
<status status="FAIL" starttime="20180921 15:34:25.089" endtime="20180921 15:35:57.893"></status>
</kw>
<errors>
<msg timestamp="20180921 15:35:40.352" level="WARN">Retrying (Retry(total=2, connect=None, read=None, redirect=None, status=None)) after connection broken by 'NewConnectionError('&lt;urllib3.connection.HTTPConnection object at 0x104e9d1d0&gt;: Failed to establish a new connection: [Errno 60] Operation timed out')': /apis/admin.devops.caicloud.io//v1/workspaces</msg>
</errors>
</robot>
