<?xml version="1.0" encoding="UTF-8"?>
<robot generator="Robot 3.0.4 (Python 3.7.0 on darwin)" generated="20181101 15:14:33.229">
<suite id="s1" name="Devops" source="/Users/peter/mysource/mygithub/rf/compass/devops">
<suite id="s1-s1" name="测试用例" source="/Users/peter/mysource/mygithub/rf/compass/devops/测试用例">
<suite id="s1-s1-s1" name="API" source="/Users/peter/mysource/mygithub/rf/compass/devops/测试用例/API">
<suite id="s1-s1-s1-s1" name="API" source="/Users/peter/mysource/mygithub/rf/compass/devops/测试用例/API/API.txt">
<test id="s1-s1-s1-s1-t1" name="devops_持续交付_github_maven流水线">
<kw name="Log" library="BuiltIn">
<doc>Logs the given message with the given level.</doc>
<arguments>
<arg>devops_创建workspace</arg>
</arguments>
<msg timestamp="20181101 15:14:33.584" level="INFO">devops_创建workspace</msg>
<status status="PASS" starttime="20181101 15:14:33.584" endtime="20181101 15:14:33.585"></status>
</kw>
<kw name="devops_创建workspace" library="devopsAPI业务关键词">
<arguments>
<arg>github</arg>
<arg>${workspaceName_github}</arg>
</arguments>
<kw name="Create Dictionary" library="BuiltIn">
<doc>Creates and returns a dictionary based on the given ``items``.</doc>
<arguments>
<arg>Content-Type=application/json</arg>
<arg>Authorization=Basic YWRtaW46UHdkMTIzNDU2</arg>
<arg>X-Tenant=${namespace}</arg>
</arguments>
<assign>
<var>${header}</var>
</assign>
<msg timestamp="20181101 15:14:33.587" level="INFO">${header} = {'Content-Type': 'application/json', 'Authorization': 'Basic YWRtaW46UHdkMTIzNDU2', 'X-Tenant': 'godevops'}</msg>
<status status="PASS" starttime="20181101 15:14:33.586" endtime="20181101 15:14:33.587"></status>
</kw>
<kw name="Create Session" library="RequestsLibrary">
<doc>Create Session: create a HTTP session to a server</doc>
<arguments>
<arg>compass</arg>
<arg>http://${compass_ip}:${api_port}/apis/admin.devops.caicloud.io</arg>
<arg>${header}</arg>
</arguments>
<msg timestamp="20181101 15:14:33.588" level="INFO">Creating Session using : alias=compass, url=http://192.168.129.30:6002/apis/admin.devops.caicloud.io, headers={'Content-Type': 'application/json', 'Authorization': 'Basic YWRtaW46UHdkMTIzNDU2', 'X-Tenant': 'godevops'},                     cookies=None, auth=None, timeout=None, proxies=None, verify=False,                     debug=0 </msg>
<status status="PASS" starttime="20181101 15:14:33.588" endtime="20181101 15:14:33.589"></status>
</kw>
<kw name="Post Request" library="RequestsLibrary">
<doc>Send a POST request on the session object found using the</doc>
<arguments>
<arg>compass</arg>
<arg>/v1/workspaces</arg>
<arg>data=${workspaceJSON_${repo_type}}</arg>
<arg>headers=${header}</arg>
</arguments>
<assign>
<var>${resp}</var>
</assign>
<msg timestamp="20181101 15:14:36.027" level="INFO">Post Request using : alias=compass, uri=/v1/workspaces, data={"scm":{"type":"Github","authType":"Token","username":" ","server":"https://github.com","token":"622c232784609cc3ac223c393b16feae4683a5f4"},"cargo":{"projectType":"default","name":"default"},"GithubToken":"false","GithubPassword":"false","GitlabToken":"false","GitlabPassword":"false","workerQuota":{"cpuRequests":"0.5","cpuLimits":"1","memoryRequests":"1Gi","memoryLimits":"2Gi"},"alias":"abcgithub"}, headers={'Content-Type': 'application/json', 'Authorization': 'Basic YWRtaW46UHdkMTIzNDU2', 'X-Tenant': 'godevops'}, files=None, allow_redirects=True </msg>
<msg timestamp="20181101 15:14:36.027" level="INFO">${resp} = &lt;Response [500]&gt;</msg>
<status status="PASS" starttime="20181101 15:14:33.589" endtime="20181101 15:14:36.027"></status>
</kw>
<kw name="Should Be Equal As Strings" library="BuiltIn">
<doc>Fails if objects are unequal after converting them to strings.</doc>
<arguments>
<arg>${resp.status_code}</arg>
<arg>201</arg>
</arguments>
<msg timestamp="20181101 15:14:36.029" level="INFO">Argument types are:
&lt;class 'int'&gt;
&lt;type 'unicode'&gt;</msg>
<msg timestamp="20181101 15:14:36.030" level="FAIL">500 != 201</msg>
<status status="FAIL" starttime="20181101 15:14:36.028" endtime="20181101 15:14:36.030"></status>
</kw>
<status status="FAIL" starttime="20181101 15:14:33.585" endtime="20181101 15:14:36.030"></status>
</kw>
<status status="FAIL" starttime="20181101 15:14:33.582" endtime="20181101 15:14:36.031" critical="yes">500 != 201</status>
</test>
<status status="FAIL" starttime="20181101 15:14:33.318" endtime="20181101 15:14:36.032"></status>
</suite>
<status status="FAIL" starttime="20181101 15:14:33.315" endtime="20181101 15:14:36.034"></status>
</suite>
<status status="FAIL" starttime="20181101 15:14:33.312" endtime="20181101 15:14:36.037"></status>
</suite>
<status status="FAIL" starttime="20181101 15:14:33.283" endtime="20181101 15:14:36.039"></status>
</suite>
<statistics>
<total>
<stat pass="0" fail="1">Critical Tests</stat>
<stat pass="0" fail="1">All Tests</stat>
</total>
<tag>
</tag>
<suite>
<stat pass="0" fail="1" id="s1" name="Devops">Devops</stat>
<stat pass="0" fail="1" id="s1-s1" name="测试用例">Devops.测试用例</stat>
<stat pass="0" fail="1" id="s1-s1-s1" name="API">Devops.测试用例.API</stat>
<stat pass="0" fail="1" id="s1-s1-s1-s1" name="API">Devops.测试用例.API.API</stat>
</suite>
</statistics>
<errors>
</errors>
</robot>
