<?xml version="1.0" encoding="UTF-8"?>
<robot generator="Robot 3.0.4 (Python 3.7.0 on darwin)" generated="20181101 14:56:38.264">
<suite id="s1" name="Devops" source="/Users/peter/mysource/mygithub/rf/compass/devops">
<suite id="s1-s1" name="测试用例" source="/Users/peter/mysource/mygithub/rf/compass/devops/测试用例">
<suite id="s1-s1-s1" name="API" source="/Users/peter/mysource/mygithub/rf/compass/devops/测试用例/API">
<suite id="s1-s1-s1-s1" name="API" source="/Users/peter/mysource/mygithub/rf/compass/devops/测试用例/API/API.txt">
<test id="s1-s1-s1-s1-t1" name="devops_持续交付_github_maven流水线">
<kw name="Log" library="BuiltIn">
<doc>Logs the given message with the given level.</doc>
<arguments>
<arg>devops_创建workspace</arg>
</arguments>
<msg timestamp="20181101 14:56:38.616" level="INFO">devops_创建workspace</msg>
<status status="PASS" starttime="20181101 14:56:38.615" endtime="20181101 14:56:38.616"></status>
</kw>
<kw name="devops_创建workspace" library="devopsAPI业务关键词">
<arguments>
<arg>github</arg>
<arg>${workspaceName_github}</arg>
</arguments>
<kw name="Create Dictionary" library="BuiltIn">
<doc>Creates and returns a dictionary based on the given ``items``.</doc>
<arguments>
<arg>Content-Type=application/json</arg>
<arg>Authorization=Basic YWRtaW46UHdkMTIzNDU2</arg>
<arg>X-Tenant=${namespace}</arg>
</arguments>
<assign>
<var>${header}</var>
</assign>
<msg timestamp="20181101 14:56:38.618" level="INFO">${header} = {'Content-Type': 'application/json', 'Authorization': 'Basic YWRtaW46UHdkMTIzNDU2', 'X-Tenant': 'godevops'}</msg>
<status status="PASS" starttime="20181101 14:56:38.617" endtime="20181101 14:56:38.618"></status>
</kw>
<kw name="Create Session" library="RequestsLibrary">
<doc>Create Session: create a HTTP session to a server</doc>
<arguments>
<arg>compass</arg>
<arg>http://${compass_ip}:${api_port}/apis/admin.devops.caicloud.io</arg>
<arg>${header}</arg>
</arguments>
<msg timestamp="20181101 14:56:38.619" level="INFO">Creating Session using : alias=compass, url=http://192.168.129.30:6002/apis/admin.devops.caicloud.io, headers={'Content-Type': 'application/json', 'Authorization': 'Basic YWRtaW46UHdkMTIzNDU2', 'X-Tenant': 'godevops'},                     cookies=None, auth=None, timeout=None, proxies=None, verify=False,                     debug=0 </msg>
<status status="PASS" starttime="20181101 14:56:38.618" endtime="20181101 14:56:38.619"></status>
</kw>
<kw name="Post Request" library="RequestsLibrary">
<doc>Send a POST request on the session object found using the</doc>
<arguments>
<arg>compass</arg>
<arg>/v1/workspaces</arg>
<arg>data=${workspaceJSON_${repo_type}}</arg>
<arg>headers=${header}</arg>
</arguments>
<assign>
<var>${resp}</var>
</assign>
<msg timestamp="20181101 14:56:41.067" level="INFO">Post Request using : alias=compass, uri=/v1/workspaces, data={"scm":{"type":"Github","authType":"Token","username":" ","server":"https://github.com","token":"622c232784609cc3ac223c393b16feae4683a5f4"},"cargo":{"projectType":"default","name":"default"},"GithubToken":"false","GithubPassword":"false","GitlabToken":"false","GitlabPassword":"false","workerQuota":{"cpuRequests":"0.5","cpuLimits":"1","memoryRequests":"1Gi","memoryLimits":"2Gi"},"alias":"abcgithub"}, headers={'Content-Type': 'application/json', 'Authorization': 'Basic YWRtaW46UHdkMTIzNDU2', 'X-Tenant': 'godevops'}, files=None, allow_redirects=True </msg>
<msg timestamp="20181101 14:56:41.067" level="INFO">${resp} = &lt;Response [201]&gt;</msg>
<status status="PASS" starttime="20181101 14:56:38.620" endtime="20181101 14:56:41.067"></status>
</kw>
<kw name="Should Be Equal As Strings" library="BuiltIn">
<doc>Fails if objects are unequal after converting them to strings.</doc>
<arguments>
<arg>${resp.status_code}</arg>
<arg>201</arg>
</arguments>
<msg timestamp="20181101 14:56:41.069" level="INFO">Argument types are:
&lt;class 'int'&gt;
&lt;type 'unicode'&gt;</msg>
<status status="PASS" starttime="20181101 14:56:41.068" endtime="20181101 14:56:41.069"></status>
</kw>
<kw name="Set Variable" library="BuiltIn">
<doc>Returns the given values which can then be assigned to a variables.</doc>
<arguments>
<arg>${resp.json()}</arg>
</arguments>
<assign>
<var>${content}</var>
</assign>
<msg timestamp="20181101 14:56:41.071" level="INFO">${content} = {'name': 'abcgithub', 'alias': 'abcgithub', 'description': '', 'owner': 'admin', 'scm': {'type': 'Github', 'authType': 'Token', 'server': 'https://github.com', 'username': ' ', 'token': '//ih3/MlTjFhv...</msg>
<status status="PASS" starttime="20181101 14:56:41.069" endtime="20181101 14:56:41.071"></status>
</kw>
<kw name="Log" library="BuiltIn">
<doc>Logs the given message with the given level.</doc>
<arguments>
<arg>${content}</arg>
</arguments>
<msg timestamp="20181101 14:56:41.072" level="INFO">{'name': 'abcgithub', 'alias': 'abcgithub', 'description': '', 'owner': 'admin', 'scm': {'type': 'Github', 'authType': 'Token', 'server': 'https://github.com', 'username': ' ', 'token': '//ih3/MlTjFhv3E6YVYYcjfnh3H4OQuVMrwZ3by63Yg4M51JUOx6iSPdjLZxLhhxqFGa2rvytCc='}, 'pipelineCount': 0, 'cargo': {'name': 'default', 'project': 'godevops_abcgithub', 'host': 'cargo-regression-a.caicloudprivatetest.com'}, 'cacheDependencies': None, 'workerQuota': {}, 'creationTime': '2018-11-01T14:55:16+08:00', 'lastUpdateTime': '2018-11-01T14:55:16+08:00'}</msg>
<status status="PASS" starttime="20181101 14:56:41.071" endtime="20181101 14:56:41.072"></status>
</kw>
<status status="PASS" starttime="20181101 14:56:38.616" endtime="20181101 14:56:41.073"></status>
</kw>
<kw name="Log" library="BuiltIn">
<doc>Logs the given message with the given level.</doc>
<arguments>
<arg>devops_创建pipeline</arg>
</arguments>
<msg timestamp="20181101 14:56:41.073" level="INFO">devops_创建pipeline</msg>
<status status="PASS" starttime="20181101 14:56:41.073" endtime="20181101 14:56:41.073"></status>
</kw>
<kw name="devops_创建pipeline" library="devopsAPI业务关键词">
<arguments>
<arg>github</arg>
<arg>maven</arg>
<arg>${workspaceName_github}</arg>
<arg>${pipelineName_github}</arg>
</arguments>
<kw name="Create Dictionary" library="BuiltIn">
<doc>Creates and returns a dictionary based on the given ``items``.</doc>
<arguments>
<arg>Content-Type=application/json</arg>
<arg>Authorization=Basic YWRtaW46UHdkMTIzNDU2</arg>
<arg>X-Tenant=${namespace}</arg>
</arguments>
<assign>
<var>${header}</var>
</assign>
<msg timestamp="20181101 14:56:41.075" level="INFO">${header} = {'Content-Type': 'application/json', 'Authorization': 'Basic YWRtaW46UHdkMTIzNDU2', 'X-Tenant': 'godevops'}</msg>
<status status="PASS" starttime="20181101 14:56:41.075" endtime="20181101 14:56:41.076"></status>
</kw>
<kw name="Create Session" library="RequestsLibrary">
<doc>Create Session: create a HTTP session to a server</doc>
<arguments>
<arg>compass</arg>
<arg>http://${compass_ip}:${api_port}/apis/admin.devops.caicloud.io</arg>
<arg>${header}</arg>
</arguments>
<msg timestamp="20181101 14:56:41.077" level="INFO">Creating Session using : alias=compass, url=http://192.168.129.30:6002/apis/admin.devops.caicloud.io, headers={'Content-Type': 'application/json', 'Authorization': 'Basic YWRtaW46UHdkMTIzNDU2', 'X-Tenant': 'godevops'},                     cookies=None, auth=None, timeout=None, proxies=None, verify=False,                     debug=0 </msg>
<status status="PASS" starttime="20181101 14:56:41.076" endtime="20181101 14:56:41.078"></status>
</kw>
<kw name="Post Request" library="RequestsLibrary">
<doc>Send a POST request on the session object found using the</doc>
<arguments>
<arg>compass</arg>
<arg>v1/workspaces/${workspace}/pipelines</arg>
<arg>data=${pipelineJSON_${repo_type}_${codeSource}}</arg>
<arg>headers=${header}</arg>
</arguments>
<assign>
<var>${resp}</var>
</assign>
<msg timestamp="20181101 14:56:41.319" level="INFO">Post Request using : alias=compass, uri=v1/workspaces/abcgithub/pipelines, data={"name":"abcgithub","alias":"abcgithub","description":"","build":{"buildInfo":{"buildTool":{},"cacheDependency":false},"builderImage":{"image":"cargo-regression-a.caicloudprivatetest.com/library/maven:3.5.3-jdk-8-alpine"},"stages":{"codeCheckout":{"mainRepo":{"type":"Github","github":{"ref":"refs/heads/master","url":"https://github.com/caicaihe/maventest.git"}}},"package":{"command":["mvn clean install"]},"imageBuild":{"buildInfos":[{"contextDir":".","dockerfile":"","dockerfilePath":"Dockerfile","taskName":"imageBuild-be1rt","mark":"imageBuild-be1rt","imageName":"abc"}]},"imageRelease":{"releasePolicies":[{"imageName":"bac","type":"Always"}]}}}}, headers={'Content-Type': 'application/json', 'Authorization': 'Basic YWRtaW46UHdkMTIzNDU2', 'X-Tenant': 'godevops'}, files=None, allow_redirects=True </msg>
<msg timestamp="20181101 14:56:41.320" level="INFO">${resp} = &lt;Response [201]&gt;</msg>
<status status="PASS" starttime="20181101 14:56:41.078" endtime="20181101 14:56:41.320"></status>
</kw>
<kw name="Should Be Equal As Strings" library="BuiltIn">
<doc>Fails if objects are unequal after converting them to strings.</doc>
<arguments>
<arg>${resp.status_code}</arg>
<arg>201</arg>
</arguments>
<msg timestamp="20181101 14:56:41.321" level="INFO">Argument types are:
&lt;class 'int'&gt;
&lt;type 'unicode'&gt;</msg>
<status status="PASS" starttime="20181101 14:56:41.321" endtime="20181101 14:56:41.322"></status>
</kw>
<kw name="Set Variable" library="BuiltIn">
<doc>Returns the given values which can then be assigned to a variables.</doc>
<arguments>
<arg>${resp.json()}</arg>
</arguments>
<assign>
<var>${content}</var>
</assign>
<msg timestamp="20181101 14:56:41.323" level="INFO">${content} = {'id': '5bdaa35516da9c0001a6c9f6', 'name': 'abcgithub', 'alias': 'abcgithub', 'owner': 'admin', 'projectID': '5bdaa35416da9c0001a6c9f5', 'build': {'buildInfo': {'buildTool': {}}, 'builderImage': {'ima...</msg>
<status status="PASS" starttime="20181101 14:56:41.322" endtime="20181101 14:56:41.323"></status>
</kw>
<kw name="Log" library="BuiltIn">
<doc>Logs the given message with the given level.</doc>
<arguments>
<arg>${content}</arg>
</arguments>
<msg timestamp="20181101 14:56:41.324" level="INFO">{'id': '5bdaa35516da9c0001a6c9f6', 'name': 'abcgithub', 'alias': 'abcgithub', 'owner': 'admin', 'projectID': '5bdaa35416da9c0001a6c9f5', 'build': {'buildInfo': {'buildTool': {}}, 'builderImage': {'image': 'cargo-regression-a.caicloudprivatetest.com/library/maven:3.5.3-jdk-8-alpine'}, 'stages': {'codeCheckout': {'mainRepo': {'type': 'Github', 'github': {'url': 'https://github.com/caicaihe/maventest.git', 'ref': 'refs/heads/master'}}}, 'package': {'command': ['mvn clean install']}, 'imageBuild': {'buildInfos': [{'taskName': 'imageBuild-be1rt', 'contextDir': '.', 'dockerfilePath': 'Dockerfile', 'imageName': 'abc'}]}, 'imageRelease': {'releasePolicies': [{'imageName': 'bac', 'type': 'Always'}]}}}, 'creationTime': '2018-11-01T14:55:17.138247702+08:00', 'lastUpdateTime': '2018-11-01T14:55:17.138247876+08:00', 'annotations': {'tenant': 'godevops'}}</msg>
<status status="PASS" starttime="20181101 14:56:41.323" endtime="20181101 14:56:41.324"></status>
</kw>
<status status="PASS" starttime="20181101 14:56:41.074" endtime="20181101 14:56:41.324"></status>
</kw>
<kw name="Log" library="BuiltIn">
<doc>Logs the given message with the given level.</doc>
<arguments>
<arg>devops_执行pipeline</arg>
</arguments>
<msg timestamp="20181101 14:56:41.325" level="INFO">devops_执行pipeline</msg>
<status status="PASS" starttime="20181101 14:56:41.325" endtime="20181101 14:56:41.325"></status>
</kw>
<kw name="devops_执行pipeline" library="devopsAPI业务关键词">
<arguments>
<arg>github</arg>
<arg>${workspaceName_github}</arg>
<arg>${pipelineName_github}</arg>
</arguments>
<kw name="Create Dictionary" library="BuiltIn">
<doc>Creates and returns a dictionary based on the given ``items``.</doc>
<arguments>
<arg>Content-Type=application/json</arg>
<arg>Authorization=Basic YWRtaW46UHdkMTIzNDU2</arg>
<arg>X-Tenant=${namespace}</arg>
</arguments>
<assign>
<var>${header}</var>
</assign>
<msg timestamp="20181101 14:56:41.328" level="INFO">${header} = {'Content-Type': 'application/json', 'Authorization': 'Basic YWRtaW46UHdkMTIzNDU2', 'X-Tenant': 'godevops'}</msg>
<status status="PASS" starttime="20181101 14:56:41.327" endtime="20181101 14:56:41.328"></status>
</kw>
<kw name="Create Session" library="RequestsLibrary">
<doc>Create Session: create a HTTP session to a server</doc>
<arguments>
<arg>compass</arg>
<arg>http://${compass_ip}:${api_port}/apis/admin.devops.caicloud.io</arg>
<arg>${header}</arg>
</arguments>
<msg timestamp="20181101 14:56:41.329" level="INFO">Creating Session using : alias=compass, url=http://192.168.129.30:6002/apis/admin.devops.caicloud.io, headers={'Content-Type': 'application/json', 'Authorization': 'Basic YWRtaW46UHdkMTIzNDU2', 'X-Tenant': 'godevops'},                     cookies=None, auth=None, timeout=None, proxies=None, verify=False,                     debug=0 </msg>
<status status="PASS" starttime="20181101 14:56:41.328" endtime="20181101 14:56:41.329"></status>
</kw>
<kw name="Post Request" library="RequestsLibrary">
<doc>Send a POST request on the session object found using the</doc>
<arguments>
<arg>compass</arg>
<arg>v1/workspaces/${workspace}/pipelines/${pipeline}/records</arg>
<arg>data=${recordJSON_${repo_type}}</arg>
<arg>headers=${header}</arg>
</arguments>
<assign>
<var>${resp}</var>
</assign>
<msg timestamp="20181101 14:56:41.692" level="INFO">Post Request using : alias=compass, uri=v1/workspaces/abcgithub/pipelines/abcgithub/records, data={"stages":["codeCheckout","package","imageBuild","imageRelease"],"workspace":"abcgithub","pipeline":"abcgithub","codeRef":{"type":"refs/heads/","name":"master"},"ref":"refs/heads/master","repoName":"caicaihe/golang","repoType":"github","tagType":"default","cacheDependency":false}, headers={'Content-Type': 'application/json', 'Authorization': 'Basic YWRtaW46UHdkMTIzNDU2', 'X-Tenant': 'godevops'}, files=None, allow_redirects=True </msg>
<msg timestamp="20181101 14:56:41.692" level="INFO">${resp} = &lt;Response [201]&gt;</msg>
<status status="PASS" starttime="20181101 14:56:41.330" endtime="20181101 14:56:41.692"></status>
</kw>
<kw name="Should Be Equal As Strings" library="BuiltIn">
<doc>Fails if objects are unequal after converting them to strings.</doc>
<arguments>
<arg>${resp.status_code}</arg>
<arg>201</arg>
</arguments>
<msg timestamp="20181101 14:56:41.694" level="INFO">Argument types are:
&lt;class 'int'&gt;
&lt;type 'unicode'&gt;</msg>
<status status="PASS" starttime="20181101 14:56:41.693" endtime="20181101 14:56:41.694"></status>
</kw>
<kw name="Set Variable" library="BuiltIn">
<doc>Returns the given values which can then be assigned to a variables.</doc>
<arguments>
<arg>${resp.json()}</arg>
</arguments>
<assign>
<var>${content}</var>
</assign>
<msg timestamp="20181101 14:56:41.695" level="INFO">${content} = {'id': '5bdaa35516da9c0001a6c9f7', 'pipelineID': '5bdaa35516da9c0001a6c9f6', 'trigger': 'admin', 'performParams': {'ref': 'refs/heads/master', 'stages': ['codeCheckout', 'package', 'imageBuild', 'imag...</msg>
<status status="PASS" starttime="20181101 14:56:41.694" endtime="20181101 14:56:41.695"></status>
</kw>
<kw name="Log" library="BuiltIn">
<doc>Logs the given message with the given level.</doc>
<arguments>
<arg>${content}</arg>
</arguments>
<msg timestamp="20181101 14:56:41.696" level="INFO">{'id': '5bdaa35516da9c0001a6c9f7', 'pipelineID': '5bdaa35516da9c0001a6c9f6', 'trigger': 'admin', 'performParams': {'ref': 'refs/heads/master', 'stages': ['codeCheckout', 'package', 'imageBuild', 'imageRelease']}, 'status': 'Pending', 'startTime': '2018-11-01T14:55:17.371166995+08:00', 'endTime': '0001-01-01T00:00:00Z'}</msg>
<status status="PASS" starttime="20181101 14:56:41.696" endtime="20181101 14:56:41.696"></status>
</kw>
<status status="PASS" starttime="20181101 14:56:41.326" endtime="20181101 14:56:41.697"></status>
</kw>
<kw name="Log" library="BuiltIn">
<doc>Logs the given message with the given level.</doc>
<arguments>
<arg>devops_pipeline执行结果</arg>
</arguments>
<msg timestamp="20181101 14:56:41.697" level="INFO">devops_pipeline执行结果</msg>
<status status="PASS" starttime="20181101 14:56:41.697" endtime="20181101 14:56:41.698"></status>
</kw>
<kw name="devops_pipeline执行结果_流水线执行完毕" library="devopsAPI业务关键词">
<arguments>
<arg>github</arg>
<arg>${workspaceName_github}</arg>
<arg>${pipelineName_github}</arg>
</arguments>
<assign>
<var>${return}</var>
</assign>
<kw name="${i} IN RANGE [ 100 ]" type="for">
<kw name="${i} = 0" type="foritem">
<kw name="Sleep" library="BuiltIn">
<doc>Pauses the test executed for the given time.</doc>
<arguments>
<arg>60</arg>
</arguments>
<msg timestamp="20181101 14:57:41.700" level="INFO">Slept 1 minute</msg>
<status status="PASS" starttime="20181101 14:56:41.699" endtime="20181101 14:57:41.701"></status>
</kw>
<kw name="devops_pipeline执行结果" library="devopsAPI业务关键词">
<arguments>
<arg>${repo_type}</arg>
<arg>${workspace}</arg>
<arg>${pipeline}</arg>
</arguments>
<assign>
<var>${return}</var>
</assign>
<kw name="Create Dictionary" library="BuiltIn">
<doc>Creates and returns a dictionary based on the given ``items``.</doc>
<arguments>
<arg>Content-Type=application/json</arg>
<arg>Authorization=Basic YWRtaW46UHdkMTIzNDU2</arg>
<arg>X-Tenant=${namespace}</arg>
</arguments>
<assign>
<var>${header}</var>
</assign>
<msg timestamp="20181101 14:57:41.706" level="INFO">${header} = {'Content-Type': 'application/json', 'Authorization': 'Basic YWRtaW46UHdkMTIzNDU2', 'X-Tenant': 'godevops'}</msg>
<status status="PASS" starttime="20181101 14:57:41.704" endtime="20181101 14:57:41.706"></status>
</kw>
<kw name="Create Session" library="RequestsLibrary">
<doc>Create Session: create a HTTP session to a server</doc>
<arguments>
<arg>compass</arg>
<arg>http://${compass_ip}:${api_port}/apis/admin.devops.caicloud.io</arg>
<arg>${header}</arg>
</arguments>
<msg timestamp="20181101 14:57:41.708" level="INFO">Creating Session using : alias=compass, url=http://192.168.129.30:6002/apis/admin.devops.caicloud.io, headers={'Content-Type': 'application/json', 'Authorization': 'Basic YWRtaW46UHdkMTIzNDU2', 'X-Tenant': 'godevops'},                     cookies=None, auth=None, timeout=None, proxies=None, verify=False,                     debug=0 </msg>
<status status="PASS" starttime="20181101 14:57:41.707" endtime="20181101 14:57:41.709"></status>
</kw>
<kw name="Get Request" library="RequestsLibrary">
<doc>Send a GET request on the session object found using the</doc>
<arguments>
<arg>compass</arg>
<arg>v1/workspaces/${workspace}/pipelines/${pipeline}/records</arg>
<arg>headers=${header}</arg>
</arguments>
<assign>
<var>${resp}</var>
</assign>
<msg timestamp="20181101 14:57:42.421" level="INFO">Get Request using : alias=compass, uri=v1/workspaces/abcgithub/pipelines/abcgithub/records, headers={'Content-Type': 'application/json', 'Authorization': 'Basic YWRtaW46UHdkMTIzNDU2', 'X-Tenant': 'godevops'} json=None</msg>
<msg timestamp="20181101 14:57:42.422" level="INFO">${resp} = &lt;Response [200]&gt;</msg>
<status status="PASS" starttime="20181101 14:57:41.710" endtime="20181101 14:57:42.422"></status>
</kw>
<kw name="Should Be Equal As Strings" library="BuiltIn">
<doc>Fails if objects are unequal after converting them to strings.</doc>
<arguments>
<arg>${resp.status_code}</arg>
<arg>200</arg>
</arguments>
<msg timestamp="20181101 14:57:42.424" level="INFO">Argument types are:
&lt;class 'int'&gt;
&lt;type 'unicode'&gt;</msg>
<status status="PASS" starttime="20181101 14:57:42.423" endtime="20181101 14:57:42.425"></status>
</kw>
<kw name="Set Variable" library="BuiltIn">
<doc>Returns the given values which can then be assigned to a variables.</doc>
<arguments>
<arg>${resp.json()}</arg>
</arguments>
<assign>
<var>${content}</var>
</assign>
<msg timestamp="20181101 14:57:42.427" level="INFO">${content} = {'metadata': {'total': 1}, 'items': [{'id': '5bdaa35516da9c0001a6c9f7', 'name': '285a131-181101145524', 'pipelineID': '5bdaa35516da9c0001a6c9f6', 'trigger': 'admin', 'performParams': {'ref': 'refs/hea...</msg>
<status status="PASS" starttime="20181101 14:57:42.426" endtime="20181101 14:57:42.428"></status>
</kw>
<kw name="Set Variable" library="BuiltIn">
<doc>Returns the given values which can then be assigned to a variables.</doc>
<arguments>
<arg>${content['items'][0]['status']}</arg>
</arguments>
<assign>
<var>${result}</var>
</assign>
<msg timestamp="20181101 14:57:42.430" level="INFO">${result} = Running</msg>
<status status="PASS" starttime="20181101 14:57:42.429" endtime="20181101 14:57:42.430"></status>
</kw>
<msg timestamp="20181101 14:57:42.431" level="INFO">${return} = Running</msg>
<status status="PASS" starttime="20181101 14:57:41.702" endtime="20181101 14:57:42.431"></status>
</kw>
<kw name="Run Keyword If" library="BuiltIn">
<doc>Runs the given keyword with the given arguments, if ``condition`` is true.</doc>
<arguments>
<arg>'${return}'=='Success'</arg>
<arg>Exit For Loop</arg>
</arguments>
<status status="PASS" starttime="20181101 14:57:42.432" endtime="20181101 14:57:42.433"></status>
</kw>
<kw name="Run Keyword If" library="BuiltIn">
<doc>Runs the given keyword with the given arguments, if ``condition`` is true.</doc>
<arguments>
<arg>'${return}'=='Failed'</arg>
<arg>Exit For Loop</arg>
</arguments>
<status status="PASS" starttime="20181101 14:57:42.434" endtime="20181101 14:57:42.435"></status>
</kw>
<status status="PASS" starttime="20181101 14:56:41.699" endtime="20181101 14:57:42.435"></status>
</kw>
<kw name="${i} = 1" type="foritem">
<kw name="Sleep" library="BuiltIn">
<doc>Pauses the test executed for the given time.</doc>
<arguments>
<arg>60</arg>
</arguments>
<msg timestamp="20181101 14:58:42.437" level="INFO">Slept 1 minute</msg>
<status status="PASS" starttime="20181101 14:57:42.436" endtime="20181101 14:58:42.437"></status>
</kw>
<kw name="devops_pipeline执行结果" library="devopsAPI业务关键词">
<arguments>
<arg>${repo_type}</arg>
<arg>${workspace}</arg>
<arg>${pipeline}</arg>
</arguments>
<assign>
<var>${return}</var>
</assign>
<kw name="Create Dictionary" library="BuiltIn">
<doc>Creates and returns a dictionary based on the given ``items``.</doc>
<arguments>
<arg>Content-Type=application/json</arg>
<arg>Authorization=Basic YWRtaW46UHdkMTIzNDU2</arg>
<arg>X-Tenant=${namespace}</arg>
</arguments>
<assign>
<var>${header}</var>
</assign>
<msg timestamp="20181101 14:58:42.442" level="INFO">${header} = {'Content-Type': 'application/json', 'Authorization': 'Basic YWRtaW46UHdkMTIzNDU2', 'X-Tenant': 'godevops'}</msg>
<status status="PASS" starttime="20181101 14:58:42.440" endtime="20181101 14:58:42.442"></status>
</kw>
<kw name="Create Session" library="RequestsLibrary">
<doc>Create Session: create a HTTP session to a server</doc>
<arguments>
<arg>compass</arg>
<arg>http://${compass_ip}:${api_port}/apis/admin.devops.caicloud.io</arg>
<arg>${header}</arg>
</arguments>
<msg timestamp="20181101 14:58:42.444" level="INFO">Creating Session using : alias=compass, url=http://192.168.129.30:6002/apis/admin.devops.caicloud.io, headers={'Content-Type': 'application/json', 'Authorization': 'Basic YWRtaW46UHdkMTIzNDU2', 'X-Tenant': 'godevops'},                     cookies=None, auth=None, timeout=None, proxies=None, verify=False,                     debug=0 </msg>
<status status="PASS" starttime="20181101 14:58:42.443" endtime="20181101 14:58:42.445"></status>
</kw>
<kw name="Get Request" library="RequestsLibrary">
<doc>Send a GET request on the session object found using the</doc>
<arguments>
<arg>compass</arg>
<arg>v1/workspaces/${workspace}/pipelines/${pipeline}/records</arg>
<arg>headers=${header}</arg>
</arguments>
<assign>
<var>${resp}</var>
</assign>
<msg timestamp="20181101 14:58:42.931" level="INFO">Get Request using : alias=compass, uri=v1/workspaces/abcgithub/pipelines/abcgithub/records, headers={'Content-Type': 'application/json', 'Authorization': 'Basic YWRtaW46UHdkMTIzNDU2', 'X-Tenant': 'godevops'} json=None</msg>
<msg timestamp="20181101 14:58:42.932" level="INFO">${resp} = &lt;Response [200]&gt;</msg>
<status status="PASS" starttime="20181101 14:58:42.446" endtime="20181101 14:58:42.932"></status>
</kw>
<kw name="Should Be Equal As Strings" library="BuiltIn">
<doc>Fails if objects are unequal after converting them to strings.</doc>
<arguments>
<arg>${resp.status_code}</arg>
<arg>200</arg>
</arguments>
<msg timestamp="20181101 14:58:42.933" level="INFO">Argument types are:
&lt;class 'int'&gt;
&lt;type 'unicode'&gt;</msg>
<status status="PASS" starttime="20181101 14:58:42.932" endtime="20181101 14:58:42.934"></status>
</kw>
<kw name="Set Variable" library="BuiltIn">
<doc>Returns the given values which can then be assigned to a variables.</doc>
<arguments>
<arg>${resp.json()}</arg>
</arguments>
<assign>
<var>${content}</var>
</assign>
<msg timestamp="20181101 14:58:42.935" level="INFO">${content} = {'metadata': {'total': 1}, 'items': [{'id': '5bdaa35516da9c0001a6c9f7', 'name': '285a131-181101145524', 'pipelineID': '5bdaa35516da9c0001a6c9f6', 'trigger': 'admin', 'performParams': {'ref': 'refs/hea...</msg>
<status status="PASS" starttime="20181101 14:58:42.935" endtime="20181101 14:58:42.936"></status>
</kw>
<kw name="Set Variable" library="BuiltIn">
<doc>Returns the given values which can then be assigned to a variables.</doc>
<arguments>
<arg>${content['items'][0]['status']}</arg>
</arguments>
<assign>
<var>${result}</var>
</assign>
<msg timestamp="20181101 14:58:42.939" level="INFO">${result} = Running</msg>
<status status="PASS" starttime="20181101 14:58:42.938" endtime="20181101 14:58:42.939"></status>
</kw>
<msg timestamp="20181101 14:58:42.940" level="INFO">${return} = Running</msg>
<status status="PASS" starttime="20181101 14:58:42.438" endtime="20181101 14:58:42.940"></status>
</kw>
<kw name="Run Keyword If" library="BuiltIn">
<doc>Runs the given keyword with the given arguments, if ``condition`` is true.</doc>
<arguments>
<arg>'${return}'=='Success'</arg>
<arg>Exit For Loop</arg>
</arguments>
<status status="PASS" starttime="20181101 14:58:42.940" endtime="20181101 14:58:42.941"></status>
</kw>
<kw name="Run Keyword If" library="BuiltIn">
<doc>Runs the given keyword with the given arguments, if ``condition`` is true.</doc>
<arguments>
<arg>'${return}'=='Failed'</arg>
<arg>Exit For Loop</arg>
</arguments>
<status status="PASS" starttime="20181101 14:58:42.941" endtime="20181101 14:58:42.942"></status>
</kw>
<status status="PASS" starttime="20181101 14:57:42.436" endtime="20181101 14:58:42.942"></status>
</kw>
<kw name="${i} = 2" type="foritem">
<kw name="Sleep" library="BuiltIn">
<doc>Pauses the test executed for the given time.</doc>
<arguments>
<arg>60</arg>
</arguments>
<msg timestamp="20181101 14:59:42.944" level="INFO">Slept 1 minute</msg>
<status status="PASS" starttime="20181101 14:58:42.943" endtime="20181101 14:59:42.944"></status>
</kw>
<kw name="devops_pipeline执行结果" library="devopsAPI业务关键词">
<arguments>
<arg>${repo_type}</arg>
<arg>${workspace}</arg>
<arg>${pipeline}</arg>
</arguments>
<assign>
<var>${return}</var>
</assign>
<kw name="Create Dictionary" library="BuiltIn">
<doc>Creates and returns a dictionary based on the given ``items``.</doc>
<arguments>
<arg>Content-Type=application/json</arg>
<arg>Authorization=Basic YWRtaW46UHdkMTIzNDU2</arg>
<arg>X-Tenant=${namespace}</arg>
</arguments>
<assign>
<var>${header}</var>
</assign>
<msg timestamp="20181101 14:59:42.947" level="INFO">${header} = {'Content-Type': 'application/json', 'Authorization': 'Basic YWRtaW46UHdkMTIzNDU2', 'X-Tenant': 'godevops'}</msg>
<status status="PASS" starttime="20181101 14:59:42.947" endtime="20181101 14:59:42.948"></status>
</kw>
<kw name="Create Session" library="RequestsLibrary">
<doc>Create Session: create a HTTP session to a server</doc>
<arguments>
<arg>compass</arg>
<arg>http://${compass_ip}:${api_port}/apis/admin.devops.caicloud.io</arg>
<arg>${header}</arg>
</arguments>
<msg timestamp="20181101 14:59:42.949" level="INFO">Creating Session using : alias=compass, url=http://192.168.129.30:6002/apis/admin.devops.caicloud.io, headers={'Content-Type': 'application/json', 'Authorization': 'Basic YWRtaW46UHdkMTIzNDU2', 'X-Tenant': 'godevops'},                     cookies=None, auth=None, timeout=None, proxies=None, verify=False,                     debug=0 </msg>
<status status="PASS" starttime="20181101 14:59:42.948" endtime="20181101 14:59:42.950"></status>
</kw>
<kw name="Get Request" library="RequestsLibrary">
<doc>Send a GET request on the session object found using the</doc>
<arguments>
<arg>compass</arg>
<arg>v1/workspaces/${workspace}/pipelines/${pipeline}/records</arg>
<arg>headers=${header}</arg>
</arguments>
<assign>
<var>${resp}</var>
</assign>
<msg timestamp="20181101 14:59:43.227" level="INFO">Get Request using : alias=compass, uri=v1/workspaces/abcgithub/pipelines/abcgithub/records, headers={'Content-Type': 'application/json', 'Authorization': 'Basic YWRtaW46UHdkMTIzNDU2', 'X-Tenant': 'godevops'} json=None</msg>
<msg timestamp="20181101 14:59:43.228" level="INFO">${resp} = &lt;Response [200]&gt;</msg>
<status status="PASS" starttime="20181101 14:59:42.950" endtime="20181101 14:59:43.229"></status>
</kw>
<kw name="Should Be Equal As Strings" library="BuiltIn">
<doc>Fails if objects are unequal after converting them to strings.</doc>
<arguments>
<arg>${resp.status_code}</arg>
<arg>200</arg>
</arguments>
<msg timestamp="20181101 14:59:43.230" level="INFO">Argument types are:
&lt;class 'int'&gt;
&lt;type 'unicode'&gt;</msg>
<status status="PASS" starttime="20181101 14:59:43.230" endtime="20181101 14:59:43.231"></status>
</kw>
<kw name="Set Variable" library="BuiltIn">
<doc>Returns the given values which can then be assigned to a variables.</doc>
<arguments>
<arg>${resp.json()}</arg>
</arguments>
<assign>
<var>${content}</var>
</assign>
<msg timestamp="20181101 14:59:43.232" level="INFO">${content} = {'metadata': {'total': 1}, 'items': [{'id': '5bdaa35516da9c0001a6c9f7', 'name': '285a131-181101145524', 'pipelineID': '5bdaa35516da9c0001a6c9f6', 'trigger': 'admin', 'performParams': {'ref': 'refs/hea...</msg>
<status status="PASS" starttime="20181101 14:59:43.231" endtime="20181101 14:59:43.232"></status>
</kw>
<kw name="Set Variable" library="BuiltIn">
<doc>Returns the given values which can then be assigned to a variables.</doc>
<arguments>
<arg>${content['items'][0]['status']}</arg>
</arguments>
<assign>
<var>${result}</var>
</assign>
<msg timestamp="20181101 14:59:43.233" level="INFO">${result} = Running</msg>
<status status="PASS" starttime="20181101 14:59:43.233" endtime="20181101 14:59:43.234"></status>
</kw>
<msg timestamp="20181101 14:59:43.234" level="INFO">${return} = Running</msg>
<status status="PASS" starttime="20181101 14:59:42.945" endtime="20181101 14:59:43.235"></status>
</kw>
<kw name="Run Keyword If" library="BuiltIn">
<doc>Runs the given keyword with the given arguments, if ``condition`` is true.</doc>
<arguments>
<arg>'${return}'=='Success'</arg>
<arg>Exit For Loop</arg>
</arguments>
<status status="PASS" starttime="20181101 14:59:43.236" endtime="20181101 14:59:43.237"></status>
</kw>
<kw name="Run Keyword If" library="BuiltIn">
<doc>Runs the given keyword with the given arguments, if ``condition`` is true.</doc>
<arguments>
<arg>'${return}'=='Failed'</arg>
<arg>Exit For Loop</arg>
</arguments>
<status status="PASS" starttime="20181101 14:59:43.238" endtime="20181101 14:59:43.239"></status>
</kw>
<status status="PASS" starttime="20181101 14:58:42.942" endtime="20181101 14:59:43.239"></status>
</kw>
<kw name="${i} = 3" type="foritem">
<kw name="Sleep" library="BuiltIn">
<doc>Pauses the test executed for the given time.</doc>
<arguments>
<arg>60</arg>
</arguments>
<msg timestamp="20181101 15:00:43.243" level="INFO">Slept 1 minute</msg>
<status status="PASS" starttime="20181101 14:59:43.241" endtime="20181101 15:00:43.243"></status>
</kw>
<kw name="devops_pipeline执行结果" library="devopsAPI业务关键词">
<arguments>
<arg>${repo_type}</arg>
<arg>${workspace}</arg>
<arg>${pipeline}</arg>
</arguments>
<assign>
<var>${return}</var>
</assign>
<kw name="Create Dictionary" library="BuiltIn">
<doc>Creates and returns a dictionary based on the given ``items``.</doc>
<arguments>
<arg>Content-Type=application/json</arg>
<arg>Authorization=Basic YWRtaW46UHdkMTIzNDU2</arg>
<arg>X-Tenant=${namespace}</arg>
</arguments>
<assign>
<var>${header}</var>
</assign>
<msg timestamp="20181101 15:00:43.248" level="INFO">${header} = {'Content-Type': 'application/json', 'Authorization': 'Basic YWRtaW46UHdkMTIzNDU2', 'X-Tenant': 'godevops'}</msg>
<status status="PASS" starttime="20181101 15:00:43.246" endtime="20181101 15:00:43.248"></status>
</kw>
<kw name="Create Session" library="RequestsLibrary">
<doc>Create Session: create a HTTP session to a server</doc>
<arguments>
<arg>compass</arg>
<arg>http://${compass_ip}:${api_port}/apis/admin.devops.caicloud.io</arg>
<arg>${header}</arg>
</arguments>
<msg timestamp="20181101 15:00:43.249" level="INFO">Creating Session using : alias=compass, url=http://192.168.129.30:6002/apis/admin.devops.caicloud.io, headers={'Content-Type': 'application/json', 'Authorization': 'Basic YWRtaW46UHdkMTIzNDU2', 'X-Tenant': 'godevops'},                     cookies=None, auth=None, timeout=None, proxies=None, verify=False,                     debug=0 </msg>
<status status="PASS" starttime="20181101 15:00:43.248" endtime="20181101 15:00:43.250"></status>
</kw>
<kw name="Get Request" library="RequestsLibrary">
<doc>Send a GET request on the session object found using the</doc>
<arguments>
<arg>compass</arg>
<arg>v1/workspaces/${workspace}/pipelines/${pipeline}/records</arg>
<arg>headers=${header}</arg>
</arguments>
<assign>
<var>${resp}</var>
</assign>
<msg timestamp="20181101 15:00:43.579" level="INFO">Get Request using : alias=compass, uri=v1/workspaces/abcgithub/pipelines/abcgithub/records, headers={'Content-Type': 'application/json', 'Authorization': 'Basic YWRtaW46UHdkMTIzNDU2', 'X-Tenant': 'godevops'} json=None</msg>
<msg timestamp="20181101 15:00:43.579" level="INFO">${resp} = &lt;Response [200]&gt;</msg>
<status status="PASS" starttime="20181101 15:00:43.253" endtime="20181101 15:00:43.580"></status>
</kw>
<kw name="Should Be Equal As Strings" library="BuiltIn">
<doc>Fails if objects are unequal after converting them to strings.</doc>
<arguments>
<arg>${resp.status_code}</arg>
<arg>200</arg>
</arguments>
<msg timestamp="20181101 15:00:43.582" level="INFO">Argument types are:
&lt;class 'int'&gt;
&lt;type 'unicode'&gt;</msg>
<status status="PASS" starttime="20181101 15:00:43.581" endtime="20181101 15:00:43.583"></status>
</kw>
<kw name="Set Variable" library="BuiltIn">
<doc>Returns the given values which can then be assigned to a variables.</doc>
<arguments>
<arg>${resp.json()}</arg>
</arguments>
<assign>
<var>${content}</var>
</assign>
<msg timestamp="20181101 15:00:43.585" level="INFO">${content} = {'metadata': {'total': 1}, 'items': [{'id': '5bdaa35516da9c0001a6c9f7', 'name': '285a131-181101145524', 'pipelineID': '5bdaa35516da9c0001a6c9f6', 'trigger': 'admin', 'performParams': {'ref': 'refs/hea...</msg>
<status status="PASS" starttime="20181101 15:00:43.583" endtime="20181101 15:00:43.585"></status>
</kw>
<kw name="Set Variable" library="BuiltIn">
<doc>Returns the given values which can then be assigned to a variables.</doc>
<arguments>
<arg>${content['items'][0]['status']}</arg>
</arguments>
<assign>
<var>${result}</var>
</assign>
<msg timestamp="20181101 15:00:43.587" level="INFO">${result} = Running</msg>
<status status="PASS" starttime="20181101 15:00:43.586" endtime="20181101 15:00:43.587"></status>
</kw>
<msg timestamp="20181101 15:00:43.588" level="INFO">${return} = Running</msg>
<status status="PASS" starttime="20181101 15:00:43.244" endtime="20181101 15:00:43.588"></status>
</kw>
<kw name="Run Keyword If" library="BuiltIn">
<doc>Runs the given keyword with the given arguments, if ``condition`` is true.</doc>
<arguments>
<arg>'${return}'=='Success'</arg>
<arg>Exit For Loop</arg>
</arguments>
<status status="PASS" starttime="20181101 15:00:43.589" endtime="20181101 15:00:43.589"></status>
</kw>
<kw name="Run Keyword If" library="BuiltIn">
<doc>Runs the given keyword with the given arguments, if ``condition`` is true.</doc>
<arguments>
<arg>'${return}'=='Failed'</arg>
<arg>Exit For Loop</arg>
</arguments>
<status status="PASS" starttime="20181101 15:00:43.590" endtime="20181101 15:00:43.591"></status>
</kw>
<status status="PASS" starttime="20181101 14:59:43.240" endtime="20181101 15:00:43.591"></status>
</kw>
<kw name="${i} = 4" type="foritem">
<kw name="Sleep" library="BuiltIn">
<doc>Pauses the test executed for the given time.</doc>
<arguments>
<arg>60</arg>
</arguments>
<msg timestamp="20181101 15:01:43.594" level="INFO">Slept 1 minute</msg>
<status status="PASS" starttime="20181101 15:00:43.592" endtime="20181101 15:01:43.595"></status>
</kw>
<kw name="devops_pipeline执行结果" library="devopsAPI业务关键词">
<arguments>
<arg>${repo_type}</arg>
<arg>${workspace}</arg>
<arg>${pipeline}</arg>
</arguments>
<assign>
<var>${return}</var>
</assign>
<kw name="Create Dictionary" library="BuiltIn">
<doc>Creates and returns a dictionary based on the given ``items``.</doc>
<arguments>
<arg>Content-Type=application/json</arg>
<arg>Authorization=Basic YWRtaW46UHdkMTIzNDU2</arg>
<arg>X-Tenant=${namespace}</arg>
</arguments>
<assign>
<var>${header}</var>
</assign>
<msg timestamp="20181101 15:01:43.599" level="INFO">${header} = {'Content-Type': 'application/json', 'Authorization': 'Basic YWRtaW46UHdkMTIzNDU2', 'X-Tenant': 'godevops'}</msg>
<status status="PASS" starttime="20181101 15:01:43.598" endtime="20181101 15:01:43.599"></status>
</kw>
<kw name="Create Session" library="RequestsLibrary">
<doc>Create Session: create a HTTP session to a server</doc>
<arguments>
<arg>compass</arg>
<arg>http://${compass_ip}:${api_port}/apis/admin.devops.caicloud.io</arg>
<arg>${header}</arg>
</arguments>
<msg timestamp="20181101 15:01:43.602" level="INFO">Creating Session using : alias=compass, url=http://192.168.129.30:6002/apis/admin.devops.caicloud.io, headers={'Content-Type': 'application/json', 'Authorization': 'Basic YWRtaW46UHdkMTIzNDU2', 'X-Tenant': 'godevops'},                     cookies=None, auth=None, timeout=None, proxies=None, verify=False,                     debug=0 </msg>
<status status="PASS" starttime="20181101 15:01:43.601" endtime="20181101 15:01:43.603"></status>
</kw>
<kw name="Get Request" library="RequestsLibrary">
<doc>Send a GET request on the session object found using the</doc>
<arguments>
<arg>compass</arg>
<arg>v1/workspaces/${workspace}/pipelines/${pipeline}/records</arg>
<arg>headers=${header}</arg>
</arguments>
<assign>
<var>${resp}</var>
</assign>
<msg timestamp="20181101 15:01:43.970" level="INFO">Get Request using : alias=compass, uri=v1/workspaces/abcgithub/pipelines/abcgithub/records, headers={'Content-Type': 'application/json', 'Authorization': 'Basic YWRtaW46UHdkMTIzNDU2', 'X-Tenant': 'godevops'} json=None</msg>
<msg timestamp="20181101 15:01:43.970" level="INFO">${resp} = &lt;Response [200]&gt;</msg>
<status status="PASS" starttime="20181101 15:01:43.604" endtime="20181101 15:01:43.971"></status>
</kw>
<kw name="Should Be Equal As Strings" library="BuiltIn">
<doc>Fails if objects are unequal after converting them to strings.</doc>
<arguments>
<arg>${resp.status_code}</arg>
<arg>200</arg>
</arguments>
<msg timestamp="20181101 15:01:43.972" level="INFO">Argument types are:
&lt;class 'int'&gt;
&lt;type 'unicode'&gt;</msg>
<status status="PASS" starttime="20181101 15:01:43.971" endtime="20181101 15:01:43.972"></status>
</kw>
<kw name="Set Variable" library="BuiltIn">
<doc>Returns the given values which can then be assigned to a variables.</doc>
<arguments>
<arg>${resp.json()}</arg>
</arguments>
<assign>
<var>${content}</var>
</assign>
<msg timestamp="20181101 15:01:43.974" level="INFO">${content} = {'metadata': {'total': 1}, 'items': [{'id': '5bdaa35516da9c0001a6c9f7', 'name': '285a131-181101145524', 'pipelineID': '5bdaa35516da9c0001a6c9f6', 'trigger': 'admin', 'performParams': {'ref': 'refs/hea...</msg>
<status status="PASS" starttime="20181101 15:01:43.973" endtime="20181101 15:01:43.974"></status>
</kw>
<kw name="Set Variable" library="BuiltIn">
<doc>Returns the given values which can then be assigned to a variables.</doc>
<arguments>
<arg>${content['items'][0]['status']}</arg>
</arguments>
<assign>
<var>${result}</var>
</assign>
<msg timestamp="20181101 15:01:43.975" level="INFO">${result} = Running</msg>
<status status="PASS" starttime="20181101 15:01:43.974" endtime="20181101 15:01:43.975"></status>
</kw>
<msg timestamp="20181101 15:01:43.976" level="INFO">${return} = Running</msg>
<status status="PASS" starttime="20181101 15:01:43.595" endtime="20181101 15:01:43.976"></status>
</kw>
<kw name="Run Keyword If" library="BuiltIn">
<doc>Runs the given keyword with the given arguments, if ``condition`` is true.</doc>
<arguments>
<arg>'${return}'=='Success'</arg>
<arg>Exit For Loop</arg>
</arguments>
<status status="PASS" starttime="20181101 15:01:43.977" endtime="20181101 15:01:43.977"></status>
</kw>
<kw name="Run Keyword If" library="BuiltIn">
<doc>Runs the given keyword with the given arguments, if ``condition`` is true.</doc>
<arguments>
<arg>'${return}'=='Failed'</arg>
<arg>Exit For Loop</arg>
</arguments>
<status status="PASS" starttime="20181101 15:01:43.978" endtime="20181101 15:01:43.978"></status>
</kw>
<status status="PASS" starttime="20181101 15:00:43.592" endtime="20181101 15:01:43.979"></status>
</kw>
<kw name="${i} = 5" type="foritem">
<kw name="Sleep" library="BuiltIn">
<doc>Pauses the test executed for the given time.</doc>
<arguments>
<arg>60</arg>
</arguments>
<msg timestamp="20181101 15:02:43.983" level="INFO">Slept 1 minute</msg>
<status status="PASS" starttime="20181101 15:01:43.982" endtime="20181101 15:02:43.983"></status>
</kw>
<kw name="devops_pipeline执行结果" library="devopsAPI业务关键词">
<arguments>
<arg>${repo_type}</arg>
<arg>${workspace}</arg>
<arg>${pipeline}</arg>
</arguments>
<assign>
<var>${return}</var>
</assign>
<kw name="Create Dictionary" library="BuiltIn">
<doc>Creates and returns a dictionary based on the given ``items``.</doc>
<arguments>
<arg>Content-Type=application/json</arg>
<arg>Authorization=Basic YWRtaW46UHdkMTIzNDU2</arg>
<arg>X-Tenant=${namespace}</arg>
</arguments>
<assign>
<var>${header}</var>
</assign>
<msg timestamp="20181101 15:02:43.986" level="INFO">${header} = {'Content-Type': 'application/json', 'Authorization': 'Basic YWRtaW46UHdkMTIzNDU2', 'X-Tenant': 'godevops'}</msg>
<status status="PASS" starttime="20181101 15:02:43.985" endtime="20181101 15:02:43.987"></status>
</kw>
<kw name="Create Session" library="RequestsLibrary">
<doc>Create Session: create a HTTP session to a server</doc>
<arguments>
<arg>compass</arg>
<arg>http://${compass_ip}:${api_port}/apis/admin.devops.caicloud.io</arg>
<arg>${header}</arg>
</arguments>
<msg timestamp="20181101 15:02:43.988" level="INFO">Creating Session using : alias=compass, url=http://192.168.129.30:6002/apis/admin.devops.caicloud.io, headers={'Content-Type': 'application/json', 'Authorization': 'Basic YWRtaW46UHdkMTIzNDU2', 'X-Tenant': 'godevops'},                     cookies=None, auth=None, timeout=None, proxies=None, verify=False,                     debug=0 </msg>
<status status="PASS" starttime="20181101 15:02:43.987" endtime="20181101 15:02:43.989"></status>
</kw>
<kw name="Get Request" library="RequestsLibrary">
<doc>Send a GET request on the session object found using the</doc>
<arguments>
<arg>compass</arg>
<arg>v1/workspaces/${workspace}/pipelines/${pipeline}/records</arg>
<arg>headers=${header}</arg>
</arguments>
<assign>
<var>${resp}</var>
</assign>
<msg timestamp="20181101 15:02:44.270" level="INFO">Get Request using : alias=compass, uri=v1/workspaces/abcgithub/pipelines/abcgithub/records, headers={'Content-Type': 'application/json', 'Authorization': 'Basic YWRtaW46UHdkMTIzNDU2', 'X-Tenant': 'godevops'} json=None</msg>
<msg timestamp="20181101 15:02:44.271" level="INFO">${resp} = &lt;Response [200]&gt;</msg>
<status status="PASS" starttime="20181101 15:02:43.989" endtime="20181101 15:02:44.271"></status>
</kw>
<kw name="Should Be Equal As Strings" library="BuiltIn">
<doc>Fails if objects are unequal after converting them to strings.</doc>
<arguments>
<arg>${resp.status_code}</arg>
<arg>200</arg>
</arguments>
<msg timestamp="20181101 15:02:44.273" level="INFO">Argument types are:
&lt;class 'int'&gt;
&lt;type 'unicode'&gt;</msg>
<status status="PASS" starttime="20181101 15:02:44.272" endtime="20181101 15:02:44.273"></status>
</kw>
<kw name="Set Variable" library="BuiltIn">
<doc>Returns the given values which can then be assigned to a variables.</doc>
<arguments>
<arg>${resp.json()}</arg>
</arguments>
<assign>
<var>${content}</var>
</assign>
<msg timestamp="20181101 15:02:44.274" level="INFO">${content} = {'metadata': {'total': 1}, 'items': [{'id': '5bdaa35516da9c0001a6c9f7', 'name': '285a131-181101145524', 'pipelineID': '5bdaa35516da9c0001a6c9f6', 'trigger': 'admin', 'performParams': {'ref': 'refs/hea...</msg>
<status status="PASS" starttime="20181101 15:02:44.273" endtime="20181101 15:02:44.274"></status>
</kw>
<kw name="Set Variable" library="BuiltIn">
<doc>Returns the given values which can then be assigned to a variables.</doc>
<arguments>
<arg>${content['items'][0]['status']}</arg>
</arguments>
<assign>
<var>${result}</var>
</assign>
<msg timestamp="20181101 15:02:44.276" level="INFO">${result} = Running</msg>
<status status="PASS" starttime="20181101 15:02:44.275" endtime="20181101 15:02:44.276"></status>
</kw>
<msg timestamp="20181101 15:02:44.276" level="INFO">${return} = Running</msg>
<status status="PASS" starttime="20181101 15:02:43.984" endtime="20181101 15:02:44.276"></status>
</kw>
<kw name="Run Keyword If" library="BuiltIn">
<doc>Runs the given keyword with the given arguments, if ``condition`` is true.</doc>
<arguments>
<arg>'${return}'=='Success'</arg>
<arg>Exit For Loop</arg>
</arguments>
<status status="PASS" starttime="20181101 15:02:44.277" endtime="20181101 15:02:44.277"></status>
</kw>
<kw name="Run Keyword If" library="BuiltIn">
<doc>Runs the given keyword with the given arguments, if ``condition`` is true.</doc>
<arguments>
<arg>'${return}'=='Failed'</arg>
<arg>Exit For Loop</arg>
</arguments>
<status status="PASS" starttime="20181101 15:02:44.278" endtime="20181101 15:02:44.278"></status>
</kw>
<status status="PASS" starttime="20181101 15:01:43.979" endtime="20181101 15:02:44.278"></status>
</kw>
<kw name="${i} = 6" type="foritem">
<kw name="Sleep" library="BuiltIn">
<doc>Pauses the test executed for the given time.</doc>
<arguments>
<arg>60</arg>
</arguments>
<msg timestamp="20181101 15:03:44.281" level="INFO">Slept 1 minute</msg>
<status status="PASS" starttime="20181101 15:02:44.279" endtime="20181101 15:03:44.281"></status>
</kw>
<kw name="devops_pipeline执行结果" library="devopsAPI业务关键词">
<arguments>
<arg>${repo_type}</arg>
<arg>${workspace}</arg>
<arg>${pipeline}</arg>
</arguments>
<assign>
<var>${return}</var>
</assign>
<kw name="Create Dictionary" library="BuiltIn">
<doc>Creates and returns a dictionary based on the given ``items``.</doc>
<arguments>
<arg>Content-Type=application/json</arg>
<arg>Authorization=Basic YWRtaW46UHdkMTIzNDU2</arg>
<arg>X-Tenant=${namespace}</arg>
</arguments>
<assign>
<var>${header}</var>
</assign>
<msg timestamp="20181101 15:03:44.284" level="INFO">${header} = {'Content-Type': 'application/json', 'Authorization': 'Basic YWRtaW46UHdkMTIzNDU2', 'X-Tenant': 'godevops'}</msg>
<status status="PASS" starttime="20181101 15:03:44.283" endtime="20181101 15:03:44.284"></status>
</kw>
<kw name="Create Session" library="RequestsLibrary">
<doc>Create Session: create a HTTP session to a server</doc>
<arguments>
<arg>compass</arg>
<arg>http://${compass_ip}:${api_port}/apis/admin.devops.caicloud.io</arg>
<arg>${header}</arg>
</arguments>
<msg timestamp="20181101 15:03:44.285" level="INFO">Creating Session using : alias=compass, url=http://192.168.129.30:6002/apis/admin.devops.caicloud.io, headers={'Content-Type': 'application/json', 'Authorization': 'Basic YWRtaW46UHdkMTIzNDU2', 'X-Tenant': 'godevops'},                     cookies=None, auth=None, timeout=None, proxies=None, verify=False,                     debug=0 </msg>
<status status="PASS" starttime="20181101 15:03:44.285" endtime="20181101 15:03:44.289"></status>
</kw>
<kw name="Get Request" library="RequestsLibrary">
<doc>Send a GET request on the session object found using the</doc>
<arguments>
<arg>compass</arg>
<arg>v1/workspaces/${workspace}/pipelines/${pipeline}/records</arg>
<arg>headers=${header}</arg>
</arguments>
<assign>
<var>${resp}</var>
</assign>
<msg timestamp="20181101 15:03:44.766" level="INFO">Get Request using : alias=compass, uri=v1/workspaces/abcgithub/pipelines/abcgithub/records, headers={'Content-Type': 'application/json', 'Authorization': 'Basic YWRtaW46UHdkMTIzNDU2', 'X-Tenant': 'godevops'} json=None</msg>
<msg timestamp="20181101 15:03:44.767" level="INFO">${resp} = &lt;Response [200]&gt;</msg>
<status status="PASS" starttime="20181101 15:03:44.290" endtime="20181101 15:03:44.768"></status>
</kw>
<kw name="Should Be Equal As Strings" library="BuiltIn">
<doc>Fails if objects are unequal after converting them to strings.</doc>
<arguments>
<arg>${resp.status_code}</arg>
<arg>200</arg>
</arguments>
<msg timestamp="20181101 15:03:44.769" level="INFO">Argument types are:
&lt;class 'int'&gt;
&lt;type 'unicode'&gt;</msg>
<status status="PASS" starttime="20181101 15:03:44.768" endtime="20181101 15:03:44.770"></status>
</kw>
<kw name="Set Variable" library="BuiltIn">
<doc>Returns the given values which can then be assigned to a variables.</doc>
<arguments>
<arg>${resp.json()}</arg>
</arguments>
<assign>
<var>${content}</var>
</assign>
<msg timestamp="20181101 15:03:44.773" level="INFO">${content} = {'metadata': {'total': 1}, 'items': [{'id': '5bdaa35516da9c0001a6c9f7', 'name': '285a131-181101145524', 'pipelineID': '5bdaa35516da9c0001a6c9f6', 'trigger': 'admin', 'performParams': {'ref': 'refs/hea...</msg>
<status status="PASS" starttime="20181101 15:03:44.770" endtime="20181101 15:03:44.773"></status>
</kw>
<kw name="Set Variable" library="BuiltIn">
<doc>Returns the given values which can then be assigned to a variables.</doc>
<arguments>
<arg>${content['items'][0]['status']}</arg>
</arguments>
<assign>
<var>${result}</var>
</assign>
<msg timestamp="20181101 15:03:44.775" level="INFO">${result} = Running</msg>
<status status="PASS" starttime="20181101 15:03:44.774" endtime="20181101 15:03:44.775"></status>
</kw>
<msg timestamp="20181101 15:03:44.776" level="INFO">${return} = Running</msg>
<status status="PASS" starttime="20181101 15:03:44.282" endtime="20181101 15:03:44.776"></status>
</kw>
<kw name="Run Keyword If" library="BuiltIn">
<doc>Runs the given keyword with the given arguments, if ``condition`` is true.</doc>
<arguments>
<arg>'${return}'=='Success'</arg>
<arg>Exit For Loop</arg>
</arguments>
<status status="PASS" starttime="20181101 15:03:44.776" endtime="20181101 15:03:44.777"></status>
</kw>
<kw name="Run Keyword If" library="BuiltIn">
<doc>Runs the given keyword with the given arguments, if ``condition`` is true.</doc>
<arguments>
<arg>'${return}'=='Failed'</arg>
<arg>Exit For Loop</arg>
</arguments>
<status status="PASS" starttime="20181101 15:03:44.777" endtime="20181101 15:03:44.778"></status>
</kw>
<status status="PASS" starttime="20181101 15:02:44.279" endtime="20181101 15:03:44.778"></status>
</kw>
<kw name="${i} = 7" type="foritem">
<kw name="Sleep" library="BuiltIn">
<doc>Pauses the test executed for the given time.</doc>
<arguments>
<arg>60</arg>
</arguments>
<msg timestamp="20181101 15:04:44.780" level="INFO">Slept 1 minute</msg>
<status status="PASS" starttime="20181101 15:03:44.779" endtime="20181101 15:04:44.781"></status>
</kw>
<kw name="devops_pipeline执行结果" library="devopsAPI业务关键词">
<arguments>
<arg>${repo_type}</arg>
<arg>${workspace}</arg>
<arg>${pipeline}</arg>
</arguments>
<assign>
<var>${return}</var>
</assign>
<kw name="Create Dictionary" library="BuiltIn">
<doc>Creates and returns a dictionary based on the given ``items``.</doc>
<arguments>
<arg>Content-Type=application/json</arg>
<arg>Authorization=Basic YWRtaW46UHdkMTIzNDU2</arg>
<arg>X-Tenant=${namespace}</arg>
</arguments>
<assign>
<var>${header}</var>
</assign>
<msg timestamp="20181101 15:04:44.785" level="INFO">${header} = {'Content-Type': 'application/json', 'Authorization': 'Basic YWRtaW46UHdkMTIzNDU2', 'X-Tenant': 'godevops'}</msg>
<status status="PASS" starttime="20181101 15:04:44.783" endtime="20181101 15:04:44.785"></status>
</kw>
<kw name="Create Session" library="RequestsLibrary">
<doc>Create Session: create a HTTP session to a server</doc>
<arguments>
<arg>compass</arg>
<arg>http://${compass_ip}:${api_port}/apis/admin.devops.caicloud.io</arg>
<arg>${header}</arg>
</arguments>
<msg timestamp="20181101 15:04:44.787" level="INFO">Creating Session using : alias=compass, url=http://192.168.129.30:6002/apis/admin.devops.caicloud.io, headers={'Content-Type': 'application/json', 'Authorization': 'Basic YWRtaW46UHdkMTIzNDU2', 'X-Tenant': 'godevops'},                     cookies=None, auth=None, timeout=None, proxies=None, verify=False,                     debug=0 </msg>
<status status="PASS" starttime="20181101 15:04:44.786" endtime="20181101 15:04:44.787"></status>
</kw>
<kw name="Get Request" library="RequestsLibrary">
<doc>Send a GET request on the session object found using the</doc>
<arguments>
<arg>compass</arg>
<arg>v1/workspaces/${workspace}/pipelines/${pipeline}/records</arg>
<arg>headers=${header}</arg>
</arguments>
<assign>
<var>${resp}</var>
</assign>
<msg timestamp="20181101 15:04:45.142" level="INFO">Get Request using : alias=compass, uri=v1/workspaces/abcgithub/pipelines/abcgithub/records, headers={'Content-Type': 'application/json', 'Authorization': 'Basic YWRtaW46UHdkMTIzNDU2', 'X-Tenant': 'godevops'} json=None</msg>
<msg timestamp="20181101 15:04:45.142" level="INFO">${resp} = &lt;Response [200]&gt;</msg>
<status status="PASS" starttime="20181101 15:04:44.788" endtime="20181101 15:04:45.143"></status>
</kw>
<kw name="Should Be Equal As Strings" library="BuiltIn">
<doc>Fails if objects are unequal after converting them to strings.</doc>
<arguments>
<arg>${resp.status_code}</arg>
<arg>200</arg>
</arguments>
<msg timestamp="20181101 15:04:45.145" level="INFO">Argument types are:
&lt;class 'int'&gt;
&lt;type 'unicode'&gt;</msg>
<status status="PASS" starttime="20181101 15:04:45.144" endtime="20181101 15:04:45.145"></status>
</kw>
<kw name="Set Variable" library="BuiltIn">
<doc>Returns the given values which can then be assigned to a variables.</doc>
<arguments>
<arg>${resp.json()}</arg>
</arguments>
<assign>
<var>${content}</var>
</assign>
<msg timestamp="20181101 15:04:45.147" level="INFO">${content} = {'metadata': {'total': 1}, 'items': [{'id': '5bdaa35516da9c0001a6c9f7', 'name': '285a131-181101145524', 'pipelineID': '5bdaa35516da9c0001a6c9f6', 'trigger': 'admin', 'performParams': {'ref': 'refs/hea...</msg>
<status status="PASS" starttime="20181101 15:04:45.146" endtime="20181101 15:04:45.147"></status>
</kw>
<kw name="Set Variable" library="BuiltIn">
<doc>Returns the given values which can then be assigned to a variables.</doc>
<arguments>
<arg>${content['items'][0]['status']}</arg>
</arguments>
<assign>
<var>${result}</var>
</assign>
<msg timestamp="20181101 15:04:45.148" level="INFO">${result} = Running</msg>
<status status="PASS" starttime="20181101 15:04:45.147" endtime="20181101 15:04:45.149"></status>
</kw>
<msg timestamp="20181101 15:04:45.149" level="INFO">${return} = Running</msg>
<status status="PASS" starttime="20181101 15:04:44.782" endtime="20181101 15:04:45.149"></status>
</kw>
<kw name="Run Keyword If" library="BuiltIn">
<doc>Runs the given keyword with the given arguments, if ``condition`` is true.</doc>
<arguments>
<arg>'${return}'=='Success'</arg>
<arg>Exit For Loop</arg>
</arguments>
<status status="PASS" starttime="20181101 15:04:45.150" endtime="20181101 15:04:45.151"></status>
</kw>
<kw name="Run Keyword If" library="BuiltIn">
<doc>Runs the given keyword with the given arguments, if ``condition`` is true.</doc>
<arguments>
<arg>'${return}'=='Failed'</arg>
<arg>Exit For Loop</arg>
</arguments>
<status status="PASS" starttime="20181101 15:04:45.151" endtime="20181101 15:04:45.152"></status>
</kw>
<status status="PASS" starttime="20181101 15:03:44.779" endtime="20181101 15:04:45.152"></status>
</kw>
<kw name="${i} = 8" type="foritem">
<kw name="Sleep" library="BuiltIn">
<doc>Pauses the test executed for the given time.</doc>
<arguments>
<arg>60</arg>
</arguments>
<msg timestamp="20181101 15:05:45.155" level="INFO">Slept 1 minute</msg>
<status status="PASS" starttime="20181101 15:04:45.153" endtime="20181101 15:05:45.155"></status>
</kw>
<kw name="devops_pipeline执行结果" library="devopsAPI业务关键词">
<arguments>
<arg>${repo_type}</arg>
<arg>${workspace}</arg>
<arg>${pipeline}</arg>
</arguments>
<assign>
<var>${return}</var>
</assign>
<kw name="Create Dictionary" library="BuiltIn">
<doc>Creates and returns a dictionary based on the given ``items``.</doc>
<arguments>
<arg>Content-Type=application/json</arg>
<arg>Authorization=Basic YWRtaW46UHdkMTIzNDU2</arg>
<arg>X-Tenant=${namespace}</arg>
</arguments>
<assign>
<var>${header}</var>
</assign>
<msg timestamp="20181101 15:05:45.158" level="INFO">${header} = {'Content-Type': 'application/json', 'Authorization': 'Basic YWRtaW46UHdkMTIzNDU2', 'X-Tenant': 'godevops'}</msg>
<status status="PASS" starttime="20181101 15:05:45.157" endtime="20181101 15:05:45.158"></status>
</kw>
<kw name="Create Session" library="RequestsLibrary">
<doc>Create Session: create a HTTP session to a server</doc>
<arguments>
<arg>compass</arg>
<arg>http://${compass_ip}:${api_port}/apis/admin.devops.caicloud.io</arg>
<arg>${header}</arg>
</arguments>
<msg timestamp="20181101 15:05:45.161" level="INFO">Creating Session using : alias=compass, url=http://192.168.129.30:6002/apis/admin.devops.caicloud.io, headers={'Content-Type': 'application/json', 'Authorization': 'Basic YWRtaW46UHdkMTIzNDU2', 'X-Tenant': 'godevops'},                     cookies=None, auth=None, timeout=None, proxies=None, verify=False,                     debug=0 </msg>
<status status="PASS" starttime="20181101 15:05:45.159" endtime="20181101 15:05:45.161"></status>
</kw>
<kw name="Get Request" library="RequestsLibrary">
<doc>Send a GET request on the session object found using the</doc>
<arguments>
<arg>compass</arg>
<arg>v1/workspaces/${workspace}/pipelines/${pipeline}/records</arg>
<arg>headers=${header}</arg>
</arguments>
<assign>
<var>${resp}</var>
</assign>
<msg timestamp="20181101 15:05:45.456" level="INFO">Get Request using : alias=compass, uri=v1/workspaces/abcgithub/pipelines/abcgithub/records, headers={'Content-Type': 'application/json', 'Authorization': 'Basic YWRtaW46UHdkMTIzNDU2', 'X-Tenant': 'godevops'} json=None</msg>
<msg timestamp="20181101 15:05:45.457" level="INFO">${resp} = &lt;Response [200]&gt;</msg>
<status status="PASS" starttime="20181101 15:05:45.162" endtime="20181101 15:05:45.457"></status>
</kw>
<kw name="Should Be Equal As Strings" library="BuiltIn">
<doc>Fails if objects are unequal after converting them to strings.</doc>
<arguments>
<arg>${resp.status_code}</arg>
<arg>200</arg>
</arguments>
<msg timestamp="20181101 15:05:45.460" level="INFO">Argument types are:
&lt;class 'int'&gt;
&lt;type 'unicode'&gt;</msg>
<status status="PASS" starttime="20181101 15:05:45.458" endtime="20181101 15:05:45.460"></status>
</kw>
<kw name="Set Variable" library="BuiltIn">
<doc>Returns the given values which can then be assigned to a variables.</doc>
<arguments>
<arg>${resp.json()}</arg>
</arguments>
<assign>
<var>${content}</var>
</assign>
<msg timestamp="20181101 15:05:45.463" level="INFO">${content} = {'metadata': {'total': 1}, 'items': [{'id': '5bdaa35516da9c0001a6c9f7', 'name': '285a131-181101145524', 'pipelineID': '5bdaa35516da9c0001a6c9f6', 'trigger': 'admin', 'performParams': {'ref': 'refs/hea...</msg>
<status status="PASS" starttime="20181101 15:05:45.461" endtime="20181101 15:05:45.463"></status>
</kw>
<kw name="Set Variable" library="BuiltIn">
<doc>Returns the given values which can then be assigned to a variables.</doc>
<arguments>
<arg>${content['items'][0]['status']}</arg>
</arguments>
<assign>
<var>${result}</var>
</assign>
<msg timestamp="20181101 15:05:45.465" level="INFO">${result} = Success</msg>
<status status="PASS" starttime="20181101 15:05:45.464" endtime="20181101 15:05:45.465"></status>
</kw>
<msg timestamp="20181101 15:05:45.466" level="INFO">${return} = Success</msg>
<status status="PASS" starttime="20181101 15:05:45.156" endtime="20181101 15:05:45.466"></status>
</kw>
<kw name="Run Keyword If" library="BuiltIn">
<doc>Runs the given keyword with the given arguments, if ``condition`` is true.</doc>
<arguments>
<arg>'${return}'=='Success'</arg>
<arg>Exit For Loop</arg>
</arguments>
<kw name="Exit For Loop" library="BuiltIn">
<doc>Stops executing the enclosing for loop.</doc>
<msg timestamp="20181101 15:05:45.470" level="INFO">Exiting for loop altogether.</msg>
<status status="PASS" starttime="20181101 15:05:45.470" endtime="20181101 15:05:45.471"></status>
</kw>
<status status="PASS" starttime="20181101 15:05:45.468" endtime="20181101 15:05:45.472"></status>
</kw>
<status status="PASS" starttime="20181101 15:04:45.152" endtime="20181101 15:05:45.473"></status>
</kw>
<status status="PASS" starttime="20181101 14:56:41.699" endtime="20181101 15:05:45.473"></status>
</kw>
<msg timestamp="20181101 15:05:45.474" level="INFO">${return} = Success</msg>
<status status="PASS" starttime="20181101 14:56:41.698" endtime="20181101 15:05:45.475"></status>
</kw>
<kw name="Log" library="BuiltIn">
<doc>Logs the given message with the given level.</doc>
<arguments>
<arg>断言执行结果为success</arg>
</arguments>
<msg timestamp="20181101 15:05:45.476" level="INFO">断言执行结果为success</msg>
<status status="PASS" starttime="20181101 15:05:45.475" endtime="20181101 15:05:45.476"></status>
</kw>
<kw name="Run Keyword And Continue On Failure" library="BuiltIn">
<doc>Runs the keyword and continues execution even if a failure occurs.</doc>
<arguments>
<arg>Should Be Equal As Strings</arg>
<arg>'${return}'</arg>
<arg>'Success'</arg>
</arguments>
<kw name="Should Be Equal As Strings" library="BuiltIn">
<doc>Fails if objects are unequal after converting them to strings.</doc>
<arguments>
<arg>'${return}'</arg>
<arg>'Success'</arg>
</arguments>
<status status="PASS" starttime="20181101 15:05:45.478" endtime="20181101 15:05:45.479"></status>
</kw>
<status status="PASS" starttime="20181101 15:05:45.477" endtime="20181101 15:05:45.479"></status>
</kw>
<kw name="Log" library="BuiltIn">
<doc>Logs the given message with the given level.</doc>
<arguments>
<arg>删除流水线组</arg>
</arguments>
<msg timestamp="20181101 15:05:45.481" level="INFO">删除流水线组</msg>
<status status="PASS" starttime="20181101 15:05:45.480" endtime="20181101 15:05:45.481"></status>
</kw>
<kw name="devops_删除workspace" library="devopsAPI业务关键词">
<arguments>
<arg>github</arg>
<arg>${workspaceName_github}</arg>
</arguments>
<kw name="Create Dictionary" library="BuiltIn">
<doc>Creates and returns a dictionary based on the given ``items``.</doc>
<arguments>
<arg>Content-Type=application/json</arg>
<arg>Authorization=Basic YWRtaW46UHdkMTIzNDU2</arg>
<arg>X-Tenant=${namespace}</arg>
</arguments>
<assign>
<var>${header}</var>
</assign>
<msg timestamp="20181101 15:05:45.484" level="INFO">${header} = {'Content-Type': 'application/json', 'Authorization': 'Basic YWRtaW46UHdkMTIzNDU2', 'X-Tenant': 'godevops'}</msg>
<status status="PASS" starttime="20181101 15:05:45.483" endtime="20181101 15:05:45.484"></status>
</kw>
<kw name="Create Session" library="RequestsLibrary">
<doc>Create Session: create a HTTP session to a server</doc>
<arguments>
<arg>compass</arg>
<arg>http://${compass_ip}:${api_port}/apis/admin.devops.caicloud.io</arg>
<arg>${header}</arg>
</arguments>
<msg timestamp="20181101 15:05:45.486" level="INFO">Creating Session using : alias=compass, url=http://192.168.129.30:6002/apis/admin.devops.caicloud.io, headers={'Content-Type': 'application/json', 'Authorization': 'Basic YWRtaW46UHdkMTIzNDU2', 'X-Tenant': 'godevops'},                     cookies=None, auth=None, timeout=None, proxies=None, verify=False,                     debug=0 </msg>
<status status="PASS" starttime="20181101 15:05:45.485" endtime="20181101 15:05:45.486"></status>
</kw>
<kw name="Delete Request" library="RequestsLibrary">
<doc>Send a DELETE request on the session object found using the</doc>
<arguments>
<arg>compass</arg>
<arg>/v1/workspaces/${workspace}</arg>
<arg>headers=${header}</arg>
</arguments>
<assign>
<var>${resp}</var>
</assign>
<msg timestamp="20181101 15:05:45.891" level="INFO">Delete Request using : alias=compass, uri=/v1/workspaces/abcgithub, data=[],                     headers={'Content-Type': 'application/json', 'Authorization': 'Basic YWRtaW46UHdkMTIzNDU2', 'X-Tenant': 'godevops'}, allow_redirects=True </msg>
<msg timestamp="20181101 15:05:45.892" level="INFO">${resp} = &lt;Response [204]&gt;</msg>
<status status="PASS" starttime="20181101 15:05:45.487" endtime="20181101 15:05:45.893"></status>
</kw>
<kw name="Should Be Equal As Strings" library="BuiltIn">
<doc>Fails if objects are unequal after converting them to strings.</doc>
<arguments>
<arg>${resp.status_code}</arg>
<arg>204</arg>
</arguments>
<msg timestamp="20181101 15:05:45.895" level="INFO">Argument types are:
&lt;class 'int'&gt;
&lt;type 'unicode'&gt;</msg>
<status status="PASS" starttime="20181101 15:05:45.894" endtime="20181101 15:05:45.895"></status>
</kw>
<status status="PASS" starttime="20181101 15:05:45.482" endtime="20181101 15:05:45.895"></status>
</kw>
<status status="PASS" starttime="20181101 14:56:38.613" endtime="20181101 15:05:45.896" critical="yes"></status>
</test>
<status status="PASS" starttime="20181101 14:56:38.353" endtime="20181101 15:05:45.898"></status>
</suite>
<status status="PASS" starttime="20181101 14:56:38.349" endtime="20181101 15:05:45.902"></status>
</suite>
<status status="PASS" starttime="20181101 14:56:38.345" endtime="20181101 15:05:45.905"></status>
</suite>
<status status="PASS" starttime="20181101 14:56:38.312" endtime="20181101 15:05:45.907"></status>
</suite>
<statistics>
<total>
<stat pass="1" fail="0">Critical Tests</stat>
<stat pass="1" fail="0">All Tests</stat>
</total>
<tag>
</tag>
<suite>
<stat pass="1" fail="0" id="s1" name="Devops">Devops</stat>
<stat pass="1" fail="0" id="s1-s1" name="测试用例">Devops.测试用例</stat>
<stat pass="1" fail="0" id="s1-s1-s1" name="API">Devops.测试用例.API</stat>
<stat pass="1" fail="0" id="s1-s1-s1-s1" name="API">Devops.测试用例.API.API</stat>
</suite>
</statistics>
<errors>
</errors>
</robot>
